#
# There is insufficient memory for the Java Runtime Environment to continue.
# Native memory allocation (malloc) failed to allocate 1299056 bytes. Error detail: Chunk::new
# Possible reasons:
#   The system is out of physical RAM or swap space
#   This process is running with CompressedOops enabled, and the Java Heap may be blocking the growth of the native heap
# Possible solutions:
#   Reduce memory load on the system
#   Increase physical memory or swap space
#   Check if swap backing store is full
#   Decrease Java heap size (-Xmx/-Xms)
#   Decrease number of Java threads
#   Decrease Java thread stack sizes (-Xss)
#   Set larger code cache with -XX:ReservedCodeCacheSize=
#   JVM is running with Unscaled Compressed Oops mode in which the Java heap is
#     placed in the first 4GB address space. The Java Heap base address is the
#     maximum limit for the native heap growth. Please use -XX:HeapBaseMinAddress
#     to set the Java Heap base and to place the Java Heap above 4GB virtual address.
# This output file may be truncated or incomplete.
#
#  Out of Memory Error (arena.cpp:191), pid=15304, tid=5740
#
# JRE version: OpenJDK Runtime Environment Corretto-17.0.12.7.1 (17.0.12+7) (build 17.0.12+7-LTS)
# Java VM: OpenJDK 64-Bit Server VM Corretto-17.0.12.7.1 (17.0.12+7-LTS, mixed mode, sharing, tiered, compressed oops, compressed class ptrs, g1 gc, windows-amd64)
# No core dump will be written. Minidumps are not enabled by default on client versions of Windows
#

---------------  S U M M A R Y ------------

Command Line: --add-opens=java.base/java.lang=ALL-UNNAMED --add-opens=java.base/java.lang.invoke=ALL-UNNAMED --add-opens=java.base/java.util=ALL-UNNAMED --add-opens=java.prefs/java.util.prefs=ALL-UNNAMED --add-exports=jdk.compiler/com.sun.tools.javac.api=ALL-UNNAMED --add-exports=jdk.compiler/com.sun.tools.javac.util=ALL-UNNAMED --add-opens=java.base/java.util=ALL-UNNAMED --add-opens=java.prefs/java.util.prefs=ALL-UNNAMED --add-opens=java.base/java.nio.charset=ALL-UNNAMED --add-opens=java.base/java.net=ALL-UNNAMED --add-opens=java.base/java.util.concurrent.atomic=ALL-UNNAMED --add-opens=java.xml/javax.xml.namespace=ALL-UNNAMED -XX:MaxMetaspaceSize=384m -XX:+HeapDumpOnOutOfMemoryError -Xms256m -Xmx512m -Dfile.encoding=UTF-8 -Duser.country=US -Duser.language=en -Duser.variant -javaagent:D:\codegym\module3\demo\wrapper\dists\gradle-8.11.1-bin\bpt9gzteqjrbo1mjrsomdt32c\gradle-8.11.1\lib\agents\gradle-instrumentation-agent-8.11.1.jar org.gradle.launcher.daemon.bootstrap.GradleDaemon 8.11.1

Host: Intel(R) Core(TM) i5-5200U CPU @ 2.20GHz, 4 cores, 7G,  Windows 10 , 64 bit Build 19041 (10.0.19041.3031)
Time: Wed Dec 25 03:01:58 2024 SE Asia Standard Time elapsed time: 213.119144 seconds (0d 0h 3m 33s)

---------------  T H R E A D  ---------------

Current thread (0x000002cca6a2f0f0):  JavaThread "C2 CompilerThread0" daemon [_thread_in_native, id=5740, stack(0x000000f4e4600000,0x000000f4e4700000)]


Current CompileTask:
C2: 213119 6804       4       groovy.lang.MetaClassImpl::checkIfStdMethod (178 bytes)

Stack: [0x000000f4e4600000,0x000000f4e4700000]
Native frames: (J=compiled Java code, j=interpreted, Vv=VM code, C=native code)
V  [jvm.dll+0x67f4f9]
V  [jvm.dll+0x836eaa]
V  [jvm.dll+0x83896e]
V  [jvm.dll+0x838fd3]
V  [jvm.dll+0x247f6f]
V  [jvm.dll+0xac9d4]
V  [jvm.dll+0xad01c]
V  [jvm.dll+0x367042]
V  [jvm.dll+0x33156a]
V  [jvm.dll+0x330a0a]
V  [jvm.dll+0x21a501]
V  [jvm.dll+0x219941]
V  [jvm.dll+0x1a57bd]
V  [jvm.dll+0x22966d]
V  [jvm.dll+0x22781c]
V  [jvm.dll+0x7ebec7]
V  [jvm.dll+0x7e62ac]
V  [jvm.dll+0x67e3c7]
C  [ucrtbase.dll+0x21bb2]
C  [KERNEL32.DLL+0x17614]
C  [ntdll.dll+0x526f1]


---------------  P R O C E S S  ---------------

Threads class SMR info:
_java_thread_list=0x000002ccc3087fb0, length=48, elements={
0x000002cc8c723920, 0x000002cca6a17170, 0x000002cca6a18f10, 0x000002cca6a29860,
0x000002cca6a2a330, 0x000002cca6a2cc10, 0x000002cca6a2d4e0, 0x000002cca6a2f0f0,
0x000002cca6a30e10, 0x000002cca6a9ea90, 0x000002cca6c36040, 0x000002cca6d6c600,
0x000002ccc0a555e0, 0x000002cca6c31ca0, 0x000002ccc08575d0, 0x000002ccc14a2af0,
0x000002ccc0bf1d60, 0x000002ccc080ce00, 0x000002ccc080c8f0, 0x000002ccc080d310,
0x000002ccc080b9c0, 0x000002ccc080bed0, 0x000002ccc080c3e0, 0x000002ccc1dbdde0,
0x000002ccc1dc1080, 0x000002ccc1dbc9a0, 0x000002ccc1dc0150, 0x000002ccc1dbf220,
0x000002ccc1dc1590, 0x000002ccc1dbd8d0, 0x000002ccc1dbf730, 0x000002ccc1dbe800,
0x000002ccc1dc0660, 0x000002ccc1dc1fb0, 0x000002ccc1dbe2f0, 0x000002ccc1dbfc40,
0x000002ccc1dc1aa0, 0x000002ccc1dc24c0, 0x000002ccc1dbb560, 0x000002ccc1dbba70,
0x000002ccc1dbbf80, 0x000002ccc1dbceb0, 0x000002ccc1dbc490, 0x000002ccc1dbd3c0,
0x000002ccc15ed510, 0x000002ccc15e8e30, 0x000002ccc15eda20, 0x000002ccc15e9340
}

Java Threads: ( => current thread )
  0x000002cc8c723920 JavaThread "main" [_thread_blocked, id=3064, stack(0x000000f4e3900000,0x000000f4e3a00000)]
  0x000002cca6a17170 JavaThread "Reference Handler" daemon [_thread_blocked, id=13676, stack(0x000000f4e4000000,0x000000f4e4100000)]
  0x000002cca6a18f10 JavaThread "Finalizer" daemon [_thread_blocked, id=7624, stack(0x000000f4e4100000,0x000000f4e4200000)]
  0x000002cca6a29860 JavaThread "Signal Dispatcher" daemon [_thread_blocked, id=9828, stack(0x000000f4e4200000,0x000000f4e4300000)]
  0x000002cca6a2a330 JavaThread "Attach Listener" daemon [_thread_blocked, id=4300, stack(0x000000f4e4300000,0x000000f4e4400000)]
  0x000002cca6a2cc10 JavaThread "Service Thread" daemon [_thread_blocked, id=16136, stack(0x000000f4e4400000,0x000000f4e4500000)]
  0x000002cca6a2d4e0 JavaThread "Monitor Deflation Thread" daemon [_thread_blocked, id=11096, stack(0x000000f4e4500000,0x000000f4e4600000)]
=>0x000002cca6a2f0f0 JavaThread "C2 CompilerThread0" daemon [_thread_in_native, id=5740, stack(0x000000f4e4600000,0x000000f4e4700000)]
  0x000002cca6a30e10 JavaThread "C1 CompilerThread0" daemon [_thread_blocked, id=10736, stack(0x000000f4e4700000,0x000000f4e4800000)]
  0x000002cca6a9ea90 JavaThread "Sweeper thread" daemon [_thread_blocked, id=14472, stack(0x000000f4e4800000,0x000000f4e4900000)]
  0x000002cca6c36040 JavaThread "Common-Cleaner" daemon [_thread_blocked, id=13596, stack(0x000000f4e4900000,0x000000f4e4a00000)]
  0x000002cca6d6c600 JavaThread "Notification Thread" daemon [_thread_blocked, id=8388, stack(0x000000f4e4a00000,0x000000f4e4b00000)]
  0x000002ccc0a555e0 JavaThread "Daemon health stats" [_thread_blocked, id=2332, stack(0x000000f4e5000000,0x000000f4e5100000)]
  0x000002cca6c31ca0 JavaThread "Incoming local TCP Connector on port 58492" [_thread_in_native, id=9864, stack(0x000000f4e5100000,0x000000f4e5200000)]
  0x000002ccc08575d0 JavaThread "Daemon periodic checks" [_thread_blocked, id=13520, stack(0x000000f4e5200000,0x000000f4e5300000)]
  0x000002ccc14a2af0 JavaThread "Daemon" [_thread_blocked, id=14612, stack(0x000000f4e5300000,0x000000f4e5400000)]
  0x000002ccc0bf1d60 JavaThread "Handler for socket connection from /127.0.0.1:58492 to /127.0.0.1:58494" [_thread_in_native, id=9280, stack(0x000000f4e5400000,0x000000f4e5500000)]
  0x000002ccc080ce00 JavaThread "Cancel handler" [_thread_blocked, id=3952, stack(0x000000f4e5500000,0x000000f4e5600000)]
  0x000002ccc080c8f0 JavaThread "Daemon worker" [_thread_in_Java, id=14016, stack(0x000000f4e5600000,0x000000f4e5700000)]
  0x000002ccc080d310 JavaThread "Asynchronous log dispatcher for DefaultDaemonConnection: socket connection from /127.0.0.1:58492 to /127.0.0.1:58494" [_thread_blocked, id=3028, stack(0x000000f4e5700000,0x000000f4e5800000)]
  0x000002ccc080b9c0 JavaThread "Stdin handler" [_thread_blocked, id=244, stack(0x000000f4e5800000,0x000000f4e5900000)]
  0x000002ccc080bed0 JavaThread "Daemon client event forwarder" [_thread_blocked, id=10896, stack(0x000000f4e5900000,0x000000f4e5a00000)]
  0x000002ccc080c3e0 JavaThread "Cache worker for journal cache (D:\codegym\module3\demo\caches\journal-1)" [_thread_blocked, id=2896, stack(0x000000f4e5a00000,0x000000f4e5b00000)]
  0x000002ccc1dbdde0 JavaThread "File lock request listener" [_thread_in_native, id=4196, stack(0x000000f4e5b00000,0x000000f4e5c00000)]
  0x000002ccc1dc1080 JavaThread "Cache worker for file hash cache (D:\codegym\module3\demo\caches\8.11.1\fileHashes)" [_thread_blocked, id=3960, stack(0x000000f4e5c00000,0x000000f4e5d00000)]
  0x000002ccc1dbc9a0 JavaThread "File lock release action executor" [_thread_blocked, id=10648, stack(0x000000f4e5d00000,0x000000f4e5e00000)]
  0x000002ccc1dc0150 JavaThread "Cache worker for file content cache (D:\codegym\module3\demo\caches\8.11.1\fileContent)" [_thread_blocked, id=12560, stack(0x000000f4e5e00000,0x000000f4e5f00000)]
  0x000002ccc1dbf220 JavaThread "Cache worker for file hash cache (D:\codegym\module4\quanlynha\.gradle\8.11.1\fileHashes)" [_thread_blocked, id=984, stack(0x000000f4e5f00000,0x000000f4e6000000)]
  0x000002ccc1dc1590 JavaThread "Cache worker for Build Output Cleanup Cache (D:\codegym\module4\quanlynha\.gradle\buildOutputCleanup)" [_thread_blocked, id=10028, stack(0x000000f4e6000000,0x000000f4e6100000)]
  0x000002ccc1dbd8d0 JavaThread "File watcher server" daemon [_thread_in_native, id=10576, stack(0x000000f4e6100000,0x000000f4e6200000)]
  0x000002ccc1dbf730 JavaThread "File watcher consumer" daemon [_thread_blocked, id=1968, stack(0x000000f4e6200000,0x000000f4e6300000)]
  0x000002ccc1dbe800 JavaThread "Cache worker for checksums cache (D:\codegym\module4\quanlynha\.gradle\8.11.1\checksums)" [_thread_blocked, id=16168, stack(0x000000f4e6300000,0x000000f4e6400000)]
  0x000002ccc1dc0660 JavaThread "Cache worker for cache directory md-rule (D:\codegym\module3\demo\caches\8.11.1\md-rule)" [_thread_blocked, id=13668, stack(0x000000f4e6400000,0x000000f4e6500000)]
  0x000002ccc1dc1fb0 JavaThread "Cache worker for cache directory md-supplier (D:\codegym\module3\demo\caches\8.11.1\md-supplier)" [_thread_blocked, id=248, stack(0x000000f4e6500000,0x000000f4e6600000)]
  0x000002ccc1dbe2f0 JavaThread "jar transforms" [_thread_blocked, id=15940, stack(0x000000f4e6600000,0x000000f4e6700000)]
  0x000002ccc1dbfc40 JavaThread "jar transforms Thread 2" [_thread_blocked, id=3144, stack(0x000000f4e6700000,0x000000f4e6800000)]
  0x000002ccc1dc1aa0 JavaThread "jar transforms Thread 3" [_thread_blocked, id=11360, stack(0x000000f4e6a00000,0x000000f4e6b00000)]
  0x000002ccc1dc24c0 JavaThread "jar transforms Thread 4" [_thread_blocked, id=12352, stack(0x000000f4e6b00000,0x000000f4e6c00000)]
  0x000002ccc1dbb560 JavaThread "Unconstrained build operations" [_thread_blocked, id=14504, stack(0x000000f4e3700000,0x000000f4e3800000)]
  0x000002ccc1dbba70 JavaThread "Unconstrained build operations Thread 2" [_thread_blocked, id=6524, stack(0x000000f4e3800000,0x000000f4e3900000)]
  0x000002ccc1dbbf80 JavaThread "Unconstrained build operations Thread 3" [_thread_blocked, id=14540, stack(0x000000f4e6c00000,0x000000f4e6d00000)]
  0x000002ccc1dbceb0 JavaThread "Unconstrained build operations Thread 4" [_thread_blocked, id=8852, stack(0x000000f4e6d00000,0x000000f4e6e00000)]
  0x000002ccc1dbc490 JavaThread "Unconstrained build operations Thread 5" [_thread_blocked, id=15436, stack(0x000000f4e6e00000,0x000000f4e6f00000)]
  0x000002ccc1dbd3c0 JavaThread "Unconstrained build operations Thread 6" [_thread_blocked, id=4232, stack(0x000000f4e6f00000,0x000000f4e7000000)]
  0x000002ccc15ed510 JavaThread "Unconstrained build operations Thread 7" [_thread_blocked, id=8468, stack(0x000000f4e6800000,0x000000f4e6900000)]
  0x000002ccc15e8e30 JavaThread "Unconstrained build operations Thread 8" [_thread_blocked, id=14564, stack(0x000000f4e7000000,0x000000f4e7100000)]
  0x000002ccc15eda20 JavaThread "Unconstrained build operations Thread 9" [_thread_blocked, id=8352, stack(0x000000f4e7100000,0x000000f4e7200000)]
  0x000002ccc15e9340 JavaThread "Memory manager" [_thread_blocked, id=10608, stack(0x000000f4e7200000,0x000000f4e7300000)]

Other Threads:
  0x000002cca6a125f0 VMThread "VM Thread" [stack: 0x000000f4e3f00000,0x000000f4e4000000] [id=14740]
  0x000002cc8c7247f0 WatcherThread [stack: 0x000000f4e4b00000,0x000000f4e4c00000] [id=192]
  0x000002cc8c750530 GCTaskThread "GC Thread#0" [stack: 0x000000f4e3a00000,0x000000f4e3b00000] [id=6036]
  0x000002cca6d8ed50 GCTaskThread "GC Thread#1" [stack: 0x000000f4e4d00000,0x000000f4e4e00000] [id=15064]
  0x000002cca6d8f010 GCTaskThread "GC Thread#2" [stack: 0x000000f4e4e00000,0x000000f4e4f00000] [id=11272]
  0x000002cca6eea560 GCTaskThread "GC Thread#3" [stack: 0x000000f4e4f00000,0x000000f4e5000000] [id=12404]
  0x000002cc8c7563a0 ConcurrentGCThread "G1 Main Marker" [stack: 0x000000f4e3b00000,0x000000f4e3c00000] [id=9480]
  0x000002cc8c756cd0 ConcurrentGCThread "G1 Conc#0" [stack: 0x000000f4e3c00000,0x000000f4e3d00000] [id=14288]
  0x000002cc8c7ed270 ConcurrentGCThread "G1 Refine#0" [stack: 0x000000f4e3d00000,0x000000f4e3e00000] [id=5376]
  0x000002ccc071e8b0 ConcurrentGCThread "G1 Refine#1" [stack: 0x000000f4e4c00000,0x000000f4e4d00000] [id=11696]
  0x000002cca6e6c7f0 ConcurrentGCThread "G1 Refine#2" [stack: 0x000000f4e6900000,0x000000f4e6a00000] [id=15672]
  0x000002cc8c7eebc0 ConcurrentGCThread "G1 Service" [stack: 0x000000f4e3e00000,0x000000f4e3f00000] [id=4048]

Threads with active compile tasks:
C2 CompilerThread0   213148 6804       4       groovy.lang.MetaClassImpl::checkIfStdMethod (178 bytes)

VM state: not at safepoint (normal execution)

VM Mutex/Monitor currently owned by a thread: None

Heap address: 0x00000000e0000000, size: 512 MB, Compressed Oops mode: 32-bit

CDS archive(s) mapped at: [0x000002cca7000000-0x000002cca7bb0000-0x000002cca7bb0000), size 12255232, SharedBaseAddress: 0x000002cca7000000, ArchiveRelocationMode: 1.
Compressed class space mapped at: 0x000002cca8000000-0x000002ccbc000000, reserved size: 335544320
Narrow klass base: 0x000002cca7000000, Narrow klass shift: 0, Narrow klass range: 0x100000000

GC Precious Log:
 CPUs: 4 total, 4 available
 Memory: 8097M
 Large Page Support: Disabled
 NUMA Support: Disabled
 Compressed Oops: Enabled (32-bit)
 Heap Region Size: 1M
 Heap Min Capacity: 256M
 Heap Initial Capacity: 256M
 Heap Max Capacity: 512M
 Pre-touch: Disabled
 Parallel Workers: 4
 Concurrent Workers: 1
 Concurrent Refinement Workers: 4
 Periodic GC: Disabled

Heap:
 garbage-first heap   total 262144K, used 73118K [0x00000000e0000000, 0x0000000100000000)
  region size 1024K, 52 young (53248K), 15 survivors (15360K)
 Metaspace       used 50120K, committed 50688K, reserved 393216K
  class space    used 7101K, committed 7360K, reserved 327680K

Heap Regions: E=young(eden), S=young(survivor), O=old, HS=humongous(starts), HC=humongous(continues), CS=collection set, F=free, OA=open archive, CA=closed archive, TAMS=top-at-mark-start (previous, next)
|   0|0x00000000e0000000, 0x00000000e0100000, 0x00000000e0100000|100%|HS|  |TAMS 0x00000000e0100000, 0x00000000e0000000| Complete 
|   1|0x00000000e0100000, 0x00000000e0200000, 0x00000000e0200000|100%|HC|  |TAMS 0x00000000e0200000, 0x00000000e0100000| Complete 
|   2|0x00000000e0200000, 0x00000000e0300000, 0x00000000e0300000|100%|HC|  |TAMS 0x00000000e0300000, 0x00000000e0200000| Complete 
|   3|0x00000000e0300000, 0x00000000e0400000, 0x00000000e0400000|100%| O|  |TAMS 0x00000000e0400000, 0x00000000e0300000| Untracked 
|   4|0x00000000e0400000, 0x00000000e0500000, 0x00000000e0500000|100%| O|  |TAMS 0x00000000e0500000, 0x00000000e0400000| Untracked 
|   5|0x00000000e0500000, 0x00000000e0600000, 0x00000000e0600000|100%| O|  |TAMS 0x00000000e0600000, 0x00000000e0500000| Untracked 
|   6|0x00000000e0600000, 0x00000000e0700000, 0x00000000e0700000|100%| O|  |TAMS 0x00000000e0700000, 0x00000000e0600000| Untracked 
|   7|0x00000000e0700000, 0x00000000e0800000, 0x00000000e0800000|100%|HS|  |TAMS 0x00000000e0800000, 0x00000000e0700000| Complete 
|   8|0x00000000e0800000, 0x00000000e0900000, 0x00000000e0900000|100%| O|  |TAMS 0x00000000e0900000, 0x00000000e0800000| Untracked 
|   9|0x00000000e0900000, 0x00000000e0a00000, 0x00000000e0a00000|100%| O|  |TAMS 0x00000000e0a00000, 0x00000000e0900000| Untracked 
|  10|0x00000000e0a00000, 0x00000000e0b00000, 0x00000000e0b00000|100%| O|  |TAMS 0x00000000e0b00000, 0x00000000e0a00000| Untracked 
|  11|0x00000000e0b00000, 0x00000000e0c00000, 0x00000000e0c00000|100%| O|  |TAMS 0x00000000e0c00000, 0x00000000e0b00000| Untracked 
|  12|0x00000000e0c00000, 0x00000000e0d00000, 0x00000000e0d00000|100%| O|  |TAMS 0x00000000e0d00000, 0x00000000e0c00000| Untracked 
|  13|0x00000000e0d00000, 0x00000000e0e00000, 0x00000000e0e00000|100%| O|  |TAMS 0x00000000e0e00000, 0x00000000e0d00000| Untracked 
|  14|0x00000000e0e00000, 0x00000000e0f00000, 0x00000000e0f00000|100%| O|  |TAMS 0x00000000e0f00000, 0x00000000e0e00000| Untracked 
|  15|0x00000000e0f00000, 0x00000000e1000000, 0x00000000e1000000|100%| O|  |TAMS 0x00000000e1000000, 0x00000000e0f00000| Untracked 
|  16|0x00000000e1000000, 0x00000000e1100000, 0x00000000e1100000|100%| O|  |TAMS 0x00000000e1100000, 0x00000000e1000000| Untracked 
|  17|0x00000000e1100000, 0x00000000e1200000, 0x00000000e1200000|100%| O|  |TAMS 0x00000000e1200000, 0x00000000e1100000| Untracked 
|  18|0x00000000e1200000, 0x00000000e1300000, 0x00000000e1300000|100%| O|  |TAMS 0x00000000e1300000, 0x00000000e1200000| Untracked 
|  19|0x00000000e1300000, 0x00000000e1400000, 0x00000000e1400000|100%| O|  |TAMS 0x00000000e1400000, 0x00000000e1300000| Untracked 
|  20|0x00000000e1400000, 0x00000000e1500000, 0x00000000e1500000|100%| O|  |TAMS 0x00000000e1500000, 0x00000000e1400000| Untracked 
|  21|0x00000000e1500000, 0x00000000e150b200, 0x00000000e1600000|  4%| O|  |TAMS 0x00000000e150b200, 0x00000000e1500000| Untracked 
|  22|0x00000000e1600000, 0x00000000e1600000, 0x00000000e1700000|  0%| F|  |TAMS 0x00000000e1600000, 0x00000000e1600000| Untracked 
|  23|0x00000000e1700000, 0x00000000e1700000, 0x00000000e1800000|  0%| F|  |TAMS 0x00000000e1700000, 0x00000000e1700000| Untracked 
|  24|0x00000000e1800000, 0x00000000e1800000, 0x00000000e1900000|  0%| F|  |TAMS 0x00000000e1800000, 0x00000000e1800000| Untracked 
|  25|0x00000000e1900000, 0x00000000e1900000, 0x00000000e1a00000|  0%| F|  |TAMS 0x00000000e1900000, 0x00000000e1900000| Untracked 
|  26|0x00000000e1a00000, 0x00000000e1a00000, 0x00000000e1b00000|  0%| F|  |TAMS 0x00000000e1a00000, 0x00000000e1a00000| Untracked 
|  27|0x00000000e1b00000, 0x00000000e1b00000, 0x00000000e1c00000|  0%| F|  |TAMS 0x00000000e1b00000, 0x00000000e1b00000| Untracked 
|  28|0x00000000e1c00000, 0x00000000e1c00000, 0x00000000e1d00000|  0%| F|  |TAMS 0x00000000e1c00000, 0x00000000e1c00000| Untracked 
|  29|0x00000000e1d00000, 0x00000000e1d00000, 0x00000000e1e00000|  0%| F|  |TAMS 0x00000000e1d00000, 0x00000000e1d00000| Untracked 
|  30|0x00000000e1e00000, 0x00000000e1e00000, 0x00000000e1f00000|  0%| F|  |TAMS 0x00000000e1e00000, 0x00000000e1e00000| Untracked 
|  31|0x00000000e1f00000, 0x00000000e1f00000, 0x00000000e2000000|  0%| F|  |TAMS 0x00000000e1f00000, 0x00000000e1f00000| Untracked 
|  32|0x00000000e2000000, 0x00000000e2000000, 0x00000000e2100000|  0%| F|  |TAMS 0x00000000e2000000, 0x00000000e2000000| Untracked 
|  33|0x00000000e2100000, 0x00000000e2100000, 0x00000000e2200000|  0%| F|  |TAMS 0x00000000e2100000, 0x00000000e2100000| Untracked 
|  34|0x00000000e2200000, 0x00000000e2200000, 0x00000000e2300000|  0%| F|  |TAMS 0x00000000e2200000, 0x00000000e2200000| Untracked 
|  35|0x00000000e2300000, 0x00000000e2300000, 0x00000000e2400000|  0%| F|  |TAMS 0x00000000e2300000, 0x00000000e2300000| Untracked 
|  36|0x00000000e2400000, 0x00000000e2400000, 0x00000000e2500000|  0%| F|  |TAMS 0x00000000e2400000, 0x00000000e2400000| Untracked 
|  37|0x00000000e2500000, 0x00000000e2500000, 0x00000000e2600000|  0%| F|  |TAMS 0x00000000e2500000, 0x00000000e2500000| Untracked 
|  38|0x00000000e2600000, 0x00000000e2600000, 0x00000000e2700000|  0%| F|  |TAMS 0x00000000e2600000, 0x00000000e2600000| Untracked 
|  39|0x00000000e2700000, 0x00000000e2700000, 0x00000000e2800000|  0%| F|  |TAMS 0x00000000e2700000, 0x00000000e2700000| Untracked 
|  40|0x00000000e2800000, 0x00000000e2800000, 0x00000000e2900000|  0%| F|  |TAMS 0x00000000e2800000, 0x00000000e2800000| Untracked 
|  41|0x00000000e2900000, 0x00000000e2900000, 0x00000000e2a00000|  0%| F|  |TAMS 0x00000000e2900000, 0x00000000e2900000| Untracked 
|  42|0x00000000e2a00000, 0x00000000e2a00000, 0x00000000e2b00000|  0%| F|  |TAMS 0x00000000e2a00000, 0x00000000e2a00000| Untracked 
|  43|0x00000000e2b00000, 0x00000000e2b00000, 0x00000000e2c00000|  0%| F|  |TAMS 0x00000000e2b00000, 0x00000000e2b00000| Untracked 
|  44|0x00000000e2c00000, 0x00000000e2c00000, 0x00000000e2d00000|  0%| F|  |TAMS 0x00000000e2c00000, 0x00000000e2c00000| Untracked 
|  45|0x00000000e2d00000, 0x00000000e2d00000, 0x00000000e2e00000|  0%| F|  |TAMS 0x00000000e2d00000, 0x00000000e2d00000| Untracked 
|  46|0x00000000e2e00000, 0x00000000e2e00000, 0x00000000e2f00000|  0%| F|  |TAMS 0x00000000e2e00000, 0x00000000e2e00000| Untracked 
|  47|0x00000000e2f00000, 0x00000000e2f00000, 0x00000000e3000000|  0%| F|  |TAMS 0x00000000e2f00000, 0x00000000e2f00000| Untracked 
|  48|0x00000000e3000000, 0x00000000e3000000, 0x00000000e3100000|  0%| F|  |TAMS 0x00000000e3000000, 0x00000000e3000000| Untracked 
|  49|0x00000000e3100000, 0x00000000e3100000, 0x00000000e3200000|  0%| F|  |TAMS 0x00000000e3100000, 0x00000000e3100000| Untracked 
|  50|0x00000000e3200000, 0x00000000e3200000, 0x00000000e3300000|  0%| F|  |TAMS 0x00000000e3200000, 0x00000000e3200000| Untracked 
|  51|0x00000000e3300000, 0x00000000e3300000, 0x00000000e3400000|  0%| F|  |TAMS 0x00000000e3300000, 0x00000000e3300000| Untracked 
|  52|0x00000000e3400000, 0x00000000e3400000, 0x00000000e3500000|  0%| F|  |TAMS 0x00000000e3400000, 0x00000000e3400000| Untracked 
|  53|0x00000000e3500000, 0x00000000e3500000, 0x00000000e3600000|  0%| F|  |TAMS 0x00000000e3500000, 0x00000000e3500000| Untracked 
|  54|0x00000000e3600000, 0x00000000e3600000, 0x00000000e3700000|  0%| F|  |TAMS 0x00000000e3600000, 0x00000000e3600000| Untracked 
|  55|0x00000000e3700000, 0x00000000e3700000, 0x00000000e3800000|  0%| F|  |TAMS 0x00000000e3700000, 0x00000000e3700000| Untracked 
|  56|0x00000000e3800000, 0x00000000e3800000, 0x00000000e3900000|  0%| F|  |TAMS 0x00000000e3800000, 0x00000000e3800000| Untracked 
|  57|0x00000000e3900000, 0x00000000e3900000, 0x00000000e3a00000|  0%| F|  |TAMS 0x00000000e3900000, 0x00000000e3900000| Untracked 
|  58|0x00000000e3a00000, 0x00000000e3a00000, 0x00000000e3b00000|  0%| F|  |TAMS 0x00000000e3a00000, 0x00000000e3a00000| Untracked 
|  59|0x00000000e3b00000, 0x00000000e3b00000, 0x00000000e3c00000|  0%| F|  |TAMS 0x00000000e3b00000, 0x00000000e3b00000| Untracked 
|  60|0x00000000e3c00000, 0x00000000e3c00000, 0x00000000e3d00000|  0%| F|  |TAMS 0x00000000e3c00000, 0x00000000e3c00000| Untracked 
|  61|0x00000000e3d00000, 0x00000000e3d00000, 0x00000000e3e00000|  0%| F|  |TAMS 0x00000000e3d00000, 0x00000000e3d00000| Untracked 
|  62|0x00000000e3e00000, 0x00000000e3e00000, 0x00000000e3f00000|  0%| F|  |TAMS 0x00000000e3e00000, 0x00000000e3e00000| Untracked 
|  63|0x00000000e3f00000, 0x00000000e3f00000, 0x00000000e4000000|  0%| F|  |TAMS 0x00000000e3f00000, 0x00000000e3f00000| Untracked 
|  64|0x00000000e4000000, 0x00000000e4000000, 0x00000000e4100000|  0%| F|  |TAMS 0x00000000e4000000, 0x00000000e4000000| Untracked 
|  65|0x00000000e4100000, 0x00000000e4100000, 0x00000000e4200000|  0%| F|  |TAMS 0x00000000e4100000, 0x00000000e4100000| Untracked 
|  66|0x00000000e4200000, 0x00000000e4200000, 0x00000000e4300000|  0%| F|  |TAMS 0x00000000e4200000, 0x00000000e4200000| Untracked 
|  67|0x00000000e4300000, 0x00000000e4300000, 0x00000000e4400000|  0%| F|  |TAMS 0x00000000e4300000, 0x00000000e4300000| Untracked 
|  68|0x00000000e4400000, 0x00000000e4400000, 0x00000000e4500000|  0%| F|  |TAMS 0x00000000e4400000, 0x00000000e4400000| Untracked 
|  69|0x00000000e4500000, 0x00000000e4500000, 0x00000000e4600000|  0%| F|  |TAMS 0x00000000e4500000, 0x00000000e4500000| Untracked 
|  70|0x00000000e4600000, 0x00000000e4600000, 0x00000000e4700000|  0%| F|  |TAMS 0x00000000e4600000, 0x00000000e4600000| Untracked 
|  71|0x00000000e4700000, 0x00000000e4700000, 0x00000000e4800000|  0%| F|  |TAMS 0x00000000e4700000, 0x00000000e4700000| Untracked 
|  72|0x00000000e4800000, 0x00000000e4800000, 0x00000000e4900000|  0%| F|  |TAMS 0x00000000e4800000, 0x00000000e4800000| Untracked 
|  73|0x00000000e4900000, 0x00000000e4900000, 0x00000000e4a00000|  0%| F|  |TAMS 0x00000000e4900000, 0x00000000e4900000| Untracked 
|  74|0x00000000e4a00000, 0x00000000e4a00000, 0x00000000e4b00000|  0%| F|  |TAMS 0x00000000e4a00000, 0x00000000e4a00000| Untracked 
|  75|0x00000000e4b00000, 0x00000000e4b00000, 0x00000000e4c00000|  0%| F|  |TAMS 0x00000000e4b00000, 0x00000000e4b00000| Untracked 
|  76|0x00000000e4c00000, 0x00000000e4c00000, 0x00000000e4d00000|  0%| F|  |TAMS 0x00000000e4c00000, 0x00000000e4c00000| Untracked 
|  77|0x00000000e4d00000, 0x00000000e4d00000, 0x00000000e4e00000|  0%| F|  |TAMS 0x00000000e4d00000, 0x00000000e4d00000| Untracked 
|  78|0x00000000e4e00000, 0x00000000e4e00000, 0x00000000e4f00000|  0%| F|  |TAMS 0x00000000e4e00000, 0x00000000e4e00000| Untracked 
|  79|0x00000000e4f00000, 0x00000000e4f00000, 0x00000000e5000000|  0%| F|  |TAMS 0x00000000e4f00000, 0x00000000e4f00000| Untracked 
|  80|0x00000000e5000000, 0x00000000e5000000, 0x00000000e5100000|  0%| F|  |TAMS 0x00000000e5000000, 0x00000000e5000000| Untracked 
|  81|0x00000000e5100000, 0x00000000e5100000, 0x00000000e5200000|  0%| F|  |TAMS 0x00000000e5100000, 0x00000000e5100000| Untracked 
|  82|0x00000000e5200000, 0x00000000e5200000, 0x00000000e5300000|  0%| F|  |TAMS 0x00000000e5200000, 0x00000000e5200000| Untracked 
|  83|0x00000000e5300000, 0x00000000e5300000, 0x00000000e5400000|  0%| F|  |TAMS 0x00000000e5300000, 0x00000000e5300000| Untracked 
|  84|0x00000000e5400000, 0x00000000e5400000, 0x00000000e5500000|  0%| F|  |TAMS 0x00000000e5400000, 0x00000000e5400000| Untracked 
|  85|0x00000000e5500000, 0x00000000e5500000, 0x00000000e5600000|  0%| F|  |TAMS 0x00000000e5500000, 0x00000000e5500000| Untracked 
|  86|0x00000000e5600000, 0x00000000e5600000, 0x00000000e5700000|  0%| F|  |TAMS 0x00000000e5600000, 0x00000000e5600000| Untracked 
|  87|0x00000000e5700000, 0x00000000e5700000, 0x00000000e5800000|  0%| F|  |TAMS 0x00000000e5700000, 0x00000000e5700000| Untracked 
|  88|0x00000000e5800000, 0x00000000e585c9c0, 0x00000000e5900000| 36%| S|CS|TAMS 0x00000000e5800000, 0x00000000e5800000| Complete 
|  89|0x00000000e5900000, 0x00000000e5a00000, 0x00000000e5a00000|100%| S|CS|TAMS 0x00000000e5900000, 0x00000000e5900000| Complete 
|  90|0x00000000e5a00000, 0x00000000e5b00000, 0x00000000e5b00000|100%| S|CS|TAMS 0x00000000e5a00000, 0x00000000e5a00000| Complete 
|  91|0x00000000e5b00000, 0x00000000e5c00000, 0x00000000e5c00000|100%| S|CS|TAMS 0x00000000e5b00000, 0x00000000e5b00000| Complete 
|  92|0x00000000e5c00000, 0x00000000e5d00000, 0x00000000e5d00000|100%| S|CS|TAMS 0x00000000e5c00000, 0x00000000e5c00000| Complete 
|  93|0x00000000e5d00000, 0x00000000e5e00000, 0x00000000e5e00000|100%| S|CS|TAMS 0x00000000e5d00000, 0x00000000e5d00000| Complete 
|  94|0x00000000e5e00000, 0x00000000e5f00000, 0x00000000e5f00000|100%| S|CS|TAMS 0x00000000e5e00000, 0x00000000e5e00000| Complete 
|  95|0x00000000e5f00000, 0x00000000e6000000, 0x00000000e6000000|100%| S|CS|TAMS 0x00000000e5f00000, 0x00000000e5f00000| Complete 
|  96|0x00000000e6000000, 0x00000000e6100000, 0x00000000e6100000|100%| S|CS|TAMS 0x00000000e6000000, 0x00000000e6000000| Complete 
|  97|0x00000000e6100000, 0x00000000e6200000, 0x00000000e6200000|100%| S|CS|TAMS 0x00000000e6100000, 0x00000000e6100000| Complete 
|  98|0x00000000e6200000, 0x00000000e6300000, 0x00000000e6300000|100%| S|CS|TAMS 0x00000000e6200000, 0x00000000e6200000| Complete 
|  99|0x00000000e6300000, 0x00000000e6400000, 0x00000000e6400000|100%| S|CS|TAMS 0x00000000e6300000, 0x00000000e6300000| Complete 
| 100|0x00000000e6400000, 0x00000000e6500000, 0x00000000e6500000|100%| S|CS|TAMS 0x00000000e6400000, 0x00000000e6400000| Complete 
| 101|0x00000000e6500000, 0x00000000e6600000, 0x00000000e6600000|100%| S|CS|TAMS 0x00000000e6500000, 0x00000000e6500000| Complete 
| 102|0x00000000e6600000, 0x00000000e6700000, 0x00000000e6700000|100%| S|CS|TAMS 0x00000000e6600000, 0x00000000e6600000| Complete 
| 103|0x00000000e6700000, 0x00000000e6700000, 0x00000000e6800000|  0%| F|  |TAMS 0x00000000e6700000, 0x00000000e6700000| Untracked 
| 104|0x00000000e6800000, 0x00000000e6800000, 0x00000000e6900000|  0%| F|  |TAMS 0x00000000e6800000, 0x00000000e6800000| Untracked 
| 105|0x00000000e6900000, 0x00000000e6900000, 0x00000000e6a00000|  0%| F|  |TAMS 0x00000000e6900000, 0x00000000e6900000| Untracked 
| 106|0x00000000e6a00000, 0x00000000e6a00000, 0x00000000e6b00000|  0%| F|  |TAMS 0x00000000e6a00000, 0x00000000e6a00000| Untracked 
| 107|0x00000000e6b00000, 0x00000000e6b00000, 0x00000000e6c00000|  0%| F|  |TAMS 0x00000000e6b00000, 0x00000000e6b00000| Untracked 
| 108|0x00000000e6c00000, 0x00000000e6c00000, 0x00000000e6d00000|  0%| F|  |TAMS 0x00000000e6c00000, 0x00000000e6c00000| Untracked 
| 109|0x00000000e6d00000, 0x00000000e6d00000, 0x00000000e6e00000|  0%| F|  |TAMS 0x00000000e6d00000, 0x00000000e6d00000| Untracked 
| 110|0x00000000e6e00000, 0x00000000e6e00000, 0x00000000e6f00000|  0%| F|  |TAMS 0x00000000e6e00000, 0x00000000e6e00000| Untracked 
| 111|0x00000000e6f00000, 0x00000000e6f00000, 0x00000000e7000000|  0%| F|  |TAMS 0x00000000e6f00000, 0x00000000e6f00000| Untracked 
| 112|0x00000000e7000000, 0x00000000e7000000, 0x00000000e7100000|  0%| F|  |TAMS 0x00000000e7000000, 0x00000000e7000000| Untracked 
| 113|0x00000000e7100000, 0x00000000e7100000, 0x00000000e7200000|  0%| F|  |TAMS 0x00000000e7100000, 0x00000000e7100000| Untracked 
| 114|0x00000000e7200000, 0x00000000e7200000, 0x00000000e7300000|  0%| F|  |TAMS 0x00000000e7200000, 0x00000000e7200000| Untracked 
| 115|0x00000000e7300000, 0x00000000e7300000, 0x00000000e7400000|  0%| F|  |TAMS 0x00000000e7300000, 0x00000000e7300000| Untracked 
| 116|0x00000000e7400000, 0x00000000e7400000, 0x00000000e7500000|  0%| F|  |TAMS 0x00000000e7400000, 0x00000000e7400000| Untracked 
| 117|0x00000000e7500000, 0x00000000e7500000, 0x00000000e7600000|  0%| F|  |TAMS 0x00000000e7500000, 0x00000000e7500000| Untracked 
| 118|0x00000000e7600000, 0x00000000e7600000, 0x00000000e7700000|  0%| F|  |TAMS 0x00000000e7600000, 0x00000000e7600000| Untracked 
| 119|0x00000000e7700000, 0x00000000e7700000, 0x00000000e7800000|  0%| F|  |TAMS 0x00000000e7700000, 0x00000000e7700000| Untracked 
| 120|0x00000000e7800000, 0x00000000e7800000, 0x00000000e7900000|  0%| F|  |TAMS 0x00000000e7800000, 0x00000000e7800000| Untracked 
| 121|0x00000000e7900000, 0x00000000e7900000, 0x00000000e7a00000|  0%| F|  |TAMS 0x00000000e7900000, 0x00000000e7900000| Untracked 
| 122|0x00000000e7a00000, 0x00000000e7a00000, 0x00000000e7b00000|  0%| F|  |TAMS 0x00000000e7a00000, 0x00000000e7a00000| Untracked 
| 123|0x00000000e7b00000, 0x00000000e7b00000, 0x00000000e7c00000|  0%| F|  |TAMS 0x00000000e7b00000, 0x00000000e7b00000| Untracked 
| 124|0x00000000e7c00000, 0x00000000e7c00000, 0x00000000e7d00000|  0%| F|  |TAMS 0x00000000e7c00000, 0x00000000e7c00000| Untracked 
| 125|0x00000000e7d00000, 0x00000000e7d00000, 0x00000000e7e00000|  0%| F|  |TAMS 0x00000000e7d00000, 0x00000000e7d00000| Untracked 
| 126|0x00000000e7e00000, 0x00000000e7e00000, 0x00000000e7f00000|  0%| F|  |TAMS 0x00000000e7e00000, 0x00000000e7e00000| Untracked 
| 127|0x00000000e7f00000, 0x00000000e7f00000, 0x00000000e8000000|  0%| F|  |TAMS 0x00000000e7f00000, 0x00000000e7f00000| Untracked 
| 128|0x00000000e8000000, 0x00000000e8000000, 0x00000000e8100000|  0%| F|  |TAMS 0x00000000e8000000, 0x00000000e8000000| Untracked 
| 129|0x00000000e8100000, 0x00000000e8100000, 0x00000000e8200000|  0%| F|  |TAMS 0x00000000e8100000, 0x00000000e8100000| Untracked 
| 130|0x00000000e8200000, 0x00000000e8200000, 0x00000000e8300000|  0%| F|  |TAMS 0x00000000e8200000, 0x00000000e8200000| Untracked 
| 131|0x00000000e8300000, 0x00000000e8300000, 0x00000000e8400000|  0%| F|  |TAMS 0x00000000e8300000, 0x00000000e8300000| Untracked 
| 132|0x00000000e8400000, 0x00000000e8400000, 0x00000000e8500000|  0%| F|  |TAMS 0x00000000e8400000, 0x00000000e8400000| Untracked 
| 133|0x00000000e8500000, 0x00000000e8500000, 0x00000000e8600000|  0%| F|  |TAMS 0x00000000e8500000, 0x00000000e8500000| Untracked 
| 134|0x00000000e8600000, 0x00000000e8600000, 0x00000000e8700000|  0%| F|  |TAMS 0x00000000e8600000, 0x00000000e8600000| Untracked 
| 135|0x00000000e8700000, 0x00000000e8700000, 0x00000000e8800000|  0%| F|  |TAMS 0x00000000e8700000, 0x00000000e8700000| Untracked 
| 136|0x00000000e8800000, 0x00000000e8800000, 0x00000000e8900000|  0%| F|  |TAMS 0x00000000e8800000, 0x00000000e8800000| Untracked 
| 137|0x00000000e8900000, 0x00000000e8900000, 0x00000000e8a00000|  0%| F|  |TAMS 0x00000000e8900000, 0x00000000e8900000| Untracked 
| 138|0x00000000e8a00000, 0x00000000e8a00000, 0x00000000e8b00000|  0%| F|  |TAMS 0x00000000e8a00000, 0x00000000e8a00000| Untracked 
| 139|0x00000000e8b00000, 0x00000000e8b00000, 0x00000000e8c00000|  0%| F|  |TAMS 0x00000000e8b00000, 0x00000000e8b00000| Untracked 
| 140|0x00000000e8c00000, 0x00000000e8c00000, 0x00000000e8d00000|  0%| F|  |TAMS 0x00000000e8c00000, 0x00000000e8c00000| Untracked 
| 141|0x00000000e8d00000, 0x00000000e8d00000, 0x00000000e8e00000|  0%| F|  |TAMS 0x00000000e8d00000, 0x00000000e8d00000| Untracked 
| 142|0x00000000e8e00000, 0x00000000e8e00000, 0x00000000e8f00000|  0%| F|  |TAMS 0x00000000e8e00000, 0x00000000e8e00000| Untracked 
| 143|0x00000000e8f00000, 0x00000000e8f00000, 0x00000000e9000000|  0%| F|  |TAMS 0x00000000e8f00000, 0x00000000e8f00000| Untracked 
| 144|0x00000000e9000000, 0x00000000e9000000, 0x00000000e9100000|  0%| F|  |TAMS 0x00000000e9000000, 0x00000000e9000000| Untracked 
| 145|0x00000000e9100000, 0x00000000e9100000, 0x00000000e9200000|  0%| F|  |TAMS 0x00000000e9100000, 0x00000000e9100000| Untracked 
| 146|0x00000000e9200000, 0x00000000e9200000, 0x00000000e9300000|  0%| F|  |TAMS 0x00000000e9200000, 0x00000000e9200000| Untracked 
| 147|0x00000000e9300000, 0x00000000e9300000, 0x00000000e9400000|  0%| F|  |TAMS 0x00000000e9300000, 0x00000000e9300000| Untracked 
| 148|0x00000000e9400000, 0x00000000e9400000, 0x00000000e9500000|  0%| F|  |TAMS 0x00000000e9400000, 0x00000000e9400000| Untracked 
| 149|0x00000000e9500000, 0x00000000e9500000, 0x00000000e9600000|  0%| F|  |TAMS 0x00000000e9500000, 0x00000000e9500000| Untracked 
| 150|0x00000000e9600000, 0x00000000e9600000, 0x00000000e9700000|  0%| F|  |TAMS 0x00000000e9600000, 0x00000000e9600000| Untracked 
| 151|0x00000000e9700000, 0x00000000e9700000, 0x00000000e9800000|  0%| F|  |TAMS 0x00000000e9700000, 0x00000000e9700000| Untracked 
| 152|0x00000000e9800000, 0x00000000e9800000, 0x00000000e9900000|  0%| F|  |TAMS 0x00000000e9800000, 0x00000000e9800000| Untracked 
| 153|0x00000000e9900000, 0x00000000e9900000, 0x00000000e9a00000|  0%| F|  |TAMS 0x00000000e9900000, 0x00000000e9900000| Untracked 
| 154|0x00000000e9a00000, 0x00000000e9a00000, 0x00000000e9b00000|  0%| F|  |TAMS 0x00000000e9a00000, 0x00000000e9a00000| Untracked 
| 155|0x00000000e9b00000, 0x00000000e9b00000, 0x00000000e9c00000|  0%| F|  |TAMS 0x00000000e9b00000, 0x00000000e9b00000| Untracked 
| 156|0x00000000e9c00000, 0x00000000e9c00000, 0x00000000e9d00000|  0%| F|  |TAMS 0x00000000e9c00000, 0x00000000e9c00000| Untracked 
| 157|0x00000000e9d00000, 0x00000000e9d00000, 0x00000000e9e00000|  0%| F|  |TAMS 0x00000000e9d00000, 0x00000000e9d00000| Untracked 
| 158|0x00000000e9e00000, 0x00000000e9e00000, 0x00000000e9f00000|  0%| F|  |TAMS 0x00000000e9e00000, 0x00000000e9e00000| Untracked 
| 159|0x00000000e9f00000, 0x00000000e9f00000, 0x00000000ea000000|  0%| F|  |TAMS 0x00000000e9f00000, 0x00000000e9f00000| Untracked 
| 160|0x00000000ea000000, 0x00000000ea000000, 0x00000000ea100000|  0%| F|  |TAMS 0x00000000ea000000, 0x00000000ea000000| Untracked 
| 161|0x00000000ea100000, 0x00000000ea100000, 0x00000000ea200000|  0%| F|  |TAMS 0x00000000ea100000, 0x00000000ea100000| Untracked 
| 162|0x00000000ea200000, 0x00000000ea200000, 0x00000000ea300000|  0%| F|  |TAMS 0x00000000ea200000, 0x00000000ea200000| Untracked 
| 163|0x00000000ea300000, 0x00000000ea300000, 0x00000000ea400000|  0%| F|  |TAMS 0x00000000ea300000, 0x00000000ea300000| Untracked 
| 164|0x00000000ea400000, 0x00000000ea400000, 0x00000000ea500000|  0%| F|  |TAMS 0x00000000ea400000, 0x00000000ea400000| Untracked 
| 165|0x00000000ea500000, 0x00000000ea500000, 0x00000000ea600000|  0%| F|  |TAMS 0x00000000ea500000, 0x00000000ea500000| Untracked 
| 166|0x00000000ea600000, 0x00000000ea600000, 0x00000000ea700000|  0%| F|  |TAMS 0x00000000ea600000, 0x00000000ea600000| Untracked 
| 167|0x00000000ea700000, 0x00000000ea700000, 0x00000000ea800000|  0%| F|  |TAMS 0x00000000ea700000, 0x00000000ea700000| Untracked 
| 168|0x00000000ea800000, 0x00000000ea800000, 0x00000000ea900000|  0%| F|  |TAMS 0x00000000ea800000, 0x00000000ea800000| Untracked 
| 169|0x00000000ea900000, 0x00000000ea900000, 0x00000000eaa00000|  0%| F|  |TAMS 0x00000000ea900000, 0x00000000ea900000| Untracked 
| 170|0x00000000eaa00000, 0x00000000eaa00000, 0x00000000eab00000|  0%| F|  |TAMS 0x00000000eaa00000, 0x00000000eaa00000| Untracked 
| 171|0x00000000eab00000, 0x00000000eab00000, 0x00000000eac00000|  0%| F|  |TAMS 0x00000000eab00000, 0x00000000eab00000| Untracked 
| 172|0x00000000eac00000, 0x00000000eac00000, 0x00000000ead00000|  0%| F|  |TAMS 0x00000000eac00000, 0x00000000eac00000| Untracked 
| 173|0x00000000ead00000, 0x00000000ead00000, 0x00000000eae00000|  0%| F|  |TAMS 0x00000000ead00000, 0x00000000ead00000| Untracked 
| 174|0x00000000eae00000, 0x00000000eae00000, 0x00000000eaf00000|  0%| F|  |TAMS 0x00000000eae00000, 0x00000000eae00000| Untracked 
| 175|0x00000000eaf00000, 0x00000000eaf00000, 0x00000000eb000000|  0%| F|  |TAMS 0x00000000eaf00000, 0x00000000eaf00000| Untracked 
| 176|0x00000000eb000000, 0x00000000eb000000, 0x00000000eb100000|  0%| F|  |TAMS 0x00000000eb000000, 0x00000000eb000000| Untracked 
| 177|0x00000000eb100000, 0x00000000eb100000, 0x00000000eb200000|  0%| F|  |TAMS 0x00000000eb100000, 0x00000000eb100000| Untracked 
| 178|0x00000000eb200000, 0x00000000eb200000, 0x00000000eb300000|  0%| F|  |TAMS 0x00000000eb200000, 0x00000000eb200000| Untracked 
| 179|0x00000000eb300000, 0x00000000eb300000, 0x00000000eb400000|  0%| F|  |TAMS 0x00000000eb300000, 0x00000000eb300000| Untracked 
| 180|0x00000000eb400000, 0x00000000eb400000, 0x00000000eb500000|  0%| F|  |TAMS 0x00000000eb400000, 0x00000000eb400000| Untracked 
| 181|0x00000000eb500000, 0x00000000eb500000, 0x00000000eb600000|  0%| F|  |TAMS 0x00000000eb500000, 0x00000000eb500000| Untracked 
| 182|0x00000000eb600000, 0x00000000eb600000, 0x00000000eb700000|  0%| F|  |TAMS 0x00000000eb600000, 0x00000000eb600000| Untracked 
| 183|0x00000000eb700000, 0x00000000eb700000, 0x00000000eb800000|  0%| F|  |TAMS 0x00000000eb700000, 0x00000000eb700000| Untracked 
| 184|0x00000000eb800000, 0x00000000eb800000, 0x00000000eb900000|  0%| F|  |TAMS 0x00000000eb800000, 0x00000000eb800000| Untracked 
| 185|0x00000000eb900000, 0x00000000eb900000, 0x00000000eba00000|  0%| F|  |TAMS 0x00000000eb900000, 0x00000000eb900000| Untracked 
| 186|0x00000000eba00000, 0x00000000eba00000, 0x00000000ebb00000|  0%| F|  |TAMS 0x00000000eba00000, 0x00000000eba00000| Untracked 
| 187|0x00000000ebb00000, 0x00000000ebb00000, 0x00000000ebc00000|  0%| F|  |TAMS 0x00000000ebb00000, 0x00000000ebb00000| Untracked 
| 188|0x00000000ebc00000, 0x00000000ebc00000, 0x00000000ebd00000|  0%| F|  |TAMS 0x00000000ebc00000, 0x00000000ebc00000| Untracked 
| 189|0x00000000ebd00000, 0x00000000ebd00000, 0x00000000ebe00000|  0%| F|  |TAMS 0x00000000ebd00000, 0x00000000ebd00000| Untracked 
| 190|0x00000000ebe00000, 0x00000000ebe00000, 0x00000000ebf00000|  0%| F|  |TAMS 0x00000000ebe00000, 0x00000000ebe00000| Untracked 
| 191|0x00000000ebf00000, 0x00000000ebf00000, 0x00000000ec000000|  0%| F|  |TAMS 0x00000000ebf00000, 0x00000000ebf00000| Untracked 
| 192|0x00000000ec000000, 0x00000000ec000000, 0x00000000ec100000|  0%| F|  |TAMS 0x00000000ec000000, 0x00000000ec000000| Untracked 
| 193|0x00000000ec100000, 0x00000000ec100000, 0x00000000ec200000|  0%| F|  |TAMS 0x00000000ec100000, 0x00000000ec100000| Untracked 
| 194|0x00000000ec200000, 0x00000000ec200000, 0x00000000ec300000|  0%| F|  |TAMS 0x00000000ec200000, 0x00000000ec200000| Untracked 
| 195|0x00000000ec300000, 0x00000000ec300000, 0x00000000ec400000|  0%| F|  |TAMS 0x00000000ec300000, 0x00000000ec300000| Untracked 
| 196|0x00000000ec400000, 0x00000000ec400000, 0x00000000ec500000|  0%| F|  |TAMS 0x00000000ec400000, 0x00000000ec400000| Untracked 
| 197|0x00000000ec500000, 0x00000000ec500000, 0x00000000ec600000|  0%| F|  |TAMS 0x00000000ec500000, 0x00000000ec500000| Untracked 
| 198|0x00000000ec600000, 0x00000000ec600000, 0x00000000ec700000|  0%| F|  |TAMS 0x00000000ec600000, 0x00000000ec600000| Untracked 
| 199|0x00000000ec700000, 0x00000000ec700000, 0x00000000ec800000|  0%| F|  |TAMS 0x00000000ec700000, 0x00000000ec700000| Untracked 
| 200|0x00000000ec800000, 0x00000000ec800000, 0x00000000ec900000|  0%| F|  |TAMS 0x00000000ec800000, 0x00000000ec800000| Untracked 
| 201|0x00000000ec900000, 0x00000000ec900000, 0x00000000eca00000|  0%| F|  |TAMS 0x00000000ec900000, 0x00000000ec900000| Untracked 
| 202|0x00000000eca00000, 0x00000000eca00000, 0x00000000ecb00000|  0%| F|  |TAMS 0x00000000eca00000, 0x00000000eca00000| Untracked 
| 203|0x00000000ecb00000, 0x00000000ecb00000, 0x00000000ecc00000|  0%| F|  |TAMS 0x00000000ecb00000, 0x00000000ecb00000| Untracked 
| 204|0x00000000ecc00000, 0x00000000ecc00000, 0x00000000ecd00000|  0%| F|  |TAMS 0x00000000ecc00000, 0x00000000ecc00000| Untracked 
| 205|0x00000000ecd00000, 0x00000000ecd00000, 0x00000000ece00000|  0%| F|  |TAMS 0x00000000ecd00000, 0x00000000ecd00000| Untracked 
| 206|0x00000000ece00000, 0x00000000ece00000, 0x00000000ecf00000|  0%| F|  |TAMS 0x00000000ece00000, 0x00000000ece00000| Untracked 
| 207|0x00000000ecf00000, 0x00000000ecf00000, 0x00000000ed000000|  0%| F|  |TAMS 0x00000000ecf00000, 0x00000000ecf00000| Untracked 
| 208|0x00000000ed000000, 0x00000000ed000000, 0x00000000ed100000|  0%| F|  |TAMS 0x00000000ed000000, 0x00000000ed000000| Untracked 
| 209|0x00000000ed100000, 0x00000000ed100000, 0x00000000ed200000|  0%| F|  |TAMS 0x00000000ed100000, 0x00000000ed100000| Untracked 
| 210|0x00000000ed200000, 0x00000000ed200000, 0x00000000ed300000|  0%| F|  |TAMS 0x00000000ed200000, 0x00000000ed200000| Untracked 
| 211|0x00000000ed300000, 0x00000000ed300000, 0x00000000ed400000|  0%| F|  |TAMS 0x00000000ed300000, 0x00000000ed300000| Untracked 
| 212|0x00000000ed400000, 0x00000000ed400000, 0x00000000ed500000|  0%| F|  |TAMS 0x00000000ed400000, 0x00000000ed400000| Untracked 
| 213|0x00000000ed500000, 0x00000000ed500000, 0x00000000ed600000|  0%| F|  |TAMS 0x00000000ed500000, 0x00000000ed500000| Untracked 
| 214|0x00000000ed600000, 0x00000000ed600000, 0x00000000ed700000|  0%| F|  |TAMS 0x00000000ed600000, 0x00000000ed600000| Untracked 
| 215|0x00000000ed700000, 0x00000000ed700000, 0x00000000ed800000|  0%| F|  |TAMS 0x00000000ed700000, 0x00000000ed700000| Untracked 
| 216|0x00000000ed800000, 0x00000000ed800000, 0x00000000ed900000|  0%| F|  |TAMS 0x00000000ed800000, 0x00000000ed800000| Untracked 
| 217|0x00000000ed900000, 0x00000000ed900000, 0x00000000eda00000|  0%| F|  |TAMS 0x00000000ed900000, 0x00000000ed900000| Untracked 
| 218|0x00000000eda00000, 0x00000000eda00000, 0x00000000edb00000|  0%| F|  |TAMS 0x00000000eda00000, 0x00000000eda00000| Untracked 
| 219|0x00000000edb00000, 0x00000000edc00000, 0x00000000edc00000|100%| E|  |TAMS 0x00000000edb00000, 0x00000000edb00000| Complete 
| 220|0x00000000edc00000, 0x00000000edd00000, 0x00000000edd00000|100%| E|CS|TAMS 0x00000000edc00000, 0x00000000edc00000| Complete 
| 221|0x00000000edd00000, 0x00000000ede00000, 0x00000000ede00000|100%| E|CS|TAMS 0x00000000edd00000, 0x00000000edd00000| Complete 
| 222|0x00000000ede00000, 0x00000000edf00000, 0x00000000edf00000|100%| E|CS|TAMS 0x00000000ede00000, 0x00000000ede00000| Complete 
| 223|0x00000000edf00000, 0x00000000ee000000, 0x00000000ee000000|100%| E|CS|TAMS 0x00000000edf00000, 0x00000000edf00000| Complete 
| 224|0x00000000ee000000, 0x00000000ee100000, 0x00000000ee100000|100%| E|CS|TAMS 0x00000000ee000000, 0x00000000ee000000| Complete 
| 225|0x00000000ee100000, 0x00000000ee200000, 0x00000000ee200000|100%| E|CS|TAMS 0x00000000ee100000, 0x00000000ee100000| Complete 
| 226|0x00000000ee200000, 0x00000000ee300000, 0x00000000ee300000|100%| E|CS|TAMS 0x00000000ee200000, 0x00000000ee200000| Complete 
| 227|0x00000000ee300000, 0x00000000ee400000, 0x00000000ee400000|100%| E|CS|TAMS 0x00000000ee300000, 0x00000000ee300000| Complete 
| 228|0x00000000ee400000, 0x00000000ee500000, 0x00000000ee500000|100%| E|CS|TAMS 0x00000000ee400000, 0x00000000ee400000| Complete 
| 229|0x00000000ee500000, 0x00000000ee600000, 0x00000000ee600000|100%| E|CS|TAMS 0x00000000ee500000, 0x00000000ee500000| Complete 
| 230|0x00000000ee600000, 0x00000000ee700000, 0x00000000ee700000|100%| E|CS|TAMS 0x00000000ee600000, 0x00000000ee600000| Complete 
| 231|0x00000000ee700000, 0x00000000ee800000, 0x00000000ee800000|100%| E|CS|TAMS 0x00000000ee700000, 0x00000000ee700000| Complete 
| 232|0x00000000ee800000, 0x00000000ee900000, 0x00000000ee900000|100%| E|CS|TAMS 0x00000000ee800000, 0x00000000ee800000| Complete 
| 233|0x00000000ee900000, 0x00000000eea00000, 0x00000000eea00000|100%| E|CS|TAMS 0x00000000ee900000, 0x00000000ee900000| Complete 
| 234|0x00000000eea00000, 0x00000000eeb00000, 0x00000000eeb00000|100%| E|CS|TAMS 0x00000000eea00000, 0x00000000eea00000| Complete 
| 235|0x00000000eeb00000, 0x00000000eec00000, 0x00000000eec00000|100%| E|CS|TAMS 0x00000000eeb00000, 0x00000000eeb00000| Complete 
| 236|0x00000000eec00000, 0x00000000eed00000, 0x00000000eed00000|100%| E|CS|TAMS 0x00000000eec00000, 0x00000000eec00000| Complete 
| 237|0x00000000eed00000, 0x00000000eee00000, 0x00000000eee00000|100%| E|CS|TAMS 0x00000000eed00000, 0x00000000eed00000| Complete 
| 238|0x00000000eee00000, 0x00000000eef00000, 0x00000000eef00000|100%| E|CS|TAMS 0x00000000eee00000, 0x00000000eee00000| Complete 
| 239|0x00000000eef00000, 0x00000000ef000000, 0x00000000ef000000|100%| E|CS|TAMS 0x00000000eef00000, 0x00000000eef00000| Complete 
| 240|0x00000000ef000000, 0x00000000ef100000, 0x00000000ef100000|100%| E|CS|TAMS 0x00000000ef000000, 0x00000000ef000000| Complete 
| 241|0x00000000ef100000, 0x00000000ef200000, 0x00000000ef200000|100%| E|CS|TAMS 0x00000000ef100000, 0x00000000ef100000| Complete 
| 242|0x00000000ef200000, 0x00000000ef300000, 0x00000000ef300000|100%| E|CS|TAMS 0x00000000ef200000, 0x00000000ef200000| Complete 
| 243|0x00000000ef300000, 0x00000000ef400000, 0x00000000ef400000|100%| E|CS|TAMS 0x00000000ef300000, 0x00000000ef300000| Complete 
| 244|0x00000000ef400000, 0x00000000ef500000, 0x00000000ef500000|100%| E|CS|TAMS 0x00000000ef400000, 0x00000000ef400000| Complete 
| 245|0x00000000ef500000, 0x00000000ef600000, 0x00000000ef600000|100%| E|CS|TAMS 0x00000000ef500000, 0x00000000ef500000| Complete 
| 246|0x00000000ef600000, 0x00000000ef700000, 0x00000000ef700000|100%| E|CS|TAMS 0x00000000ef600000, 0x00000000ef600000| Complete 
| 247|0x00000000ef700000, 0x00000000ef800000, 0x00000000ef800000|100%| E|CS|TAMS 0x00000000ef700000, 0x00000000ef700000| Complete 
| 248|0x00000000ef800000, 0x00000000ef900000, 0x00000000ef900000|100%| E|CS|TAMS 0x00000000ef800000, 0x00000000ef800000| Complete 
| 249|0x00000000ef900000, 0x00000000efa00000, 0x00000000efa00000|100%| E|CS|TAMS 0x00000000ef900000, 0x00000000ef900000| Complete 
| 250|0x00000000efa00000, 0x00000000efb00000, 0x00000000efb00000|100%| E|CS|TAMS 0x00000000efa00000, 0x00000000efa00000| Complete 
| 251|0x00000000efb00000, 0x00000000efc00000, 0x00000000efc00000|100%| E|CS|TAMS 0x00000000efb00000, 0x00000000efb00000| Complete 
| 252|0x00000000efc00000, 0x00000000efd00000, 0x00000000efd00000|100%| E|CS|TAMS 0x00000000efc00000, 0x00000000efc00000| Complete 
| 253|0x00000000efd00000, 0x00000000efe00000, 0x00000000efe00000|100%| E|CS|TAMS 0x00000000efd00000, 0x00000000efd00000| Complete 
| 254|0x00000000efe00000, 0x00000000eff00000, 0x00000000eff00000|100%| E|CS|TAMS 0x00000000efe00000, 0x00000000efe00000| Complete 
| 255|0x00000000eff00000, 0x00000000f0000000, 0x00000000f0000000|100%| E|CS|TAMS 0x00000000eff00000, 0x00000000eff00000| Complete 

Card table byte_map: [0x000002cca3260000,0x000002cca3360000] _byte_map_base: 0x000002cca2b60000

Marking Bits (Prev, Next): (CMBitMap*) 0x000002cc8c751a70, (CMBitMap*) 0x000002cc8c751ab0
 Prev Bits: [0x000002cca3460000, 0x000002cca3c60000)
 Next Bits: [0x000002cca3c60000, 0x000002cca4460000)

Polling page: 0x000002cc8a700000

Metaspace:

Usage:
  Non-class:     42.01 MB used.
      Class:      6.94 MB used.
       Both:     48.95 MB used.

Virtual space:
  Non-class space:       64.00 MB reserved,      42.31 MB ( 66%) committed,  1 nodes.
      Class space:      320.00 MB reserved,       7.19 MB (  2%) committed,  1 nodes.
             Both:      384.00 MB reserved,      49.50 MB ( 13%) committed. 

Chunk freelists:
   Non-Class:  5.58 MB
       Class:  8.82 MB
        Both:  14.39 MB

MaxMetaspaceSize: 384.00 MB
CompressedClassSpaceSize: 320.00 MB
Initial GC threshold: 21.00 MB
Current GC threshold: 58.75 MB
CDS: on
MetaspaceReclaimPolicy: balanced
 - commit_granule_bytes: 65536.
 - commit_granule_words: 8192.
 - virtual_space_node_default_size: 8388608.
 - enlarge_chunks_in_place: 1.
 - new_chunks_are_fully_committed: 0.
 - uncommit_free_chunks: 1.
 - use_allocation_guard: 0.
 - handle_deallocations: 1.


Internal statistics:

num_allocs_failed_limit: 6.
num_arena_births: 578.
num_arena_deaths: 0.
num_vsnodes_births: 2.
num_vsnodes_deaths: 0.
num_space_committed: 792.
num_space_uncommitted: 0.
num_chunks_returned_to_freelist: 6.
num_chunks_taken_from_freelist: 2632.
num_chunk_merges: 6.
num_chunk_splits: 1707.
num_chunks_enlarged: 1134.
num_inconsistent_stats: 0.

CodeHeap 'non-profiled nmethods': size=120000Kb used=3405Kb max_used=3405Kb free=116594Kb
 bounds [0x000002cc9bd30000, 0x000002cc9c090000, 0x000002cca3260000]
CodeHeap 'profiled nmethods': size=120000Kb used=12032Kb max_used=12032Kb free=107967Kb
 bounds [0x000002cc94260000, 0x000002cc94e30000, 0x000002cc9b790000]
CodeHeap 'non-nmethods': size=5760Kb used=2331Kb max_used=2369Kb free=3429Kb
 bounds [0x000002cc9b790000, 0x000002cc9ba00000, 0x000002cc9bd30000]
 total_blobs=6851 nmethods=6002 adapters=761
 compilation: enabled
              stopped_count=0, restarted_count=0
 full_count=0

Compilation events (20 events):
Event: 212.899 Thread 0x000002cca6a2f0f0 6803       4       org.codehaus.groovy.util.SingleKeyHashMap::getOrPut (137 bytes)
Event: 212.900 Thread 0x000002cca6a30e10 nmethod 6800 0x000002cc94e19d90 code [0x000002cc94e19f80, 0x000002cc94e1a6b8]
Event: 212.900 Thread 0x000002cca6a30e10 6802       3       groovy.lang.MetaClassImpl::addMetaBeanProperty (119 bytes)
Event: 212.901 Thread 0x000002cca6a30e10 nmethod 6802 0x000002cc94e1a990 code [0x000002cc94e1ac40, 0x000002cc94e1c3c8]
Event: 212.901 Thread 0x000002cca6a30e10 6801       3       org.codehaus.groovy.reflection.CachedClass::getFields (11 bytes)
Event: 212.901 Thread 0x000002cca6a30e10 nmethod 6801 0x000002cc94e1c910 code [0x000002cc94e1cac0, 0x000002cc94e1cd88]
Event: 212.911 Thread 0x000002cca6a2f0f0 nmethod 6803 0x000002cc9c082b10 code [0x000002cc9c082cc0, 0x000002cc9c0832e8]
Event: 212.944 Thread 0x000002cca6a2f0f0 6804       4       groovy.lang.MetaClassImpl::checkIfStdMethod (178 bytes)
Event: 212.971 Thread 0x000002cca6a30e10 6807       3       org.codehaus.groovy.util.FastArray::set (8 bytes)
Event: 212.972 Thread 0x000002cca6a30e10 nmethod 6807 0x000002cc94e1ce90 code [0x000002cc94e1d040, 0x000002cc94e1d2f8]
Event: 212.982 Thread 0x000002cca6a30e10 6808       3       java.lang.invoke.DirectMethodHandle$Holder::invokeStatic (15 bytes)
Event: 212.983 Thread 0x000002cca6a30e10 nmethod 6808 0x000002cc94e1d410 code [0x000002cc94e1d5e0, 0x000002cc94e1db78]
Event: 212.988 Thread 0x000002cca6a30e10 6809       3       com.google.common.collect.MapMakerInternalMap$StrongKeyWeakValueSegment::maybeDrainReferenceQueues (9 bytes)
Event: 212.989 Thread 0x000002cca6a30e10 nmethod 6809 0x000002cc94e1dc90 code [0x000002cc94e1de20, 0x000002cc94e1dfe8]
Event: 212.989 Thread 0x000002cca6a30e10 6810       3       com.google.common.collect.MapMakerInternalMap$StrongKeyWeakValueEntry$Helper::newEntry (16 bytes)
Event: 212.989 Thread 0x000002cca6a30e10 nmethod 6810 0x000002cc94e1e090 code [0x000002cc94e1e240, 0x000002cc94e1e568]
Event: 212.989 Thread 0x000002cca6a30e10 6811       3       com.google.common.collect.MapMakerInternalMap$StrongKeyWeakValueEntry$Helper::setValue (14 bytes)
Event: 212.989 Thread 0x000002cca6a30e10 nmethod 6811 0x000002cc94e1e690 code [0x000002cc94e1e840, 0x000002cc94e1eb68]
Event: 212.989 Thread 0x000002cca6a30e10 6812       3       com.google.common.collect.MapMakerInternalMap$1::clear (1 bytes)
Event: 212.989 Thread 0x000002cca6a30e10 nmethod 6812 0x000002cc94e1ec90 code [0x000002cc94e1ee20, 0x000002cc94e1ef38]

GC Heap History (12 events):
Event: 1.220 GC heap before
{Heap before GC invocations=0 (full 0):
 garbage-first heap   total 262144K, used 13312K [0x00000000e0000000, 0x0000000100000000)
  region size 1024K, 13 young (13312K), 0 survivors (0K)
 Metaspace       used 773K, committed 896K, reserved 393216K
  class space    used 61K, committed 128K, reserved 327680K
}
Event: 1.230 GC heap after
{Heap after GC invocations=1 (full 0):
 garbage-first heap   total 262144K, used 1192K [0x00000000e0000000, 0x0000000100000000)
  region size 1024K, 2 young (2048K), 2 survivors (2048K)
 Metaspace       used 773K, committed 896K, reserved 393216K
  class space    used 61K, committed 128K, reserved 327680K
}
Event: 4.088 GC heap before
{Heap before GC invocations=1 (full 0):
 garbage-first heap   total 262144K, used 22696K [0x00000000e0000000, 0x0000000100000000)
  region size 1024K, 21 young (21504K), 2 survivors (2048K)
 Metaspace       used 2874K, committed 3008K, reserved 393216K
  class space    used 325K, committed 384K, reserved 327680K
}
Event: 4.095 GC heap after
{Heap after GC invocations=2 (full 0):
 garbage-first heap   total 262144K, used 9408K [0x00000000e0000000, 0x0000000100000000)
  region size 1024K, 3 young (3072K), 3 survivors (3072K)
 Metaspace       used 2874K, committed 3008K, reserved 393216K
  class space    used 325K, committed 384K, reserved 327680K
}
Event: 20.083 GC heap before
{Heap before GC invocations=2 (full 0):
 garbage-first heap   total 262144K, used 165056K [0x00000000e0000000, 0x0000000100000000)
  region size 1024K, 153 young (156672K), 3 survivors (3072K)
 Metaspace       used 18406K, committed 18688K, reserved 393216K
  class space    used 2668K, committed 2816K, reserved 327680K
}
Event: 20.100 GC heap after
{Heap after GC invocations=3 (full 0):
 garbage-first heap   total 262144K, used 21696K [0x00000000e0000000, 0x0000000100000000)
  region size 1024K, 14 young (14336K), 14 survivors (14336K)
 Metaspace       used 18406K, committed 18688K, reserved 393216K
  class space    used 2668K, committed 2816K, reserved 327680K
}
Event: 26.215 GC heap before
{Heap before GC invocations=3 (full 0):
 garbage-first heap   total 262144K, used 45248K [0x00000000e0000000, 0x0000000100000000)
  region size 1024K, 38 young (38912K), 14 survivors (14336K)
 Metaspace       used 21188K, committed 21504K, reserved 393216K
  class space    used 3089K, committed 3264K, reserved 327680K
}
Event: 26.241 GC heap after
{Heap after GC invocations=4 (full 0):
 garbage-first heap   total 262144K, used 23596K [0x00000000e0000000, 0x0000000100000000)
  region size 1024K, 2 young (2048K), 2 survivors (2048K)
 Metaspace       used 21188K, committed 21504K, reserved 393216K
  class space    used 3089K, committed 3264K, reserved 327680K
}
Event: 48.351 GC heap before
{Heap before GC invocations=5 (full 0):
 garbage-first heap   total 262144K, used 143404K [0x00000000e0000000, 0x0000000100000000)
  region size 1024K, 116 young (118784K), 2 survivors (2048K)
 Metaspace       used 35541K, committed 35968K, reserved 393216K
  class space    used 4932K, committed 5184K, reserved 327680K
}
Event: 48.367 GC heap after
{Heap after GC invocations=6 (full 0):
 garbage-first heap   total 262144K, used 31236K [0x00000000e0000000, 0x0000000100000000)
  region size 1024K, 10 young (10240K), 10 survivors (10240K)
 Metaspace       used 35541K, committed 35968K, reserved 393216K
  class space    used 4932K, committed 5184K, reserved 327680K
}
Event: 201.408 GC heap before
{Heap before GC invocations=7 (full 0):
 garbage-first heap   total 262144K, used 178692K [0x00000000e0000000, 0x0000000100000000)
  region size 1024K, 153 young (156672K), 10 survivors (10240K)
 Metaspace       used 48240K, committed 48768K, reserved 393216K
  class space    used 6792K, committed 7040K, reserved 327680K
}
Event: 201.606 GC heap after
{Heap after GC invocations=8 (full 0):
 garbage-first heap   total 262144K, used 36254K [0x00000000e0000000, 0x0000000100000000)
  region size 1024K, 15 young (15360K), 15 survivors (15360K)
 Metaspace       used 48240K, committed 48768K, reserved 393216K
  class space    used 6792K, committed 7040K, reserved 327680K
}

Dll operation events (15 events):
Event: 0.038 Loaded shared library C:\Users\dat\.jdks\corretto-17.0.12\bin\java.dll
Event: 0.078 Loaded shared library C:\Users\dat\.jdks\corretto-17.0.12\bin\jsvml.dll
Event: 0.392 Loaded shared library C:\Users\dat\.jdks\corretto-17.0.12\bin\zip.dll
Event: 0.411 Loaded shared library C:\Users\dat\.jdks\corretto-17.0.12\bin\instrument.dll
Event: 0.455 Loaded shared library C:\Users\dat\.jdks\corretto-17.0.12\bin\net.dll
Event: 0.462 Loaded shared library C:\Users\dat\.jdks\corretto-17.0.12\bin\nio.dll
Event: 0.473 Loaded shared library C:\Users\dat\.jdks\corretto-17.0.12\bin\zip.dll
Event: 1.644 Loaded shared library C:\Users\dat\.jdks\corretto-17.0.12\bin\jimage.dll
Event: 3.241 Loaded shared library C:\Users\dat\.jdks\corretto-17.0.12\bin\verify.dll
Event: 3.880 Loaded shared library D:\codegym\module3\demo\native\c067742578af261105cb4f569cf0c3c89f3d7b1fecec35dd04571415982c5e48\windows-amd64\native-platform.dll
Event: 4.005 Loaded shared library D:\codegym\module3\demo\native\100fb08df4bc3b14c8652ba06237920a3bd2aa13389f12d3474272988ae205f9\windows-amd64\native-platform-file-events.dll
Event: 9.153 Loaded shared library C:\Users\dat\.jdks\corretto-17.0.12\bin\management.dll
Event: 9.165 Loaded shared library C:\Users\dat\.jdks\corretto-17.0.12\bin\management_ext.dll
Event: 10.921 Loaded shared library C:\Users\dat\.jdks\corretto-17.0.12\bin\extnet.dll
Event: 12.389 Loaded shared library C:\Users\dat\.jdks\corretto-17.0.12\bin\sunmscapi.dll

Deoptimization events (20 events):
Event: 204.586 Thread 0x000002ccc080c8f0 Uncommon trap: trap_request=0xffffffbe fr.pc=0x000002cc9c06fd0c relative=0x00000000000002cc
Event: 204.586 Thread 0x000002ccc080c8f0 Uncommon trap: reason=profile_predicate action=maybe_recompile pc=0x000002cc9c06fd0c method=sun.instrument.TransformerManager.transform(Ljava/lang/Module;Ljava/lang/ClassLoader;Ljava/lang/String;Ljava/lang/Class;Ljava/security/ProtectionDomain;[B)[B @ 21 
Event: 204.586 Thread 0x000002ccc080c8f0 DEOPT PACKING pc=0x000002cc9c06fd0c sp=0x000000f4e56f6c50
Event: 204.586 Thread 0x000002ccc080c8f0 DEOPT UNPACKING pc=0x000002cc9b7e69a3 sp=0x000000f4e56f6b60 mode 2
Event: 204.676 Thread 0x000002ccc15e9340 Uncommon trap: trap_request=0xffffffbe fr.pc=0x000002cc9c06fd0c relative=0x00000000000002cc
Event: 204.676 Thread 0x000002ccc15e9340 Uncommon trap: reason=profile_predicate action=maybe_recompile pc=0x000002cc9c06fd0c method=sun.instrument.TransformerManager.transform(Ljava/lang/Module;Ljava/lang/ClassLoader;Ljava/lang/String;Ljava/lang/Class;Ljava/security/ProtectionDomain;[B)[B @ 21 
Event: 204.676 Thread 0x000002ccc15e9340 DEOPT PACKING pc=0x000002cc9c06fd0c sp=0x000000f4e72fc1b0
Event: 204.676 Thread 0x000002ccc15e9340 DEOPT UNPACKING pc=0x000002cc9b7e69a3 sp=0x000000f4e72fc0c0 mode 2
Event: 212.593 Thread 0x000002ccc080c8f0 Uncommon trap: trap_request=0xffffffc6 fr.pc=0x000002cc9bfb9be0 relative=0x00000000000025a0
Event: 212.593 Thread 0x000002ccc080c8f0 Uncommon trap: reason=bimorphic_or_optimized_type_check action=maybe_recompile pc=0x000002cc9bfb9be0 method=org.codehaus.groovy.runtime.metaclass.MetaMethodIndex.isOverridden(Lgroovy/lang/MetaMethod;Lgroovy/lang/MetaMethod;)Z @ 56 c2
Event: 212.593 Thread 0x000002ccc080c8f0 DEOPT PACKING pc=0x000002cc9bfb9be0 sp=0x000000f4e56f6db0
Event: 212.593 Thread 0x000002ccc080c8f0 DEOPT UNPACKING pc=0x000002cc9b7e69a3 sp=0x000000f4e56f6d88 mode 2
Event: 212.660 Thread 0x000002ccc080c8f0 Uncommon trap: trap_request=0xffffffc6 fr.pc=0x000002cc9bfb9be0 relative=0x00000000000025a0
Event: 212.660 Thread 0x000002ccc080c8f0 Uncommon trap: reason=bimorphic_or_optimized_type_check action=maybe_recompile pc=0x000002cc9bfb9be0 method=org.codehaus.groovy.runtime.metaclass.MetaMethodIndex.isOverridden(Lgroovy/lang/MetaMethod;Lgroovy/lang/MetaMethod;)Z @ 56 c2
Event: 212.660 Thread 0x000002ccc080c8f0 DEOPT PACKING pc=0x000002cc9bfb9be0 sp=0x000000f4e56f6e70
Event: 212.660 Thread 0x000002ccc080c8f0 DEOPT UNPACKING pc=0x000002cc9b7e69a3 sp=0x000000f4e56f6e48 mode 2
Event: 212.979 Thread 0x000002ccc080c8f0 Uncommon trap: trap_request=0xffffffc6 fr.pc=0x000002cc9bfb9be0 relative=0x00000000000025a0
Event: 212.979 Thread 0x000002ccc080c8f0 Uncommon trap: reason=bimorphic_or_optimized_type_check action=maybe_recompile pc=0x000002cc9bfb9be0 method=org.codehaus.groovy.runtime.metaclass.MetaMethodIndex.isOverridden(Lgroovy/lang/MetaMethod;Lgroovy/lang/MetaMethod;)Z @ 56 c2
Event: 212.979 Thread 0x000002ccc080c8f0 DEOPT PACKING pc=0x000002cc9bfb9be0 sp=0x000000f4e56f5b00
Event: 212.979 Thread 0x000002ccc080c8f0 DEOPT UNPACKING pc=0x000002cc9b7e69a3 sp=0x000000f4e56f5ad8 mode 2

Classes loaded (20 events):
Event: 204.155 Loading class sun/misc/SharedSecrets
Event: 204.155 Loading class sun/misc/SharedSecrets done
Event: 212.156 Loading class sun/reflect/generics/tree/BooleanSignature
Event: 212.172 Loading class sun/reflect/generics/tree/BooleanSignature done
Event: 212.247 Loading class org/xml/sax/SAXParseException
Event: 212.247 Loading class org/xml/sax/SAXParseException done
Event: 212.252 Loading class org/xml/sax/Locator
Event: 212.252 Loading class org/xml/sax/Locator done
Event: 212.254 Loading class org/xml/sax/Attributes
Event: 212.254 Loading class org/xml/sax/Attributes done
Event: 212.803 Loading class java/util/AbstractCollectionBeanInfo
Event: 212.803 Loading class java/util/AbstractCollectionBeanInfo done
Event: 212.805 Loading class java/util/AbstractCollectionBeanInfo
Event: 212.805 Loading class java/util/AbstractCollectionBeanInfo done
Event: 212.805 Loading class java/util/AbstractCollectionCustomizer
Event: 212.805 Loading class java/util/AbstractCollectionCustomizer done
Event: 212.806 Loading class java/util/AbstractCollectionCustomizer
Event: 212.806 Loading class java/util/AbstractCollectionCustomizer done
Event: 212.807 Loading class sun/reflect/generics/reflectiveObjects/GenericArrayTypeImpl
Event: 212.808 Loading class sun/reflect/generics/reflectiveObjects/GenericArrayTypeImpl done

Classes unloaded (0 events):
No events

Classes redefined (0 events):
No events

Internal exceptions (20 events):
Event: 212.770 Thread 0x000002ccc080c8f0 Exception <a 'java/lang/ClassNotFoundException'{0x00000000ee0564e0}: org/gradle/api/internal/AbstractValidatingNamedDomainObjectContainerBeanInfo> (0x00000000ee0564e0) 
thrown [s\src\hotspot\share\classfile\systemDictionary.cpp, line 256]
Event: 212.774 Thread 0x000002ccc080c8f0 Exception <a 'java/lang/ClassNotFoundException'{0x00000000ee06aa10}: org/gradle/api/internal/AbstractNamedDomainObjectContainerBeanInfo> (0x00000000ee06aa10) 
thrown [s\src\hotspot\share\classfile\systemDictionary.cpp, line 256]
Event: 212.781 Thread 0x000002ccc080c8f0 Exception <a 'java/lang/ClassNotFoundException'{0x00000000ee07ed10}: org/gradle/api/internal/DefaultNamedDomainObjectSetBeanInfo> (0x00000000ee07ed10) 
thrown [s\src\hotspot\share\classfile\systemDictionary.cpp, line 256]
Event: 212.799 Thread 0x000002ccc080c8f0 Exception <a 'java/lang/ClassNotFoundException'{0x00000000ee0a4da8}: org/gradle/api/internal/DefaultNamedDomainObjectCollectionBeanInfo> (0x00000000ee0a4da8) 
thrown [s\src\hotspot\share\classfile\systemDictionary.cpp, line 256]
Event: 212.803 Thread 0x000002ccc080c8f0 Exception <a 'java/lang/ClassNotFoundException'{0x00000000ee0ba098}: org/gradle/api/internal/DefaultDomainObjectCollectionBeanInfo> (0x00000000ee0ba098) 
thrown [s\src\hotspot\share\classfile\systemDictionary.cpp, line 256]
Event: 212.805 Thread 0x000002ccc080c8f0 Exception <a 'java/lang/ClassNotFoundException'{0x00000000ee0c1de0}: java/util/AbstractCollectionBeanInfo> (0x00000000ee0c1de0) 
thrown [s\src\hotspot\share\classfile\systemDictionary.cpp, line 256]
Event: 212.806 Thread 0x000002ccc080c8f0 Exception <a 'java/lang/ClassNotFoundException'{0x00000000ee0c9308}: java/util/AbstractCollectionCustomizer> (0x00000000ee0c9308) 
thrown [s\src\hotspot\share\classfile\systemDictionary.cpp, line 256]
Event: 212.811 Thread 0x000002ccc080c8f0 Exception <a 'java/lang/ClassNotFoundException'{0x00000000ee0e7ba8}: org/gradle/api/internal/DefaultDomainObjectCollectionCustomizer> (0x00000000ee0e7ba8) 
thrown [s\src\hotspot\share\classfile\systemDictionary.cpp, line 256]
Event: 212.818 Thread 0x000002ccc080c8f0 Exception <a 'java/lang/ClassNotFoundException'{0x00000000edf1dbe0}: org/gradle/api/internal/DefaultNamedDomainObjectCollectionCustomizer> (0x00000000edf1dbe0) 
thrown [s\src\hotspot\share\classfile\systemDictionary.cpp, line 256]
Event: 212.826 Thread 0x000002ccc080c8f0 Exception <a 'java/lang/ClassNotFoundException'{0x00000000edf5aee8}: org/gradle/api/internal/DefaultNamedDomainObjectSetCustomizer> (0x00000000edf5aee8) 
thrown [s\src\hotspot\share\classfile\systemDictionary.cpp, line 256]
Event: 212.843 Thread 0x000002ccc080c8f0 Exception <a 'java/lang/ClassNotFoundException'{0x00000000edf8b4c8}: org/gradle/api/internal/AbstractNamedDomainObjectContainerCustomizer> (0x00000000edf8b4c8) 
thrown [s\src\hotspot\share\classfile\systemDictionary.cpp, line 256]
Event: 212.850 Thread 0x000002ccc080c8f0 Exception <a 'java/lang/ClassNotFoundException'{0x00000000edfb33f8}: org/gradle/api/internal/AbstractValidatingNamedDomainObjectContainerCustomizer> (0x00000000edfb33f8) 
thrown [s\src\hotspot\share\classfile\systemDictionary.cpp, line 256]
Event: 212.863 Thread 0x000002ccc080c8f0 Exception <a 'java/lang/ClassNotFoundException'{0x00000000edfd84a0}: org/gradle/api/internal/artifacts/configurations/DefaultConfigurationContainerCustomizer> (0x00000000edfd84a0) 
thrown [s\src\hotspot\share\classfile\systemDictionary.cpp, line 256]
Event: 212.886 Thread 0x000002ccc080c8f0 Exception <a 'java/lang/ClassNotFoundException'{0x00000000ede26000}: org/gradle/api/internal/artifacts/configurations/DefaultConfigurationContainer_DecoratedCustomizer> (0x00000000ede26000) 
thrown [s\src\hotspot\share\classfile\systemDictionary.cpp, line 256]
Event: 212.982 Thread 0x000002ccc080c8f0 Exception <a 'java/lang/ClassNotFoundException'{0x00000000edcd79a0}: org/gradle/api/internal/artifacts/configurations/DefaultUnlockedConfiguration_DecoratedBeanInfo> (0x00000000edcd79a0) 
thrown [s\src\hotspot\share\classfile\systemDictionary.cpp, line 256]
Event: 212.990 Thread 0x000002ccc080c8f0 Exception <a 'java/lang/ClassNotFoundException'{0x00000000edcf12e8}: org/gradle/api/internal/artifacts/configurations/DefaultUnlockedConfigurationBeanInfo> (0x00000000edcf12e8) 
thrown [s\src\hotspot\share\classfile\systemDictionary.cpp, line 256]
Event: 212.994 Thread 0x000002ccc080c8f0 Exception <a 'java/lang/ClassNotFoundException'{0x00000000edb0b188}: org/gradle/api/internal/artifacts/configurations/DefaultConfigurationBeanInfo> (0x00000000edb0b188) 
thrown [s\src\hotspot\share\classfile\systemDictionary.cpp, line 256]
Event: 212.996 Thread 0x000002ccc080c8f0 Exception <a 'java/lang/ClassNotFoundException'{0x00000000edb21618}: org/gradle/api/internal/file/AbstractFileCollectionBeanInfo> (0x00000000edb21618) 
thrown [s\src\hotspot\share\classfile\systemDictionary.cpp, line 256]
Event: 212.997 Thread 0x000002ccc080c8f0 Exception <a 'java/lang/ClassNotFoundException'{0x00000000edb37a70}: org/gradle/api/internal/file/AbstractFileCollectionCustomizer> (0x00000000edb37a70) 
thrown [s\src\hotspot\share\classfile\systemDictionary.cpp, line 256]
Event: 213.001 Thread 0x000002ccc080c8f0 Exception <a 'java/lang/ClassNotFoundException'{0x00000000edb62a80}: org/gradle/api/internal/artifacts/configurations/DefaultConfigurationCustomizer> (0x00000000edb62a80) 
thrown [s\src\hotspot\share\classfile\systemDictionary.cpp, line 256]

VM Operations (20 events):
Event: 200.922 Executing VM operation: Cleanup
Event: 201.080 Executing VM operation: Cleanup done
Event: 201.408 Executing VM operation: G1CollectForAllocation
Event: 201.607 Executing VM operation: G1CollectForAllocation done
Event: 202.609 Executing VM operation: Cleanup
Event: 202.609 Executing VM operation: Cleanup done
Event: 203.621 Executing VM operation: Cleanup
Event: 203.623 Executing VM operation: Cleanup done
Event: 204.632 Executing VM operation: Cleanup
Event: 204.633 Executing VM operation: Cleanup done
Event: 205.636 Executing VM operation: Cleanup
Event: 205.636 Executing VM operation: Cleanup done
Event: 206.644 Executing VM operation: Cleanup
Event: 206.644 Executing VM operation: Cleanup done
Event: 208.660 Executing VM operation: Cleanup
Event: 208.660 Executing VM operation: Cleanup done
Event: 209.661 Executing VM operation: Cleanup
Event: 209.661 Executing VM operation: Cleanup done
Event: 212.690 Executing VM operation: Cleanup
Event: 212.692 Executing VM operation: Cleanup done

Events (20 events):
Event: 78.557 Thread 0x000002cca6a9ea90 flushing nmethod 0x000002cc94b6a410
Event: 78.557 Thread 0x000002cca6a9ea90 flushing nmethod 0x000002cc94bd0910
Event: 78.557 Thread 0x000002cca6a9ea90 flushing nmethod 0x000002cc94bdde10
Event: 78.557 Thread 0x000002cca6a9ea90 flushing nmethod 0x000002cc94be1e10
Event: 78.557 Thread 0x000002cca6a9ea90 flushing nmethod 0x000002cc94be5690
Event: 78.557 Thread 0x000002cca6a9ea90 flushing nmethod 0x000002cc94be5a90
Event: 78.557 Thread 0x000002cca6a9ea90 flushing nmethod 0x000002cc94be6890
Event: 78.557 Thread 0x000002cca6a9ea90 flushing nmethod 0x000002cc94be7010
Event: 78.557 Thread 0x000002cca6a9ea90 flushing nmethod 0x000002cc94be7510
Event: 78.557 Thread 0x000002cca6a9ea90 flushing nmethod 0x000002cc94be7990
Event: 101.016 Thread 0x000002ccc1dbb560 Thread added: 0x000002ccc1dbb560
Event: 101.027 Thread 0x000002ccc1dbba70 Thread added: 0x000002ccc1dbba70
Event: 101.029 Thread 0x000002ccc1dbbf80 Thread added: 0x000002ccc1dbbf80
Event: 117.336 Thread 0x000002ccc1dbceb0 Thread added: 0x000002ccc1dbceb0
Event: 117.339 Thread 0x000002ccc1dbc490 Thread added: 0x000002ccc1dbc490
Event: 117.341 Thread 0x000002ccc1dbd3c0 Thread added: 0x000002ccc1dbd3c0
Event: 137.070 Thread 0x000002ccc15ed510 Thread added: 0x000002ccc15ed510
Event: 137.071 Thread 0x000002ccc15e8e30 Thread added: 0x000002ccc15e8e30
Event: 137.073 Thread 0x000002ccc15eda20 Thread added: 0x000002ccc15eda20
Event: 199.647 Thread 0x000002ccc15e9340 Thread added: 0x000002ccc15e9340


Dynamic libraries:
0x00007ff6c28a0000 - 0x00007ff6c28ae000 	C:\Users\dat\.jdks\corretto-17.0.12\bin\java.exe
0x00007ffe60990000 - 0x00007ffe60b88000 	C:\Windows\SYSTEM32\ntdll.dll
0x00007ffe5f7a0000 - 0x00007ffe5f85f000 	C:\Windows\System32\KERNEL32.DLL
0x00007ffe5e650000 - 0x00007ffe5e946000 	C:\Windows\System32\KERNELBASE.dll
0x00007ffe5e450000 - 0x00007ffe5e550000 	C:\Windows\System32\ucrtbase.dll
0x00007ffe52690000 - 0x00007ffe526a7000 	C:\Users\dat\.jdks\corretto-17.0.12\bin\jli.dll
0x00007ffe5fa00000 - 0x00007ffe5fb9d000 	C:\Windows\System32\USER32.dll
0x00007ffe5e130000 - 0x00007ffe5e152000 	C:\Windows\System32\win32u.dll
0x00007ffe5f300000 - 0x00007ffe5f32c000 	C:\Windows\System32\GDI32.dll
0x00007ffe5e2c0000 - 0x00007ffe5e3d5000 	C:\Windows\System32\gdi32full.dll
0x00007ffe5e950000 - 0x00007ffe5e9ed000 	C:\Windows\System32\msvcp_win.dll
0x00007ffe55600000 - 0x00007ffe5561b000 	C:\Users\dat\.jdks\corretto-17.0.12\bin\VCRUNTIME140.dll
0x00007ffe4ee50000 - 0x00007ffe4f0ea000 	C:\Windows\WinSxS\amd64_microsoft.windows.common-controls_6595b64144ccf1df_6.0.19041.1110_none_60b5254171f9507e\COMCTL32.dll
0x00007ffe5f8f0000 - 0x00007ffe5f98e000 	C:\Windows\System32\msvcrt.dll
0x00007ffe5fd70000 - 0x00007ffe5fda0000 	C:\Windows\System32\IMM32.DLL
0x00007ffe57ae0000 - 0x00007ffe57aec000 	C:\Users\dat\.jdks\corretto-17.0.12\bin\vcruntime140_1.dll
0x00007ffe39730000 - 0x00007ffe397bd000 	C:\Users\dat\.jdks\corretto-17.0.12\bin\msvcp140.dll
0x00007ffe1f210000 - 0x00007ffe1fe7a000 	C:\Users\dat\.jdks\corretto-17.0.12\bin\server\jvm.dll
0x00007ffe5eaf0000 - 0x00007ffe5eb9f000 	C:\Windows\System32\ADVAPI32.dll
0x00007ffe5ea50000 - 0x00007ffe5eaec000 	C:\Windows\System32\sechost.dll
0x00007ffe601d0000 - 0x00007ffe602f6000 	C:\Windows\System32\RPCRT4.dll
0x00007ffe5f990000 - 0x00007ffe5f9fb000 	C:\Windows\System32\WS2_32.dll
0x00007ffe5d630000 - 0x00007ffe5d67b000 	C:\Windows\SYSTEM32\POWRPROF.dll
0x00007ffe50bb0000 - 0x00007ffe50bd7000 	C:\Windows\SYSTEM32\WINMM.dll
0x00007ffe4f1a0000 - 0x00007ffe4f1aa000 	C:\Windows\SYSTEM32\VERSION.dll
0x00007ffe5d4a0000 - 0x00007ffe5d4b2000 	C:\Windows\SYSTEM32\UMPDC.dll
0x00007ffe5bf20000 - 0x00007ffe5bf32000 	C:\Windows\SYSTEM32\kernel.appcore.dll
0x00007ffe57320000 - 0x00007ffe5732a000 	C:\Users\dat\.jdks\corretto-17.0.12\bin\jimage.dll
0x00007ffe5b7e0000 - 0x00007ffe5b9c4000 	C:\Windows\SYSTEM32\DBGHELP.DLL
0x00007ffe47d10000 - 0x00007ffe47d44000 	C:\Windows\SYSTEM32\dbgcore.DLL
0x00007ffe5e0a0000 - 0x00007ffe5e122000 	C:\Windows\System32\bcryptPrimitives.dll
0x00007ffe56610000 - 0x00007ffe5661e000 	C:\Users\dat\.jdks\corretto-17.0.12\bin\instrument.dll
0x00007ffe524d0000 - 0x00007ffe524f5000 	C:\Users\dat\.jdks\corretto-17.0.12\bin\java.dll
0x00007ffe34700000 - 0x00007ffe347d7000 	C:\Users\dat\.jdks\corretto-17.0.12\bin\jsvml.dll
0x00007ffe5ebb0000 - 0x00007ffe5f2f4000 	C:\Windows\System32\SHELL32.dll
0x00007ffe5c120000 - 0x00007ffe5c8b3000 	C:\Windows\SYSTEM32\windows.storage.dll
0x00007ffe60590000 - 0x00007ffe608e4000 	C:\Windows\System32\combase.dll
0x00007ffe5dac0000 - 0x00007ffe5daee000 	C:\Windows\SYSTEM32\Wldp.dll
0x00007ffe5fba0000 - 0x00007ffe5fc4d000 	C:\Windows\System32\SHCORE.dll
0x00007ffe5ff20000 - 0x00007ffe5ff75000 	C:\Windows\System32\shlwapi.dll
0x00007ffe5dfb0000 - 0x00007ffe5dfcf000 	C:\Windows\SYSTEM32\profapi.dll
0x00007ffe52670000 - 0x00007ffe52688000 	C:\Users\dat\.jdks\corretto-17.0.12\bin\zip.dll
0x00007ffe50960000 - 0x00007ffe50979000 	C:\Users\dat\.jdks\corretto-17.0.12\bin\net.dll
0x00007ffe56b10000 - 0x00007ffe56c1a000 	C:\Windows\SYSTEM32\WINHTTP.dll
0x00007ffe5d820000 - 0x00007ffe5d88a000 	C:\Windows\system32\mswsock.dll
0x00007ffe502b0000 - 0x00007ffe502c6000 	C:\Users\dat\.jdks\corretto-17.0.12\bin\nio.dll
0x00007ffe55a30000 - 0x00007ffe55a40000 	C:\Users\dat\.jdks\corretto-17.0.12\bin\verify.dll
0x00007ffe49740000 - 0x00007ffe49767000 	D:\codegym\module3\demo\native\c067742578af261105cb4f569cf0c3c89f3d7b1fecec35dd04571415982c5e48\windows-amd64\native-platform.dll
0x00007ffe31ca0000 - 0x00007ffe31de4000 	D:\codegym\module3\demo\native\100fb08df4bc3b14c8652ba06237920a3bd2aa13389f12d3474272988ae205f9\windows-amd64\native-platform-file-events.dll
0x00007ffe555f0000 - 0x00007ffe555f9000 	C:\Users\dat\.jdks\corretto-17.0.12\bin\management.dll
0x00007ffe53b90000 - 0x00007ffe53b9b000 	C:\Users\dat\.jdks\corretto-17.0.12\bin\management_ext.dll
0x00007ffe601c0000 - 0x00007ffe601c8000 	C:\Windows\System32\PSAPI.DLL
0x00007ffe5da10000 - 0x00007ffe5da28000 	C:\Windows\SYSTEM32\CRYPTSP.dll
0x00007ffe5d0d0000 - 0x00007ffe5d104000 	C:\Windows\system32\rsaenh.dll
0x00007ffe5e070000 - 0x00007ffe5e097000 	C:\Windows\System32\bcrypt.dll
0x00007ffe5df30000 - 0x00007ffe5df5e000 	C:\Windows\SYSTEM32\USERENV.dll
0x00007ffe5da30000 - 0x00007ffe5da3c000 	C:\Windows\SYSTEM32\CRYPTBASE.dll
0x00007ffe5d4c0000 - 0x00007ffe5d4fc000 	C:\Windows\SYSTEM32\IPHLPAPI.DLL
0x00007ffe5eba0000 - 0x00007ffe5eba8000 	C:\Windows\System32\NSI.dll
0x00007ffe56880000 - 0x00007ffe56897000 	C:\Windows\SYSTEM32\dhcpcsvc6.DLL
0x00007ffe56860000 - 0x00007ffe5687d000 	C:\Windows\SYSTEM32\dhcpcsvc.DLL
0x00007ffe5d510000 - 0x00007ffe5d5da000 	C:\Windows\SYSTEM32\DNSAPI.dll
0x00007ffe52470000 - 0x00007ffe52479000 	C:\Users\dat\.jdks\corretto-17.0.12\bin\extnet.dll
0x00007ffe52310000 - 0x00007ffe5231e000 	C:\Users\dat\.jdks\corretto-17.0.12\bin\sunmscapi.dll
0x00007ffe5e160000 - 0x00007ffe5e2be000 	C:\Windows\System32\CRYPT32.dll
0x00007ffe5db30000 - 0x00007ffe5db58000 	C:\Windows\SYSTEM32\ncrypt.dll
0x00007ffe5daf0000 - 0x00007ffe5db2b000 	C:\Windows\SYSTEM32\NTASN1.dll
0x00007ffe57ac0000 - 0x00007ffe57ac7000 	C:\Windows\system32\wshunix.dll

dbghelp: loaded successfully - version: 4.0.5 - missing functions: none
symbol engine: initialized successfully - sym options: 0x614 - pdb path: .;C:\Users\dat\.jdks\corretto-17.0.12\bin;C:\Windows\SYSTEM32;C:\Windows\WinSxS\amd64_microsoft.windows.common-controls_6595b64144ccf1df_6.0.19041.1110_none_60b5254171f9507e;C:\Users\dat\.jdks\corretto-17.0.12\bin\server;D:\codegym\module3\demo\native\c067742578af261105cb4f569cf0c3c89f3d7b1fecec35dd04571415982c5e48\windows-amd64;D:\codegym\module3\demo\native\100fb08df4bc3b14c8652ba06237920a3bd2aa13389f12d3474272988ae205f9\windows-amd64

VM Arguments:
jvm_args: --add-opens=java.base/java.lang=ALL-UNNAMED --add-opens=java.base/java.lang.invoke=ALL-UNNAMED --add-opens=java.base/java.util=ALL-UNNAMED --add-opens=java.prefs/java.util.prefs=ALL-UNNAMED --add-exports=jdk.compiler/com.sun.tools.javac.api=ALL-UNNAMED --add-exports=jdk.compiler/com.sun.tools.javac.util=ALL-UNNAMED --add-opens=java.base/java.util=ALL-UNNAMED --add-opens=java.prefs/java.util.prefs=ALL-UNNAMED --add-opens=java.base/java.nio.charset=ALL-UNNAMED --add-opens=java.base/java.net=ALL-UNNAMED --add-opens=java.base/java.util.concurrent.atomic=ALL-UNNAMED --add-opens=java.xml/javax.xml.namespace=ALL-UNNAMED -XX:MaxMetaspaceSize=384m -XX:+HeapDumpOnOutOfMemoryError -Xms256m -Xmx512m -Dfile.encoding=UTF-8 -Duser.country=US -Duser.language=en -Duser.variant -javaagent:D:\codegym\module3\demo\wrapper\dists\gradle-8.11.1-bin\bpt9gzteqjrbo1mjrsomdt32c\gradle-8.11.1\lib\agents\gradle-instrumentation-agent-8.11.1.jar 
java_command: org.gradle.launcher.daemon.bootstrap.GradleDaemon 8.11.1
java_class_path (initial): D:\codegym\module3\demo\wrapper\dists\gradle-8.11.1-bin\bpt9gzteqjrbo1mjrsomdt32c\gradle-8.11.1\lib\gradle-daemon-main-8.11.1.jar
Launcher Type: SUN_STANDARD

[Global flags]
     intx CICompilerCount                          = 3                                         {product} {ergonomic}
   size_t CompressedClassSpaceSize                 = 335544320                                 {product} {ergonomic}
     uint ConcGCThreads                            = 1                                         {product} {ergonomic}
     uint G1ConcRefinementThreads                  = 4                                         {product} {ergonomic}
   size_t G1HeapRegionSize                         = 1048576                                   {product} {ergonomic}
    uintx GCDrainStackTargetSize                   = 64                                        {product} {ergonomic}
     bool HeapDumpOnOutOfMemoryError               = true                                   {manageable} {command line}
   size_t InitialHeapSize                          = 268435456                                 {product} {command line}
   size_t MarkStackSize                            = 4194304                                   {product} {ergonomic}
   size_t MaxHeapSize                              = 536870912                                 {product} {command line}
   size_t MaxMetaspaceSize                         = 402653184                                 {product} {command line}
   size_t MaxNewSize                               = 321912832                                 {product} {ergonomic}
   size_t MinHeapDeltaBytes                        = 1048576                                   {product} {ergonomic}
   size_t MinHeapSize                              = 268435456                                 {product} {command line}
    uintx NonNMethodCodeHeapSize                   = 5832780                                {pd product} {ergonomic}
    uintx NonProfiledCodeHeapSize                  = 122912730                              {pd product} {ergonomic}
    uintx ProfiledCodeHeapSize                     = 122912730                              {pd product} {ergonomic}
    uintx ReservedCodeCacheSize                    = 251658240                              {pd product} {ergonomic}
     bool SegmentedCodeCache                       = true                                      {product} {ergonomic}
   size_t SoftMaxHeapSize                          = 536870912                              {manageable} {ergonomic}
     bool UseCompressedClassPointers               = true                           {product lp64_product} {ergonomic}
     bool UseCompressedOops                        = true                           {product lp64_product} {ergonomic}
     bool UseG1GC                                  = true                                      {product} {ergonomic}
     bool UseLargePagesIndividualAllocation        = false                                  {pd product} {ergonomic}

Logging:
Log output configuration:
 #0: stdout all=warning uptime,level,tags
 #1: stderr all=off uptime,level,tags

Environment Variables:
PATH=C:\Program Files\Python311\Scripts\;C:\Program Files\Python311\;C:\Windows\system32;C:\Windows;C:\Windows\System32\Wbem;C:\Windows\System32\WindowsPowerShell\v1.0\;C:\Windows\System32\OpenSSH\;C:\Program Files\dotnet\;C:\Program Files\Git\cmd;C:\Program Files\MySQL\MySQL Shell 8.0\bin\;C:\Users\dat\AppData\Local\Programs\Python\Python312\Scripts\;C:\Users\dat\AppData\Local\Programs\Python\Python312\;C:\Users\dat\AppData\Local\Microsoft\WindowsApps;C:\Users\dat\.dotnet\tools;C:\Users\dat\AppData\Local\Programs\Microsoft VS Code\bin;C:\Users\dat\AppData\Local\GitHubDesktop\bin
USERNAME=dat
OS=Windows_NT
PROCESSOR_IDENTIFIER=Intel64 Family 6 Model 61 Stepping 4, GenuineIntel
TMP=C:\Users\dat\AppData\Local\Temp
TEMP=C:\Users\dat\AppData\Local\Temp



Periodic native trim disabled


---------------  S Y S T E M  ---------------

OS:
 Windows 10 , 64 bit Build 19041 (10.0.19041.3031)
OS uptime: 12 days 8:32 hours

CPU: total 4 (initial active 4) (2 cores per cpu, 2 threads per core) family 6 model 61 stepping 4 microcode 0x2d, cx8, cmov, fxsr, ht, mmx, 3dnowpref, sse, sse2, sse3, ssse3, sse4.1, sse4.2, popcnt, lzcnt, tsc, tscinvbit, avx, avx2, aes, erms, clmul, bmi1, bmi2, adx, fma, vzeroupper, clflush
Processor Information for all 4 processors :
  Max Mhz: 2195, Current Mhz: 2195, Mhz Limit: 2195

Memory: 4k page, system-wide physical 8097M (73M free)
TotalPageFile size 17471M (AvailPageFile size 15M)
current process WorkingSet (physical memory assigned to process): 225M, peak: 314M
current process commit charge ("private bytes"): 449M, peak: 463M

vm_info: OpenJDK 64-Bit Server VM (17.0.12+7-LTS) for windows-amd64 JRE (17.0.12+7-LTS), built on Jul 10 2024 20:46:33 by "Administrator" with MS VC++ 16.10 / 16.11 (VS2019)

END.
