#
# There is insufficient memory for the Java Runtime Environment to continue.
# Native memory allocation (malloc) failed to allocate 1979312 bytes. Error detail: Chunk::new
# Possible reasons:
#   The system is out of physical RAM or swap space
#   This process is running with CompressedOops enabled, and the Java Heap may be blocking the growth of the native heap
# Possible solutions:
#   Reduce memory load on the system
#   Increase physical memory or swap space
#   Check if swap backing store is full
#   Decrease Java heap size (-Xmx/-Xms)
#   Decrease number of Java threads
#   Decrease Java thread stack sizes (-Xss)
#   Set larger code cache with -XX:ReservedCodeCacheSize=
#   JVM is running with Unscaled Compressed Oops mode in which the Java heap is
#     placed in the first 4GB address space. The Java Heap base address is the
#     maximum limit for the native heap growth. Please use -XX:HeapBaseMinAddress
#     to set the Java Heap base and to place the Java Heap above 4GB virtual address.
# This output file may be truncated or incomplete.
#
#  Out of Memory Error (arena.cpp:191), pid=10092, tid=16164
#
# JRE version: OpenJDK Runtime Environment Corretto-17.0.12.7.1 (17.0.12+7) (build 17.0.12+7-LTS)
# Java VM: OpenJDK 64-Bit Server VM Corretto-17.0.12.7.1 (17.0.12+7-LTS, mixed mode, sharing, tiered, compressed oops, compressed class ptrs, g1 gc, windows-amd64)
# No core dump will be written. Minidumps are not enabled by default on client versions of Windows
#

---------------  S U M M A R Y ------------

Command Line: --add-opens=java.base/java.lang=ALL-UNNAMED --add-opens=java.base/java.lang.invoke=ALL-UNNAMED --add-opens=java.base/java.util=ALL-UNNAMED --add-opens=java.prefs/java.util.prefs=ALL-UNNAMED --add-exports=jdk.compiler/com.sun.tools.javac.api=ALL-UNNAMED --add-exports=jdk.compiler/com.sun.tools.javac.util=ALL-UNNAMED --add-opens=java.base/java.util=ALL-UNNAMED --add-opens=java.prefs/java.util.prefs=ALL-UNNAMED --add-opens=java.base/java.nio.charset=ALL-UNNAMED --add-opens=java.base/java.net=ALL-UNNAMED --add-opens=java.base/java.util.concurrent.atomic=ALL-UNNAMED --add-opens=java.xml/javax.xml.namespace=ALL-UNNAMED -XX:MaxMetaspaceSize=384m -XX:+HeapDumpOnOutOfMemoryError -Xms256m -Xmx512m -Dfile.encoding=UTF-8 -Duser.country=US -Duser.language=en -Duser.variant -javaagent:D:\codegym\module3\demo\wrapper\dists\gradle-8.11.1-bin\bpt9gzteqjrbo1mjrsomdt32c\gradle-8.11.1\lib\agents\gradle-instrumentation-agent-8.11.1.jar org.gradle.launcher.daemon.bootstrap.GradleDaemon 8.11.1

Host: Intel(R) Core(TM) i5-5200U CPU @ 2.20GHz, 4 cores, 7G,  Windows 10 , 64 bit Build 19041 (10.0.19041.3031)
Time: Wed Dec 25 03:01:57 2024 SE Asia Standard Time elapsed time: 200.973274 seconds (0d 0h 3m 20s)

---------------  T H R E A D  ---------------

Current thread (0x0000021da273cd10):  JavaThread "C2 CompilerThread0" daemon [_thread_in_native, id=16164, stack(0x0000007657900000,0x0000007657a00000)]


Current CompileTask:
C2: 200973 6412       4       org.objectweb.asm.Frame::execute (2303 bytes)

Stack: [0x0000007657900000,0x0000007657a00000]
Native frames: (J=compiled Java code, j=interpreted, Vv=VM code, C=native code)
V  [jvm.dll+0x67f4f9]
V  [jvm.dll+0x836eaa]
V  [jvm.dll+0x83896e]
V  [jvm.dll+0x838fd3]
V  [jvm.dll+0x247f6f]
V  [jvm.dll+0xac9d4]
V  [jvm.dll+0xad01c]
V  [jvm.dll+0x367097]
V  [jvm.dll+0x33156a]
V  [jvm.dll+0x330a0a]
V  [jvm.dll+0x21a501]
V  [jvm.dll+0x219941]
V  [jvm.dll+0x1a57bd]
V  [jvm.dll+0x22966d]
V  [jvm.dll+0x22781c]
V  [jvm.dll+0x7ebec7]
V  [jvm.dll+0x7e62ac]
V  [jvm.dll+0x67e3c7]
C  [ucrtbase.dll+0x21bb2]
C  [KERNEL32.DLL+0x17614]
C  [ntdll.dll+0x526f1]


---------------  P R O C E S S  ---------------

Threads class SMR info:
_java_thread_list=0x0000021dbece24e0, length=48, elements={
0x0000021d88421060, 0x0000021da2724b00, 0x0000021da27268a0, 0x0000021da27374d0,
0x0000021da2739eb0, 0x0000021da273a780, 0x0000021da273b050, 0x0000021da273cd10,
0x0000021da2747650, 0x0000021da27a8ac0, 0x0000021da270e7a0, 0x0000021da2a1a0d0,
0x0000021dbcf14860, 0x0000021da2795380, 0x0000021dbd4f9a00, 0x0000021dbc9ba520,
0x0000021dbd2fd410, 0x0000021dbc041a40, 0x0000021dbc041f50, 0x0000021dbc042460,
0x0000021dbc042970, 0x0000021dbc042e80, 0x0000021dbc0438a0, 0x0000021dbc0400f0,
0x0000021dbc040600, 0x0000021dbc040b10, 0x0000021dbc041020, 0x0000021dbe04b690,
0x0000021dbe050790, 0x0000021dbe04cfe0, 0x0000021dbe04cad0, 0x0000021dbe0520e0,
0x0000021dbe0511b0, 0x0000021dbe04ac70, 0x0000021dbe0525f0, 0x0000021dbe04c0b0,
0x0000021dbe04e420, 0x0000021dbe0516c0, 0x0000021dbe04b180, 0x0000021dbe050ca0,
0x0000021dbe04ee40, 0x0000021dbe04f350, 0x0000021dbe04c5c0, 0x0000021dbe04bba0,
0x0000021dbe04fd70, 0x0000021dbe051bd0, 0x0000021dbe04d4f0, 0x0000021dbef4bab0
}

Java Threads: ( => current thread )
  0x0000021d88421060 JavaThread "main" [_thread_blocked, id=4288, stack(0x0000007656c00000,0x0000007656d00000)]
  0x0000021da2724b00 JavaThread "Reference Handler" daemon [_thread_blocked, id=12832, stack(0x0000007657300000,0x0000007657400000)]
  0x0000021da27268a0 JavaThread "Finalizer" daemon [_thread_blocked, id=5552, stack(0x0000007657400000,0x0000007657500000)]
  0x0000021da27374d0 JavaThread "Signal Dispatcher" daemon [_thread_blocked, id=5264, stack(0x0000007657500000,0x0000007657600000)]
  0x0000021da2739eb0 JavaThread "Attach Listener" daemon [_thread_blocked, id=12684, stack(0x0000007657600000,0x0000007657700000)]
  0x0000021da273a780 JavaThread "Service Thread" daemon [_thread_blocked, id=3548, stack(0x0000007657700000,0x0000007657800000)]
  0x0000021da273b050 JavaThread "Monitor Deflation Thread" daemon [_thread_blocked, id=15136, stack(0x0000007657800000,0x0000007657900000)]
=>0x0000021da273cd10 JavaThread "C2 CompilerThread0" daemon [_thread_in_native, id=16164, stack(0x0000007657900000,0x0000007657a00000)]
  0x0000021da2747650 JavaThread "C1 CompilerThread0" daemon [_thread_blocked, id=3764, stack(0x0000007657a00000,0x0000007657b00000)]
  0x0000021da27a8ac0 JavaThread "Sweeper thread" daemon [_thread_blocked, id=10628, stack(0x0000007657b00000,0x0000007657c00000)]
  0x0000021da270e7a0 JavaThread "Common-Cleaner" daemon [_thread_blocked, id=16376, stack(0x0000007657c00000,0x0000007657d00000)]
  0x0000021da2a1a0d0 JavaThread "Notification Thread" daemon [_thread_blocked, id=2604, stack(0x0000007657d00000,0x0000007657e00000)]
  0x0000021dbcf14860 JavaThread "Daemon health stats" [_thread_blocked, id=5356, stack(0x0000007658200000,0x0000007658300000)]
  0x0000021da2795380 JavaThread "Incoming local TCP Connector on port 58537" [_thread_in_native, id=6484, stack(0x0000007658300000,0x0000007658400000)]
  0x0000021dbd4f9a00 JavaThread "Daemon periodic checks" [_thread_blocked, id=14128, stack(0x0000007658400000,0x0000007658500000)]
  0x0000021dbc9ba520 JavaThread "Daemon" [_thread_blocked, id=9068, stack(0x0000007658500000,0x0000007658600000)]
  0x0000021dbd2fd410 JavaThread "Handler for socket connection from /127.0.0.1:58537 to /127.0.0.1:58541" [_thread_in_native, id=15312, stack(0x0000007658600000,0x0000007658700000)]
  0x0000021dbc041a40 JavaThread "Cancel handler" [_thread_blocked, id=15704, stack(0x0000007658700000,0x0000007658800000)]
  0x0000021dbc041f50 JavaThread "Daemon worker" [_thread_in_vm, id=14360, stack(0x0000007658800000,0x0000007658900000)]
  0x0000021dbc042460 JavaThread "Asynchronous log dispatcher for DefaultDaemonConnection: socket connection from /127.0.0.1:58537 to /127.0.0.1:58541" [_thread_blocked, id=2516, stack(0x0000007658900000,0x0000007658a00000)]
  0x0000021dbc042970 JavaThread "Stdin handler" [_thread_blocked, id=15152, stack(0x0000007658a00000,0x0000007658b00000)]
  0x0000021dbc042e80 JavaThread "Daemon client event forwarder" [_thread_blocked, id=12712, stack(0x0000007658b00000,0x0000007658c00000)]
  0x0000021dbc0438a0 JavaThread "Cache worker for journal cache (D:\codegym\module3\demo\caches\journal-1)" [_thread_blocked, id=1144, stack(0x0000007658c00000,0x0000007658d00000)]
  0x0000021dbc0400f0 JavaThread "File lock request listener" [_thread_in_native, id=15380, stack(0x0000007658d00000,0x0000007658e00000)]
  0x0000021dbc040600 JavaThread "File lock release action executor" [_thread_blocked, id=8888, stack(0x0000007658e00000,0x0000007658f00000)]
  0x0000021dbc040b10 JavaThread "Cache worker for file hash cache (D:\codegym\module3\demo\caches\8.11.1\fileHashes)" [_thread_blocked, id=6396, stack(0x0000007658f00000,0x0000007659000000)]
  0x0000021dbc041020 JavaThread "Cache worker for file content cache (D:\codegym\module3\demo\caches\8.11.1\fileContent)" [_thread_blocked, id=14544, stack(0x0000007659000000,0x0000007659100000)]
  0x0000021dbe04b690 JavaThread "Cache worker for file hash cache (D:\codegym\module4\quanlynha\.gradle\8.11.1\fileHashes)" [_thread_blocked, id=5140, stack(0x0000007659100000,0x0000007659200000)]
  0x0000021dbe050790 JavaThread "Cache worker for Build Output Cleanup Cache (D:\codegym\module4\quanlynha\.gradle\buildOutputCleanup)" [_thread_blocked, id=7552, stack(0x0000007659200000,0x0000007659300000)]
  0x0000021dbe04cfe0 JavaThread "File watcher server" daemon [_thread_in_native, id=4816, stack(0x0000007659300000,0x0000007659400000)]
  0x0000021dbe04cad0 JavaThread "File watcher consumer" daemon [_thread_blocked, id=13376, stack(0x0000007659400000,0x0000007659500000)]
  0x0000021dbe0520e0 JavaThread "Cache worker for checksums cache (D:\codegym\module4\quanlynha\.gradle\8.11.1\checksums)" [_thread_blocked, id=12364, stack(0x0000007659500000,0x0000007659600000)]
  0x0000021dbe0511b0 JavaThread "Cache worker for cache directory md-rule (D:\codegym\module3\demo\caches\8.11.1\md-rule)" [_thread_blocked, id=11976, stack(0x0000007659600000,0x0000007659700000)]
  0x0000021dbe04ac70 JavaThread "Cache worker for cache directory md-supplier (D:\codegym\module3\demo\caches\8.11.1\md-supplier)" [_thread_blocked, id=8860, stack(0x0000007659700000,0x0000007659800000)]
  0x0000021dbe0525f0 JavaThread "jar transforms" [_thread_blocked, id=4516, stack(0x0000007659a00000,0x0000007659b00000)]
  0x0000021dbe04c0b0 JavaThread "jar transforms Thread 2" [_thread_blocked, id=16268, stack(0x0000007659b00000,0x0000007659c00000)]
  0x0000021dbe04e420 JavaThread "jar transforms Thread 3" [_thread_blocked, id=7464, stack(0x0000007659c00000,0x0000007659d00000)]
  0x0000021dbe0516c0 JavaThread "jar transforms Thread 4" [_thread_blocked, id=15068, stack(0x0000007659d00000,0x0000007659e00000)]
  0x0000021dbe04b180 JavaThread "Unconstrained build operations" [_thread_blocked, id=2400, stack(0x0000007656b00000,0x0000007656c00000)]
  0x0000021dbe050ca0 JavaThread "Unconstrained build operations Thread 2" [_thread_blocked, id=8164, stack(0x0000007659800000,0x0000007659900000)]
  0x0000021dbe04ee40 JavaThread "Unconstrained build operations Thread 3" [_thread_blocked, id=13864, stack(0x0000007659e00000,0x0000007659f00000)]
  0x0000021dbe04f350 JavaThread "Unconstrained build operations Thread 4" [_thread_blocked, id=7688, stack(0x000000765a100000,0x000000765a200000)]
  0x0000021dbe04c5c0 JavaThread "Unconstrained build operations Thread 5" [_thread_blocked, id=3484, stack(0x000000765a200000,0x000000765a300000)]
  0x0000021dbe04bba0 JavaThread "Unconstrained build operations Thread 6" [_thread_blocked, id=3844, stack(0x000000765a300000,0x000000765a400000)]
  0x0000021dbe04fd70 JavaThread "Unconstrained build operations Thread 7" [_thread_blocked, id=12980, stack(0x000000765a400000,0x000000765a500000)]
  0x0000021dbe051bd0 JavaThread "Unconstrained build operations Thread 8" [_thread_blocked, id=11508, stack(0x000000765a500000,0x000000765a600000)]
  0x0000021dbe04d4f0 JavaThread "Unconstrained build operations Thread 9" [_thread_blocked, id=7052, stack(0x000000765a600000,0x000000765a700000)]
  0x0000021dbef4bab0 JavaThread "Memory manager" [_thread_blocked, id=11184, stack(0x0000007659900000,0x0000007659a00000)]

Other Threads:
  0x0000021da271fb80 VMThread "VM Thread" [stack: 0x0000007657200000,0x0000007657300000] [id=10264]
  0x0000021d88421f30 WatcherThread [stack: 0x0000007657e00000,0x0000007657f00000] [id=16288]
  0x0000021d8844dd20 GCTaskThread "GC Thread#0" [stack: 0x0000007656d00000,0x0000007656e00000] [id=6956]
  0x0000021da2b3fe80 GCTaskThread "GC Thread#1" [stack: 0x0000007657f00000,0x0000007658000000] [id=9256]
  0x0000021da2b621b0 GCTaskThread "GC Thread#2" [stack: 0x0000007658000000,0x0000007658100000] [id=14448]
  0x0000021da2b62470 GCTaskThread "GC Thread#3" [stack: 0x0000007658100000,0x0000007658200000] [id=12616]
  0x0000021d88453b90 ConcurrentGCThread "G1 Main Marker" [stack: 0x0000007656e00000,0x0000007656f00000] [id=11076]
  0x0000021d884544c0 ConcurrentGCThread "G1 Conc#0" [stack: 0x0000007656f00000,0x0000007657000000] [id=16044]
  0x0000021d884ed810 ConcurrentGCThread "G1 Refine#0" [stack: 0x0000007657000000,0x0000007657100000] [id=13436]
  0x0000021dbd639d00 ConcurrentGCThread "G1 Refine#1" [stack: 0x0000007656a00000,0x0000007656b00000] [id=15928]
  0x0000021dbe6d5210 ConcurrentGCThread "G1 Refine#2" [stack: 0x0000007659f00000,0x000000765a000000] [id=15340]
  0x0000021dbe6d4f20 ConcurrentGCThread "G1 Refine#3" [stack: 0x000000765a000000,0x000000765a100000] [id=9740]
  0x0000021d884ee150 ConcurrentGCThread "G1 Service" [stack: 0x0000007657100000,0x0000007657200000] [id=14524]

Threads with active compile tasks:
C2 CompilerThread0   201016 6412       4       org.objectweb.asm.Frame::execute (2303 bytes)

VM state: not at safepoint (normal execution)

VM Mutex/Monitor currently owned by a thread: None

Heap address: 0x00000000e0000000, size: 512 MB, Compressed Oops mode: 32-bit

CDS archive(s) mapped at: [0x0000021da3000000-0x0000021da3bb0000-0x0000021da3bb0000), size 12255232, SharedBaseAddress: 0x0000021da3000000, ArchiveRelocationMode: 1.
Compressed class space mapped at: 0x0000021da4000000-0x0000021db8000000, reserved size: 335544320
Narrow klass base: 0x0000021da3000000, Narrow klass shift: 0, Narrow klass range: 0x100000000

GC Precious Log:
 CPUs: 4 total, 4 available
 Memory: 8097M
 Large Page Support: Disabled
 NUMA Support: Disabled
 Compressed Oops: Enabled (32-bit)
 Heap Region Size: 1M
 Heap Min Capacity: 256M
 Heap Initial Capacity: 256M
 Heap Max Capacity: 512M
 Pre-touch: Disabled
 Parallel Workers: 4
 Concurrent Workers: 1
 Concurrent Refinement Workers: 4
 Periodic GC: Disabled

Heap:
 garbage-first heap   total 262144K, used 66274K [0x00000000e0000000, 0x0000000100000000)
  region size 1024K, 31 young (31744K), 1 survivors (1024K)
 Metaspace       used 47659K, committed 48192K, reserved 393216K
  class space    used 6714K, committed 6976K, reserved 327680K

Heap Regions: E=young(eden), S=young(survivor), O=old, HS=humongous(starts), HC=humongous(continues), CS=collection set, F=free, OA=open archive, CA=closed archive, TAMS=top-at-mark-start (previous, next)
|   0|0x00000000e0000000, 0x00000000e0100000, 0x00000000e0100000|100%|HS|  |TAMS 0x00000000e0100000, 0x00000000e0000000| Complete 
|   1|0x00000000e0100000, 0x00000000e0200000, 0x00000000e0200000|100%|HC|  |TAMS 0x00000000e0200000, 0x00000000e0100000| Complete 
|   2|0x00000000e0200000, 0x00000000e0300000, 0x00000000e0300000|100%|HC|  |TAMS 0x00000000e0300000, 0x00000000e0200000| Complete 
|   3|0x00000000e0300000, 0x00000000e0400000, 0x00000000e0400000|100%| O|  |TAMS 0x00000000e0400000, 0x00000000e0300000| Untracked 
|   4|0x00000000e0400000, 0x00000000e0500000, 0x00000000e0500000|100%| O|  |TAMS 0x00000000e0500000, 0x00000000e0400000| Untracked 
|   5|0x00000000e0500000, 0x00000000e0600000, 0x00000000e0600000|100%| O|  |TAMS 0x00000000e0600000, 0x00000000e0500000| Untracked 
|   6|0x00000000e0600000, 0x00000000e0700000, 0x00000000e0700000|100%| O|  |TAMS 0x00000000e0700000, 0x00000000e0600000| Untracked 
|   7|0x00000000e0700000, 0x00000000e0800000, 0x00000000e0800000|100%|HS|  |TAMS 0x00000000e0800000, 0x00000000e0700000| Complete 
|   8|0x00000000e0800000, 0x00000000e0900000, 0x00000000e0900000|100%| O|  |TAMS 0x00000000e0900000, 0x00000000e0800000| Untracked 
|   9|0x00000000e0900000, 0x00000000e0900000, 0x00000000e0a00000|  0%| F|  |TAMS 0x00000000e0900000, 0x00000000e0900000| Untracked 
|  10|0x00000000e0a00000, 0x00000000e0b00000, 0x00000000e0b00000|100%| O|  |TAMS 0x00000000e0b00000, 0x00000000e0a00000| Untracked 
|  11|0x00000000e0b00000, 0x00000000e0c00000, 0x00000000e0c00000|100%| O|  |TAMS 0x00000000e0c00000, 0x00000000e0b00000| Untracked 
|  12|0x00000000e0c00000, 0x00000000e0d00000, 0x00000000e0d00000|100%| O|  |TAMS 0x00000000e0d00000, 0x00000000e0c00000| Untracked 
|  13|0x00000000e0d00000, 0x00000000e0e00000, 0x00000000e0e00000|100%| O|  |TAMS 0x00000000e0e00000, 0x00000000e0d00000| Untracked 
|  14|0x00000000e0e00000, 0x00000000e0f00000, 0x00000000e0f00000|100%| O|  |TAMS 0x00000000e0f00000, 0x00000000e0e00000| Untracked 
|  15|0x00000000e0f00000, 0x00000000e1000000, 0x00000000e1000000|100%| O|  |TAMS 0x00000000e1000000, 0x00000000e0f00000| Untracked 
|  16|0x00000000e1000000, 0x00000000e1100000, 0x00000000e1100000|100%| O|  |TAMS 0x00000000e1100000, 0x00000000e1000000| Untracked 
|  17|0x00000000e1100000, 0x00000000e1200000, 0x00000000e1200000|100%| O|  |TAMS 0x00000000e1200000, 0x00000000e1100000| Untracked 
|  18|0x00000000e1200000, 0x00000000e1300000, 0x00000000e1300000|100%| O|  |TAMS 0x00000000e1300000, 0x00000000e1200000| Untracked 
|  19|0x00000000e1300000, 0x00000000e1400000, 0x00000000e1400000|100%| O|  |TAMS 0x00000000e1400000, 0x00000000e1300000| Untracked 
|  20|0x00000000e1400000, 0x00000000e1500000, 0x00000000e1500000|100%| O|  |TAMS 0x00000000e1500000, 0x00000000e1400000| Untracked 
|  21|0x00000000e1500000, 0x00000000e1600000, 0x00000000e1600000|100%| O|  |TAMS 0x00000000e1575e00, 0x00000000e1500000| Untracked 
|  22|0x00000000e1600000, 0x00000000e1700000, 0x00000000e1700000|100%| O|  |TAMS 0x00000000e1600000, 0x00000000e1600000| Untracked 
|  23|0x00000000e1700000, 0x00000000e1800000, 0x00000000e1800000|100%| O|  |TAMS 0x00000000e1700000, 0x00000000e1700000| Untracked 
|  24|0x00000000e1800000, 0x00000000e1900000, 0x00000000e1900000|100%| O|  |TAMS 0x00000000e1800000, 0x00000000e1800000| Untracked 
|  25|0x00000000e1900000, 0x00000000e1a00000, 0x00000000e1a00000|100%| O|  |TAMS 0x00000000e1900000, 0x00000000e1900000| Untracked 
|  26|0x00000000e1a00000, 0x00000000e1b00000, 0x00000000e1b00000|100%| O|  |TAMS 0x00000000e1a00000, 0x00000000e1a00000| Untracked 
|  27|0x00000000e1b00000, 0x00000000e1c00000, 0x00000000e1c00000|100%| O|  |TAMS 0x00000000e1b00000, 0x00000000e1b00000| Untracked 
|  28|0x00000000e1c00000, 0x00000000e1d00000, 0x00000000e1d00000|100%| O|  |TAMS 0x00000000e1c00000, 0x00000000e1c00000| Untracked 
|  29|0x00000000e1d00000, 0x00000000e1e00000, 0x00000000e1e00000|100%| O|  |TAMS 0x00000000e1d00000, 0x00000000e1d00000| Untracked 
|  30|0x00000000e1e00000, 0x00000000e1f00000, 0x00000000e1f00000|100%| O|  |TAMS 0x00000000e1e00000, 0x00000000e1e00000| Untracked 
|  31|0x00000000e1f00000, 0x00000000e2000000, 0x00000000e2000000|100%| O|  |TAMS 0x00000000e1f00000, 0x00000000e1f00000| Untracked 
|  32|0x00000000e2000000, 0x00000000e2100000, 0x00000000e2100000|100%| O|  |TAMS 0x00000000e2000000, 0x00000000e2000000| Untracked 
|  33|0x00000000e2100000, 0x00000000e2200000, 0x00000000e2200000|100%| O|  |TAMS 0x00000000e2100000, 0x00000000e2100000| Untracked 
|  34|0x00000000e2200000, 0x00000000e2300000, 0x00000000e2300000|100%| O|  |TAMS 0x00000000e2200000, 0x00000000e2200000| Untracked 
|  35|0x00000000e2300000, 0x00000000e23b8a00, 0x00000000e2400000| 72%| O|  |TAMS 0x00000000e2300000, 0x00000000e2300000| Untracked 
|  36|0x00000000e2400000, 0x00000000e2400000, 0x00000000e2500000|  0%| F|  |TAMS 0x00000000e2400000, 0x00000000e2400000| Untracked 
|  37|0x00000000e2500000, 0x00000000e2500000, 0x00000000e2600000|  0%| F|  |TAMS 0x00000000e2500000, 0x00000000e2500000| Untracked 
|  38|0x00000000e2600000, 0x00000000e2600000, 0x00000000e2700000|  0%| F|  |TAMS 0x00000000e2600000, 0x00000000e2600000| Untracked 
|  39|0x00000000e2700000, 0x00000000e2700000, 0x00000000e2800000|  0%| F|  |TAMS 0x00000000e2700000, 0x00000000e2700000| Untracked 
|  40|0x00000000e2800000, 0x00000000e2800000, 0x00000000e2900000|  0%| F|  |TAMS 0x00000000e2800000, 0x00000000e2800000| Untracked 
|  41|0x00000000e2900000, 0x00000000e2900000, 0x00000000e2a00000|  0%| F|  |TAMS 0x00000000e2900000, 0x00000000e2900000| Untracked 
|  42|0x00000000e2a00000, 0x00000000e2a00000, 0x00000000e2b00000|  0%| F|  |TAMS 0x00000000e2a00000, 0x00000000e2a00000| Untracked 
|  43|0x00000000e2b00000, 0x00000000e2b00000, 0x00000000e2c00000|  0%| F|  |TAMS 0x00000000e2b00000, 0x00000000e2b00000| Untracked 
|  44|0x00000000e2c00000, 0x00000000e2c00000, 0x00000000e2d00000|  0%| F|  |TAMS 0x00000000e2c00000, 0x00000000e2c00000| Untracked 
|  45|0x00000000e2d00000, 0x00000000e2d00000, 0x00000000e2e00000|  0%| F|  |TAMS 0x00000000e2d00000, 0x00000000e2d00000| Untracked 
|  46|0x00000000e2e00000, 0x00000000e2e00000, 0x00000000e2f00000|  0%| F|  |TAMS 0x00000000e2e00000, 0x00000000e2e00000| Untracked 
|  47|0x00000000e2f00000, 0x00000000e2f00000, 0x00000000e3000000|  0%| F|  |TAMS 0x00000000e2f00000, 0x00000000e2f00000| Untracked 
|  48|0x00000000e3000000, 0x00000000e3000000, 0x00000000e3100000|  0%| F|  |TAMS 0x00000000e3000000, 0x00000000e3000000| Untracked 
|  49|0x00000000e3100000, 0x00000000e3100000, 0x00000000e3200000|  0%| F|  |TAMS 0x00000000e3100000, 0x00000000e3100000| Untracked 
|  50|0x00000000e3200000, 0x00000000e3200000, 0x00000000e3300000|  0%| F|  |TAMS 0x00000000e3200000, 0x00000000e3200000| Untracked 
|  51|0x00000000e3300000, 0x00000000e3300000, 0x00000000e3400000|  0%| F|  |TAMS 0x00000000e3300000, 0x00000000e3300000| Untracked 
|  52|0x00000000e3400000, 0x00000000e3400000, 0x00000000e3500000|  0%| F|  |TAMS 0x00000000e3400000, 0x00000000e3400000| Untracked 
|  53|0x00000000e3500000, 0x00000000e3500000, 0x00000000e3600000|  0%| F|  |TAMS 0x00000000e3500000, 0x00000000e3500000| Untracked 
|  54|0x00000000e3600000, 0x00000000e3600000, 0x00000000e3700000|  0%| F|  |TAMS 0x00000000e3600000, 0x00000000e3600000| Untracked 
|  55|0x00000000e3700000, 0x00000000e3700000, 0x00000000e3800000|  0%| F|  |TAMS 0x00000000e3700000, 0x00000000e3700000| Untracked 
|  56|0x00000000e3800000, 0x00000000e3800000, 0x00000000e3900000|  0%| F|  |TAMS 0x00000000e3800000, 0x00000000e3800000| Untracked 
|  57|0x00000000e3900000, 0x00000000e3900000, 0x00000000e3a00000|  0%| F|  |TAMS 0x00000000e3900000, 0x00000000e3900000| Untracked 
|  58|0x00000000e3a00000, 0x00000000e3a00000, 0x00000000e3b00000|  0%| F|  |TAMS 0x00000000e3a00000, 0x00000000e3a00000| Untracked 
|  59|0x00000000e3b00000, 0x00000000e3b00000, 0x00000000e3c00000|  0%| F|  |TAMS 0x00000000e3b00000, 0x00000000e3b00000| Untracked 
|  60|0x00000000e3c00000, 0x00000000e3c00000, 0x00000000e3d00000|  0%| F|  |TAMS 0x00000000e3c00000, 0x00000000e3c00000| Untracked 
|  61|0x00000000e3d00000, 0x00000000e3d00000, 0x00000000e3e00000|  0%| F|  |TAMS 0x00000000e3d00000, 0x00000000e3d00000| Untracked 
|  62|0x00000000e3e00000, 0x00000000e3e00000, 0x00000000e3f00000|  0%| F|  |TAMS 0x00000000e3e00000, 0x00000000e3e00000| Untracked 
|  63|0x00000000e3f00000, 0x00000000e3f00000, 0x00000000e4000000|  0%| F|  |TAMS 0x00000000e3f00000, 0x00000000e3f00000| Untracked 
|  64|0x00000000e4000000, 0x00000000e4000000, 0x00000000e4100000|  0%| F|  |TAMS 0x00000000e4000000, 0x00000000e4000000| Untracked 
|  65|0x00000000e4100000, 0x00000000e4100000, 0x00000000e4200000|  0%| F|  |TAMS 0x00000000e4100000, 0x00000000e4100000| Untracked 
|  66|0x00000000e4200000, 0x00000000e4200000, 0x00000000e4300000|  0%| F|  |TAMS 0x00000000e4200000, 0x00000000e4200000| Untracked 
|  67|0x00000000e4300000, 0x00000000e4300000, 0x00000000e4400000|  0%| F|  |TAMS 0x00000000e4300000, 0x00000000e4300000| Untracked 
|  68|0x00000000e4400000, 0x00000000e4400000, 0x00000000e4500000|  0%| F|  |TAMS 0x00000000e4400000, 0x00000000e4400000| Untracked 
|  69|0x00000000e4500000, 0x00000000e4500000, 0x00000000e4600000|  0%| F|  |TAMS 0x00000000e4500000, 0x00000000e4500000| Untracked 
|  70|0x00000000e4600000, 0x00000000e4600000, 0x00000000e4700000|  0%| F|  |TAMS 0x00000000e4600000, 0x00000000e4600000| Untracked 
|  71|0x00000000e4700000, 0x00000000e4700000, 0x00000000e4800000|  0%| F|  |TAMS 0x00000000e4700000, 0x00000000e4700000| Untracked 
|  72|0x00000000e4800000, 0x00000000e4800000, 0x00000000e4900000|  0%| F|  |TAMS 0x00000000e4800000, 0x00000000e4800000| Untracked 
|  73|0x00000000e4900000, 0x00000000e4900000, 0x00000000e4a00000|  0%| F|  |TAMS 0x00000000e4900000, 0x00000000e4900000| Untracked 
|  74|0x00000000e4a00000, 0x00000000e4a00000, 0x00000000e4b00000|  0%| F|  |TAMS 0x00000000e4a00000, 0x00000000e4a00000| Untracked 
|  75|0x00000000e4b00000, 0x00000000e4b00000, 0x00000000e4c00000|  0%| F|  |TAMS 0x00000000e4b00000, 0x00000000e4b00000| Untracked 
|  76|0x00000000e4c00000, 0x00000000e4c00000, 0x00000000e4d00000|  0%| F|  |TAMS 0x00000000e4c00000, 0x00000000e4c00000| Untracked 
|  77|0x00000000e4d00000, 0x00000000e4d00000, 0x00000000e4e00000|  0%| F|  |TAMS 0x00000000e4d00000, 0x00000000e4d00000| Untracked 
|  78|0x00000000e4e00000, 0x00000000e4e00000, 0x00000000e4f00000|  0%| F|  |TAMS 0x00000000e4e00000, 0x00000000e4e00000| Untracked 
|  79|0x00000000e4f00000, 0x00000000e4f00000, 0x00000000e5000000|  0%| F|  |TAMS 0x00000000e4f00000, 0x00000000e4f00000| Untracked 
|  80|0x00000000e5000000, 0x00000000e5000000, 0x00000000e5100000|  0%| F|  |TAMS 0x00000000e5000000, 0x00000000e5000000| Untracked 
|  81|0x00000000e5100000, 0x00000000e5100000, 0x00000000e5200000|  0%| F|  |TAMS 0x00000000e5100000, 0x00000000e5100000| Untracked 
|  82|0x00000000e5200000, 0x00000000e5200000, 0x00000000e5300000|  0%| F|  |TAMS 0x00000000e5200000, 0x00000000e5200000| Untracked 
|  83|0x00000000e5300000, 0x00000000e5300000, 0x00000000e5400000|  0%| F|  |TAMS 0x00000000e5300000, 0x00000000e5300000| Untracked 
|  84|0x00000000e5400000, 0x00000000e5400000, 0x00000000e5500000|  0%| F|  |TAMS 0x00000000e5400000, 0x00000000e5400000| Untracked 
|  85|0x00000000e5500000, 0x00000000e5500000, 0x00000000e5600000|  0%| F|  |TAMS 0x00000000e5500000, 0x00000000e5500000| Untracked 
|  86|0x00000000e5600000, 0x00000000e5600000, 0x00000000e5700000|  0%| F|  |TAMS 0x00000000e5600000, 0x00000000e5600000| Untracked 
|  87|0x00000000e5700000, 0x00000000e5700000, 0x00000000e5800000|  0%| F|  |TAMS 0x00000000e5700000, 0x00000000e5700000| Untracked 
|  88|0x00000000e5800000, 0x00000000e5800000, 0x00000000e5900000|  0%| F|  |TAMS 0x00000000e5800000, 0x00000000e5800000| Untracked 
|  89|0x00000000e5900000, 0x00000000e5900000, 0x00000000e5a00000|  0%| F|  |TAMS 0x00000000e5900000, 0x00000000e5900000| Untracked 
|  90|0x00000000e5a00000, 0x00000000e5a00000, 0x00000000e5b00000|  0%| F|  |TAMS 0x00000000e5a00000, 0x00000000e5a00000| Untracked 
|  91|0x00000000e5b00000, 0x00000000e5b00000, 0x00000000e5c00000|  0%| F|  |TAMS 0x00000000e5b00000, 0x00000000e5b00000| Untracked 
|  92|0x00000000e5c00000, 0x00000000e5c00000, 0x00000000e5d00000|  0%| F|  |TAMS 0x00000000e5c00000, 0x00000000e5c00000| Untracked 
|  93|0x00000000e5d00000, 0x00000000e5d00000, 0x00000000e5e00000|  0%| F|  |TAMS 0x00000000e5d00000, 0x00000000e5d00000| Untracked 
|  94|0x00000000e5e00000, 0x00000000e5e00000, 0x00000000e5f00000|  0%| F|  |TAMS 0x00000000e5e00000, 0x00000000e5e00000| Untracked 
|  95|0x00000000e5f00000, 0x00000000e5f00000, 0x00000000e6000000|  0%| F|  |TAMS 0x00000000e5f00000, 0x00000000e5f00000| Untracked 
|  96|0x00000000e6000000, 0x00000000e6000000, 0x00000000e6100000|  0%| F|  |TAMS 0x00000000e6000000, 0x00000000e6000000| Untracked 
|  97|0x00000000e6100000, 0x00000000e6100000, 0x00000000e6200000|  0%| F|  |TAMS 0x00000000e6100000, 0x00000000e6100000| Untracked 
|  98|0x00000000e6200000, 0x00000000e6200000, 0x00000000e6300000|  0%| F|  |TAMS 0x00000000e6200000, 0x00000000e6200000| Untracked 
|  99|0x00000000e6300000, 0x00000000e6300000, 0x00000000e6400000|  0%| F|  |TAMS 0x00000000e6300000, 0x00000000e6300000| Untracked 
| 100|0x00000000e6400000, 0x00000000e6400000, 0x00000000e6500000|  0%| F|  |TAMS 0x00000000e6400000, 0x00000000e6400000| Untracked 
| 101|0x00000000e6500000, 0x00000000e6500000, 0x00000000e6600000|  0%| F|  |TAMS 0x00000000e6500000, 0x00000000e6500000| Untracked 
| 102|0x00000000e6600000, 0x00000000e6600000, 0x00000000e6700000|  0%| F|  |TAMS 0x00000000e6600000, 0x00000000e6600000| Untracked 
| 103|0x00000000e6700000, 0x00000000e6700000, 0x00000000e6800000|  0%| F|  |TAMS 0x00000000e6700000, 0x00000000e6700000| Untracked 
| 104|0x00000000e6800000, 0x00000000e6800000, 0x00000000e6900000|  0%| F|  |TAMS 0x00000000e6800000, 0x00000000e6800000| Untracked 
| 105|0x00000000e6900000, 0x00000000e6900000, 0x00000000e6a00000|  0%| F|  |TAMS 0x00000000e6900000, 0x00000000e6900000| Untracked 
| 106|0x00000000e6a00000, 0x00000000e6a00000, 0x00000000e6b00000|  0%| F|  |TAMS 0x00000000e6a00000, 0x00000000e6a00000| Untracked 
| 107|0x00000000e6b00000, 0x00000000e6b00000, 0x00000000e6c00000|  0%| F|  |TAMS 0x00000000e6b00000, 0x00000000e6b00000| Untracked 
| 108|0x00000000e6c00000, 0x00000000e6c00000, 0x00000000e6d00000|  0%| F|  |TAMS 0x00000000e6c00000, 0x00000000e6c00000| Untracked 
| 109|0x00000000e6d00000, 0x00000000e6d00000, 0x00000000e6e00000|  0%| F|  |TAMS 0x00000000e6d00000, 0x00000000e6d00000| Untracked 
| 110|0x00000000e6e00000, 0x00000000e6e00000, 0x00000000e6f00000|  0%| F|  |TAMS 0x00000000e6e00000, 0x00000000e6e00000| Untracked 
| 111|0x00000000e6f00000, 0x00000000e6f00000, 0x00000000e7000000|  0%| F|  |TAMS 0x00000000e6f00000, 0x00000000e6f00000| Untracked 
| 112|0x00000000e7000000, 0x00000000e7000000, 0x00000000e7100000|  0%| F|  |TAMS 0x00000000e7000000, 0x00000000e7000000| Untracked 
| 113|0x00000000e7100000, 0x00000000e7100000, 0x00000000e7200000|  0%| F|  |TAMS 0x00000000e7100000, 0x00000000e7100000| Untracked 
| 114|0x00000000e7200000, 0x00000000e7200000, 0x00000000e7300000|  0%| F|  |TAMS 0x00000000e7200000, 0x00000000e7200000| Untracked 
| 115|0x00000000e7300000, 0x00000000e7300000, 0x00000000e7400000|  0%| F|  |TAMS 0x00000000e7300000, 0x00000000e7300000| Untracked 
| 116|0x00000000e7400000, 0x00000000e7400000, 0x00000000e7500000|  0%| F|  |TAMS 0x00000000e7400000, 0x00000000e7400000| Untracked 
| 117|0x00000000e7500000, 0x00000000e7500000, 0x00000000e7600000|  0%| F|  |TAMS 0x00000000e7500000, 0x00000000e7500000| Untracked 
| 118|0x00000000e7600000, 0x00000000e7600000, 0x00000000e7700000|  0%| F|  |TAMS 0x00000000e7600000, 0x00000000e7600000| Untracked 
| 119|0x00000000e7700000, 0x00000000e7700000, 0x00000000e7800000|  0%| F|  |TAMS 0x00000000e7700000, 0x00000000e7700000| Untracked 
| 120|0x00000000e7800000, 0x00000000e7800000, 0x00000000e7900000|  0%| F|  |TAMS 0x00000000e7800000, 0x00000000e7800000| Untracked 
| 121|0x00000000e7900000, 0x00000000e7900000, 0x00000000e7a00000|  0%| F|  |TAMS 0x00000000e7900000, 0x00000000e7900000| Untracked 
| 122|0x00000000e7a00000, 0x00000000e7a00000, 0x00000000e7b00000|  0%| F|  |TAMS 0x00000000e7a00000, 0x00000000e7a00000| Untracked 
| 123|0x00000000e7b00000, 0x00000000e7b00000, 0x00000000e7c00000|  0%| F|  |TAMS 0x00000000e7b00000, 0x00000000e7b00000| Untracked 
| 124|0x00000000e7c00000, 0x00000000e7c00000, 0x00000000e7d00000|  0%| F|  |TAMS 0x00000000e7c00000, 0x00000000e7c00000| Untracked 
| 125|0x00000000e7d00000, 0x00000000e7d00000, 0x00000000e7e00000|  0%| F|  |TAMS 0x00000000e7d00000, 0x00000000e7d00000| Untracked 
| 126|0x00000000e7e00000, 0x00000000e7e00000, 0x00000000e7f00000|  0%| F|  |TAMS 0x00000000e7e00000, 0x00000000e7e00000| Untracked 
| 127|0x00000000e7f00000, 0x00000000e7f00000, 0x00000000e8000000|  0%| F|  |TAMS 0x00000000e7f00000, 0x00000000e7f00000| Untracked 
| 128|0x00000000e8000000, 0x00000000e8000000, 0x00000000e8100000|  0%| F|  |TAMS 0x00000000e8000000, 0x00000000e8000000| Untracked 
| 129|0x00000000e8100000, 0x00000000e8100000, 0x00000000e8200000|  0%| F|  |TAMS 0x00000000e8100000, 0x00000000e8100000| Untracked 
| 130|0x00000000e8200000, 0x00000000e8200000, 0x00000000e8300000|  0%| F|  |TAMS 0x00000000e8200000, 0x00000000e8200000| Untracked 
| 131|0x00000000e8300000, 0x00000000e8300000, 0x00000000e8400000|  0%| F|  |TAMS 0x00000000e8300000, 0x00000000e8300000| Untracked 
| 132|0x00000000e8400000, 0x00000000e8400000, 0x00000000e8500000|  0%| F|  |TAMS 0x00000000e8400000, 0x00000000e8400000| Untracked 
| 133|0x00000000e8500000, 0x00000000e8500000, 0x00000000e8600000|  0%| F|  |TAMS 0x00000000e8500000, 0x00000000e8500000| Untracked 
| 134|0x00000000e8600000, 0x00000000e8600000, 0x00000000e8700000|  0%| F|  |TAMS 0x00000000e8600000, 0x00000000e8600000| Untracked 
| 135|0x00000000e8700000, 0x00000000e8700000, 0x00000000e8800000|  0%| F|  |TAMS 0x00000000e8700000, 0x00000000e8700000| Untracked 
| 136|0x00000000e8800000, 0x00000000e8800000, 0x00000000e8900000|  0%| F|  |TAMS 0x00000000e8800000, 0x00000000e8800000| Untracked 
| 137|0x00000000e8900000, 0x00000000e8900000, 0x00000000e8a00000|  0%| F|  |TAMS 0x00000000e8900000, 0x00000000e8900000| Untracked 
| 138|0x00000000e8a00000, 0x00000000e8a00000, 0x00000000e8b00000|  0%| F|  |TAMS 0x00000000e8a00000, 0x00000000e8a00000| Untracked 
| 139|0x00000000e8b00000, 0x00000000e8b00000, 0x00000000e8c00000|  0%| F|  |TAMS 0x00000000e8b00000, 0x00000000e8b00000| Untracked 
| 140|0x00000000e8c00000, 0x00000000e8c00000, 0x00000000e8d00000|  0%| F|  |TAMS 0x00000000e8c00000, 0x00000000e8c00000| Untracked 
| 141|0x00000000e8d00000, 0x00000000e8d00000, 0x00000000e8e00000|  0%| F|  |TAMS 0x00000000e8d00000, 0x00000000e8d00000| Untracked 
| 142|0x00000000e8e00000, 0x00000000e8e00000, 0x00000000e8f00000|  0%| F|  |TAMS 0x00000000e8e00000, 0x00000000e8e00000| Untracked 
| 143|0x00000000e8f00000, 0x00000000e8f00000, 0x00000000e9000000|  0%| F|  |TAMS 0x00000000e8f00000, 0x00000000e8f00000| Untracked 
| 144|0x00000000e9000000, 0x00000000e9000000, 0x00000000e9100000|  0%| F|  |TAMS 0x00000000e9000000, 0x00000000e9000000| Untracked 
| 145|0x00000000e9100000, 0x00000000e9100000, 0x00000000e9200000|  0%| F|  |TAMS 0x00000000e9100000, 0x00000000e9100000| Untracked 
| 146|0x00000000e9200000, 0x00000000e9200000, 0x00000000e9300000|  0%| F|  |TAMS 0x00000000e9200000, 0x00000000e9200000| Untracked 
| 147|0x00000000e9300000, 0x00000000e9300000, 0x00000000e9400000|  0%| F|  |TAMS 0x00000000e9300000, 0x00000000e9300000| Untracked 
| 148|0x00000000e9400000, 0x00000000e9400000, 0x00000000e9500000|  0%| F|  |TAMS 0x00000000e9400000, 0x00000000e9400000| Untracked 
| 149|0x00000000e9500000, 0x00000000e9500000, 0x00000000e9600000|  0%| F|  |TAMS 0x00000000e9500000, 0x00000000e9500000| Untracked 
| 150|0x00000000e9600000, 0x00000000e9600000, 0x00000000e9700000|  0%| F|  |TAMS 0x00000000e9600000, 0x00000000e9600000| Untracked 
| 151|0x00000000e9700000, 0x00000000e9700000, 0x00000000e9800000|  0%| F|  |TAMS 0x00000000e9700000, 0x00000000e9700000| Untracked 
| 152|0x00000000e9800000, 0x00000000e9800000, 0x00000000e9900000|  0%| F|  |TAMS 0x00000000e9800000, 0x00000000e9800000| Untracked 
| 153|0x00000000e9900000, 0x00000000e9900000, 0x00000000e9a00000|  0%| F|  |TAMS 0x00000000e9900000, 0x00000000e9900000| Untracked 
| 154|0x00000000e9a00000, 0x00000000e9a00000, 0x00000000e9b00000|  0%| F|  |TAMS 0x00000000e9a00000, 0x00000000e9a00000| Untracked 
| 155|0x00000000e9b00000, 0x00000000e9b00000, 0x00000000e9c00000|  0%| F|  |TAMS 0x00000000e9b00000, 0x00000000e9b00000| Untracked 
| 156|0x00000000e9c00000, 0x00000000e9c00000, 0x00000000e9d00000|  0%| F|  |TAMS 0x00000000e9c00000, 0x00000000e9c00000| Untracked 
| 157|0x00000000e9d00000, 0x00000000e9d00000, 0x00000000e9e00000|  0%| F|  |TAMS 0x00000000e9d00000, 0x00000000e9d00000| Untracked 
| 158|0x00000000e9e00000, 0x00000000e9e00000, 0x00000000e9f00000|  0%| F|  |TAMS 0x00000000e9e00000, 0x00000000e9e00000| Untracked 
| 159|0x00000000e9f00000, 0x00000000e9f00000, 0x00000000ea000000|  0%| F|  |TAMS 0x00000000e9f00000, 0x00000000e9f00000| Untracked 
| 160|0x00000000ea000000, 0x00000000ea000000, 0x00000000ea100000|  0%| F|  |TAMS 0x00000000ea000000, 0x00000000ea000000| Untracked 
| 161|0x00000000ea100000, 0x00000000ea100000, 0x00000000ea200000|  0%| F|  |TAMS 0x00000000ea100000, 0x00000000ea100000| Untracked 
| 162|0x00000000ea200000, 0x00000000ea200000, 0x00000000ea300000|  0%| F|  |TAMS 0x00000000ea200000, 0x00000000ea200000| Untracked 
| 163|0x00000000ea300000, 0x00000000ea300000, 0x00000000ea400000|  0%| F|  |TAMS 0x00000000ea300000, 0x00000000ea300000| Untracked 
| 164|0x00000000ea400000, 0x00000000ea400000, 0x00000000ea500000|  0%| F|  |TAMS 0x00000000ea400000, 0x00000000ea400000| Untracked 
| 165|0x00000000ea500000, 0x00000000ea500000, 0x00000000ea600000|  0%| F|  |TAMS 0x00000000ea500000, 0x00000000ea500000| Untracked 
| 166|0x00000000ea600000, 0x00000000ea600000, 0x00000000ea700000|  0%| F|  |TAMS 0x00000000ea600000, 0x00000000ea600000| Untracked 
| 167|0x00000000ea700000, 0x00000000ea700000, 0x00000000ea800000|  0%| F|  |TAMS 0x00000000ea700000, 0x00000000ea700000| Untracked 
| 168|0x00000000ea800000, 0x00000000ea800000, 0x00000000ea900000|  0%| F|  |TAMS 0x00000000ea800000, 0x00000000ea800000| Untracked 
| 169|0x00000000ea900000, 0x00000000ea900000, 0x00000000eaa00000|  0%| F|  |TAMS 0x00000000ea900000, 0x00000000ea900000| Untracked 
| 170|0x00000000eaa00000, 0x00000000eaa00000, 0x00000000eab00000|  0%| F|  |TAMS 0x00000000eaa00000, 0x00000000eaa00000| Untracked 
| 171|0x00000000eab00000, 0x00000000eab00000, 0x00000000eac00000|  0%| F|  |TAMS 0x00000000eab00000, 0x00000000eab00000| Untracked 
| 172|0x00000000eac00000, 0x00000000eac00000, 0x00000000ead00000|  0%| F|  |TAMS 0x00000000eac00000, 0x00000000eac00000| Untracked 
| 173|0x00000000ead00000, 0x00000000ead00000, 0x00000000eae00000|  0%| F|  |TAMS 0x00000000ead00000, 0x00000000ead00000| Untracked 
| 174|0x00000000eae00000, 0x00000000eae00000, 0x00000000eaf00000|  0%| F|  |TAMS 0x00000000eae00000, 0x00000000eae00000| Untracked 
| 175|0x00000000eaf00000, 0x00000000eaf00000, 0x00000000eb000000|  0%| F|  |TAMS 0x00000000eaf00000, 0x00000000eaf00000| Untracked 
| 176|0x00000000eb000000, 0x00000000eb000000, 0x00000000eb100000|  0%| F|  |TAMS 0x00000000eb000000, 0x00000000eb000000| Untracked 
| 177|0x00000000eb100000, 0x00000000eb100000, 0x00000000eb200000|  0%| F|  |TAMS 0x00000000eb100000, 0x00000000eb100000| Untracked 
| 178|0x00000000eb200000, 0x00000000eb200000, 0x00000000eb300000|  0%| F|  |TAMS 0x00000000eb200000, 0x00000000eb200000| Untracked 
| 179|0x00000000eb300000, 0x00000000eb300000, 0x00000000eb400000|  0%| F|  |TAMS 0x00000000eb300000, 0x00000000eb300000| Untracked 
| 180|0x00000000eb400000, 0x00000000eb400000, 0x00000000eb500000|  0%| F|  |TAMS 0x00000000eb400000, 0x00000000eb400000| Untracked 
| 181|0x00000000eb500000, 0x00000000eb500000, 0x00000000eb600000|  0%| F|  |TAMS 0x00000000eb500000, 0x00000000eb500000| Untracked 
| 182|0x00000000eb600000, 0x00000000eb600000, 0x00000000eb700000|  0%| F|  |TAMS 0x00000000eb600000, 0x00000000eb600000| Untracked 
| 183|0x00000000eb700000, 0x00000000eb700000, 0x00000000eb800000|  0%| F|  |TAMS 0x00000000eb700000, 0x00000000eb700000| Untracked 
| 184|0x00000000eb800000, 0x00000000eb800000, 0x00000000eb900000|  0%| F|  |TAMS 0x00000000eb800000, 0x00000000eb800000| Untracked 
| 185|0x00000000eb900000, 0x00000000eb900000, 0x00000000eba00000|  0%| F|  |TAMS 0x00000000eb900000, 0x00000000eb900000| Untracked 
| 186|0x00000000eba00000, 0x00000000eba00000, 0x00000000ebb00000|  0%| F|  |TAMS 0x00000000eba00000, 0x00000000eba00000| Untracked 
| 187|0x00000000ebb00000, 0x00000000ebb00000, 0x00000000ebc00000|  0%| F|  |TAMS 0x00000000ebb00000, 0x00000000ebb00000| Untracked 
| 188|0x00000000ebc00000, 0x00000000ebc00000, 0x00000000ebd00000|  0%| F|  |TAMS 0x00000000ebc00000, 0x00000000ebc00000| Untracked 
| 189|0x00000000ebd00000, 0x00000000ebd00000, 0x00000000ebe00000|  0%| F|  |TAMS 0x00000000ebd00000, 0x00000000ebd00000| Untracked 
| 190|0x00000000ebe00000, 0x00000000ebe00000, 0x00000000ebf00000|  0%| F|  |TAMS 0x00000000ebe00000, 0x00000000ebe00000| Untracked 
| 191|0x00000000ebf00000, 0x00000000ebf00000, 0x00000000ec000000|  0%| F|  |TAMS 0x00000000ebf00000, 0x00000000ebf00000| Untracked 
| 192|0x00000000ec000000, 0x00000000ec000000, 0x00000000ec100000|  0%| F|  |TAMS 0x00000000ec000000, 0x00000000ec000000| Untracked 
| 193|0x00000000ec100000, 0x00000000ec100000, 0x00000000ec200000|  0%| F|  |TAMS 0x00000000ec100000, 0x00000000ec100000| Untracked 
| 194|0x00000000ec200000, 0x00000000ec200000, 0x00000000ec300000|  0%| F|  |TAMS 0x00000000ec200000, 0x00000000ec200000| Untracked 
| 195|0x00000000ec300000, 0x00000000ec300000, 0x00000000ec400000|  0%| F|  |TAMS 0x00000000ec300000, 0x00000000ec300000| Untracked 
| 196|0x00000000ec400000, 0x00000000ec400000, 0x00000000ec500000|  0%| F|  |TAMS 0x00000000ec400000, 0x00000000ec400000| Untracked 
| 197|0x00000000ec500000, 0x00000000ec500000, 0x00000000ec600000|  0%| F|  |TAMS 0x00000000ec500000, 0x00000000ec500000| Untracked 
| 198|0x00000000ec600000, 0x00000000ec600000, 0x00000000ec700000|  0%| F|  |TAMS 0x00000000ec600000, 0x00000000ec600000| Untracked 
| 199|0x00000000ec700000, 0x00000000ec700000, 0x00000000ec800000|  0%| F|  |TAMS 0x00000000ec700000, 0x00000000ec700000| Untracked 
| 200|0x00000000ec800000, 0x00000000ec800000, 0x00000000ec900000|  0%| F|  |TAMS 0x00000000ec800000, 0x00000000ec800000| Untracked 
| 201|0x00000000ec900000, 0x00000000ec900000, 0x00000000eca00000|  0%| F|  |TAMS 0x00000000ec900000, 0x00000000ec900000| Untracked 
| 202|0x00000000eca00000, 0x00000000eca00000, 0x00000000ecb00000|  0%| F|  |TAMS 0x00000000eca00000, 0x00000000eca00000| Untracked 
| 203|0x00000000ecb00000, 0x00000000ecb00000, 0x00000000ecc00000|  0%| F|  |TAMS 0x00000000ecb00000, 0x00000000ecb00000| Untracked 
| 204|0x00000000ecc00000, 0x00000000ecc00000, 0x00000000ecd00000|  0%| F|  |TAMS 0x00000000ecc00000, 0x00000000ecc00000| Untracked 
| 205|0x00000000ecd00000, 0x00000000ecd00000, 0x00000000ece00000|  0%| F|  |TAMS 0x00000000ecd00000, 0x00000000ecd00000| Untracked 
| 206|0x00000000ece00000, 0x00000000ece00000, 0x00000000ecf00000|  0%| F|  |TAMS 0x00000000ece00000, 0x00000000ece00000| Untracked 
| 207|0x00000000ecf00000, 0x00000000ecf00000, 0x00000000ed000000|  0%| F|  |TAMS 0x00000000ecf00000, 0x00000000ecf00000| Untracked 
| 208|0x00000000ed000000, 0x00000000ed000000, 0x00000000ed100000|  0%| F|  |TAMS 0x00000000ed000000, 0x00000000ed000000| Untracked 
| 209|0x00000000ed100000, 0x00000000ed100000, 0x00000000ed200000|  0%| F|  |TAMS 0x00000000ed100000, 0x00000000ed100000| Untracked 
| 210|0x00000000ed200000, 0x00000000ed200000, 0x00000000ed300000|  0%| F|  |TAMS 0x00000000ed200000, 0x00000000ed200000| Untracked 
| 211|0x00000000ed300000, 0x00000000ed300000, 0x00000000ed400000|  0%| F|  |TAMS 0x00000000ed300000, 0x00000000ed300000| Untracked 
| 212|0x00000000ed400000, 0x00000000ed400000, 0x00000000ed500000|  0%| F|  |TAMS 0x00000000ed400000, 0x00000000ed400000| Untracked 
| 213|0x00000000ed500000, 0x00000000ed500000, 0x00000000ed600000|  0%| F|  |TAMS 0x00000000ed500000, 0x00000000ed500000| Untracked 
| 214|0x00000000ed600000, 0x00000000ed600000, 0x00000000ed700000|  0%| F|  |TAMS 0x00000000ed600000, 0x00000000ed600000| Untracked 
| 215|0x00000000ed700000, 0x00000000ed700000, 0x00000000ed800000|  0%| F|  |TAMS 0x00000000ed700000, 0x00000000ed700000| Untracked 
| 216|0x00000000ed800000, 0x00000000ed800000, 0x00000000ed900000|  0%| F|  |TAMS 0x00000000ed800000, 0x00000000ed800000| Untracked 
| 217|0x00000000ed900000, 0x00000000ed900000, 0x00000000eda00000|  0%| F|  |TAMS 0x00000000ed900000, 0x00000000ed900000| Untracked 
| 218|0x00000000eda00000, 0x00000000eda00000, 0x00000000edb00000|  0%| F|  |TAMS 0x00000000eda00000, 0x00000000eda00000| Untracked 
| 219|0x00000000edb00000, 0x00000000edb00000, 0x00000000edc00000|  0%| F|  |TAMS 0x00000000edb00000, 0x00000000edb00000| Untracked 
| 220|0x00000000edc00000, 0x00000000edc00000, 0x00000000edd00000|  0%| F|  |TAMS 0x00000000edc00000, 0x00000000edc00000| Untracked 
| 221|0x00000000edd00000, 0x00000000edd00000, 0x00000000ede00000|  0%| F|  |TAMS 0x00000000edd00000, 0x00000000edd00000| Untracked 
| 222|0x00000000ede00000, 0x00000000ede00000, 0x00000000edf00000|  0%| F|  |TAMS 0x00000000ede00000, 0x00000000ede00000| Untracked 
| 223|0x00000000edf00000, 0x00000000edf00000, 0x00000000ee000000|  0%| F|  |TAMS 0x00000000edf00000, 0x00000000edf00000| Untracked 
| 224|0x00000000ee000000, 0x00000000ee000000, 0x00000000ee100000|  0%| F|  |TAMS 0x00000000ee000000, 0x00000000ee000000| Untracked 
| 225|0x00000000ee100000, 0x00000000ee100800, 0x00000000ee200000|  0%| E|  |TAMS 0x00000000ee100000, 0x00000000ee100000| Complete 
| 226|0x00000000ee200000, 0x00000000ee300000, 0x00000000ee300000|100%| E|CS|TAMS 0x00000000ee200000, 0x00000000ee200000| Complete 
| 227|0x00000000ee300000, 0x00000000ee400000, 0x00000000ee400000|100%| E|CS|TAMS 0x00000000ee300000, 0x00000000ee300000| Complete 
| 228|0x00000000ee400000, 0x00000000ee500000, 0x00000000ee500000|100%| E|CS|TAMS 0x00000000ee400000, 0x00000000ee400000| Complete 
| 229|0x00000000ee500000, 0x00000000ee600000, 0x00000000ee600000|100%| E|CS|TAMS 0x00000000ee500000, 0x00000000ee500000| Complete 
| 230|0x00000000ee600000, 0x00000000ee700000, 0x00000000ee700000|100%| E|CS|TAMS 0x00000000ee600000, 0x00000000ee600000| Complete 
| 231|0x00000000ee700000, 0x00000000ee800000, 0x00000000ee800000|100%| E|CS|TAMS 0x00000000ee700000, 0x00000000ee700000| Complete 
| 232|0x00000000ee800000, 0x00000000ee900000, 0x00000000ee900000|100%| E|CS|TAMS 0x00000000ee800000, 0x00000000ee800000| Complete 
| 233|0x00000000ee900000, 0x00000000eea00000, 0x00000000eea00000|100%| E|CS|TAMS 0x00000000ee900000, 0x00000000ee900000| Complete 
| 234|0x00000000eea00000, 0x00000000eeb00000, 0x00000000eeb00000|100%| E|CS|TAMS 0x00000000eea00000, 0x00000000eea00000| Complete 
| 235|0x00000000eeb00000, 0x00000000eec00000, 0x00000000eec00000|100%| E|CS|TAMS 0x00000000eeb00000, 0x00000000eeb00000| Complete 
| 236|0x00000000eec00000, 0x00000000eed00000, 0x00000000eed00000|100%| E|CS|TAMS 0x00000000eec00000, 0x00000000eec00000| Complete 
| 237|0x00000000eed00000, 0x00000000eee00000, 0x00000000eee00000|100%| E|CS|TAMS 0x00000000eed00000, 0x00000000eed00000| Complete 
| 238|0x00000000eee00000, 0x00000000eef00000, 0x00000000eef00000|100%| E|CS|TAMS 0x00000000eee00000, 0x00000000eee00000| Complete 
| 239|0x00000000eef00000, 0x00000000ef000000, 0x00000000ef000000|100%| E|CS|TAMS 0x00000000eef00000, 0x00000000eef00000| Complete 
| 240|0x00000000ef000000, 0x00000000ef100000, 0x00000000ef100000|100%| E|CS|TAMS 0x00000000ef000000, 0x00000000ef000000| Complete 
| 241|0x00000000ef100000, 0x00000000ef200000, 0x00000000ef200000|100%| E|CS|TAMS 0x00000000ef100000, 0x00000000ef100000| Complete 
| 242|0x00000000ef200000, 0x00000000ef300000, 0x00000000ef300000|100%| E|CS|TAMS 0x00000000ef200000, 0x00000000ef200000| Complete 
| 243|0x00000000ef300000, 0x00000000ef400000, 0x00000000ef400000|100%| E|CS|TAMS 0x00000000ef300000, 0x00000000ef300000| Complete 
| 244|0x00000000ef400000, 0x00000000ef500000, 0x00000000ef500000|100%| E|CS|TAMS 0x00000000ef400000, 0x00000000ef400000| Complete 
| 245|0x00000000ef500000, 0x00000000ef600000, 0x00000000ef600000|100%| E|CS|TAMS 0x00000000ef500000, 0x00000000ef500000| Complete 
| 246|0x00000000ef600000, 0x00000000ef700000, 0x00000000ef700000|100%| E|CS|TAMS 0x00000000ef600000, 0x00000000ef600000| Complete 
| 247|0x00000000ef700000, 0x00000000ef800000, 0x00000000ef800000|100%| E|CS|TAMS 0x00000000ef700000, 0x00000000ef700000| Complete 
| 248|0x00000000ef800000, 0x00000000ef900000, 0x00000000ef900000|100%| S|CS|TAMS 0x00000000ef800000, 0x00000000ef800000| Complete 
| 249|0x00000000ef900000, 0x00000000efa00000, 0x00000000efa00000|100%| E|CS|TAMS 0x00000000ef900000, 0x00000000ef900000| Complete 
| 250|0x00000000efa00000, 0x00000000efb00000, 0x00000000efb00000|100%| E|CS|TAMS 0x00000000efa00000, 0x00000000efa00000| Complete 
| 251|0x00000000efb00000, 0x00000000efc00000, 0x00000000efc00000|100%| E|CS|TAMS 0x00000000efb00000, 0x00000000efb00000| Complete 
| 252|0x00000000efc00000, 0x00000000efd00000, 0x00000000efd00000|100%| E|CS|TAMS 0x00000000efc00000, 0x00000000efc00000| Complete 
| 253|0x00000000efd00000, 0x00000000efe00000, 0x00000000efe00000|100%| E|CS|TAMS 0x00000000efd00000, 0x00000000efd00000| Complete 
| 254|0x00000000efe00000, 0x00000000eff00000, 0x00000000eff00000|100%| E|CS|TAMS 0x00000000efe00000, 0x00000000efe00000| Complete 
| 255|0x00000000eff00000, 0x00000000f0000000, 0x00000000f0000000|100%| E|CS|TAMS 0x00000000eff00000, 0x00000000eff00000| Complete 

Card table byte_map: [0x0000021d9ef60000,0x0000021d9f060000] _byte_map_base: 0x0000021d9e860000

Marking Bits (Prev, Next): (CMBitMap*) 0x0000021d8844f260, (CMBitMap*) 0x0000021d8844f2a0
 Prev Bits: [0x0000021d9f160000, 0x0000021d9f960000)
 Next Bits: [0x0000021d9f960000, 0x0000021da0160000)

Polling page: 0x0000021d86330000

Metaspace:

Usage:
  Non-class:     39.98 MB used.
      Class:      6.56 MB used.
       Both:     46.54 MB used.

Virtual space:
  Non-class space:       64.00 MB reserved,      40.25 MB ( 63%) committed,  1 nodes.
      Class space:      320.00 MB reserved,       6.81 MB (  2%) committed,  1 nodes.
             Both:      384.00 MB reserved,      47.06 MB ( 12%) committed. 

Chunk freelists:
   Non-Class:  7.28 MB
       Class:  9.20 MB
        Both:  16.48 MB

MaxMetaspaceSize: 384.00 MB
CompressedClassSpaceSize: 320.00 MB
Initial GC threshold: 21.00 MB
Current GC threshold: 58.75 MB
CDS: on
MetaspaceReclaimPolicy: balanced
 - commit_granule_bytes: 65536.
 - commit_granule_words: 8192.
 - virtual_space_node_default_size: 8388608.
 - enlarge_chunks_in_place: 1.
 - new_chunks_are_fully_committed: 0.
 - uncommit_free_chunks: 1.
 - use_allocation_guard: 0.
 - handle_deallocations: 1.


Internal statistics:

num_allocs_failed_limit: 6.
num_arena_births: 556.
num_arena_deaths: 0.
num_vsnodes_births: 2.
num_vsnodes_deaths: 0.
num_space_committed: 753.
num_space_uncommitted: 0.
num_chunks_returned_to_freelist: 6.
num_chunks_taken_from_freelist: 2469.
num_chunk_merges: 6.
num_chunk_splits: 1614.
num_chunks_enlarged: 1095.
num_inconsistent_stats: 0.

CodeHeap 'non-profiled nmethods': size=120000Kb used=2999Kb max_used=3091Kb free=117000Kb
 bounds [0x0000021d97a30000, 0x0000021d97d40000, 0x0000021d9ef60000]
CodeHeap 'profiled nmethods': size=120000Kb used=11200Kb max_used=11200Kb free=108799Kb
 bounds [0x0000021d8ff60000, 0x0000021d90a60000, 0x0000021d97490000]
CodeHeap 'non-nmethods': size=5760Kb used=2330Kb max_used=2363Kb free=3429Kb
 bounds [0x0000021d97490000, 0x0000021d97700000, 0x0000021d97a30000]
 total_blobs=6473 nmethods=5625 adapters=760
 compilation: enabled
              stopped_count=0, restarted_count=0
 full_count=0

Compilation events (20 events):
Event: 200.587 Thread 0x0000021da2747650 6416       3       java.util.TreeMap::<init> (20 bytes)
Event: 200.587 Thread 0x0000021da2747650 nmethod 6416 0x0000021d90a3df10 code [0x0000021d90a3e0c0, 0x0000021d90a3e2d8]
Event: 200.588 Thread 0x0000021da2747650 6417       3       sun.reflect.generics.tree.TypeVariableSignature::make (9 bytes)
Event: 200.588 Thread 0x0000021da2747650 nmethod 6417 0x0000021d90a3e390 code [0x0000021d90a3e540, 0x0000021d90a3e798]
Event: 200.589 Thread 0x0000021da2747650 6418       3       org.objectweb.asm.SymbolTable::addMergedType (164 bytes)
Event: 200.590 Thread 0x0000021da2747650 nmethod 6418 0x0000021d90a3e890 code [0x0000021d90a3eaa0, 0x0000021d90a3f0b8]
Event: 200.590 Thread 0x0000021da2747650 6419       3       sun.reflect.generics.parser.SignatureParser::parseTypeVariableSignature (95 bytes)
Event: 200.591 Thread 0x0000021da2747650 nmethod 6419 0x0000021d90a3f490 code [0x0000021d90a3f760, 0x0000021d90a40268]
Event: 200.613 Thread 0x0000021da273cd10 nmethod 6391 0x0000021d97c36710 code [0x0000021d97c36a60, 0x0000021d97c3a758]
Event: 200.613 Thread 0x0000021da273cd10 6412       4       org.objectweb.asm.Frame::execute (2303 bytes)
Event: 200.622 Thread 0x0000021da2747650 6420       3       java.util.List::of (9 bytes)
Event: 200.622 Thread 0x0000021da2747650 nmethod 6420 0x0000021d90a40710 code [0x0000021d90a40900, 0x0000021d90a40e48]
Event: 200.623 Thread 0x0000021da2747650 6421       1       java.lang.invoke.ClassSpecializer$SpeciesData::getterFunctions (5 bytes)
Event: 200.623 Thread 0x0000021da2747650 nmethod 6421 0x0000021d97c36410 code [0x0000021d97c365a0, 0x0000021d97c36678]
Event: 200.625 Thread 0x0000021da2747650 6422       3       java.lang.invoke.LambdaFormBuffer::growNames (281 bytes)
Event: 200.627 Thread 0x0000021da2747650 nmethod 6422 0x0000021d90a41010 code [0x0000021d90a412c0, 0x0000021d90a423b8]
Event: 200.701 Thread 0x0000021da2747650 6423       1       com.google.common.collect.ImmutableCollection::internalArray (2 bytes)
Event: 200.702 Thread 0x0000021da2747650 nmethod 6423 0x0000021d97c36110 code [0x0000021d97c362a0, 0x0000021d97c36378]
Event: 200.732 Thread 0x0000021da2747650 6424       1       org.gradle.internal.instantiation.generator.AbstractClassGenerator::getRoleHandler (5 bytes)
Event: 200.732 Thread 0x0000021da2747650 nmethod 6424 0x0000021d97c35e10 code [0x0000021d97c35fa0, 0x0000021d97c36078]

GC Heap History (14 events):
Event: 3.055 GC heap before
{Heap before GC invocations=0 (full 0):
 garbage-first heap   total 262144K, used 13312K [0x00000000e0000000, 0x0000000100000000)
  region size 1024K, 13 young (13312K), 0 survivors (0K)
 Metaspace       used 771K, committed 896K, reserved 393216K
  class space    used 61K, committed 128K, reserved 327680K
}
Event: 3.171 GC heap after
{Heap after GC invocations=1 (full 0):
 garbage-first heap   total 262144K, used 1192K [0x00000000e0000000, 0x0000000100000000)
  region size 1024K, 2 young (2048K), 2 survivors (2048K)
 Metaspace       used 771K, committed 896K, reserved 393216K
  class space    used 61K, committed 128K, reserved 327680K
}
Event: 11.569 GC heap before
{Heap before GC invocations=1 (full 0):
 garbage-first heap   total 262144K, used 22696K [0x00000000e0000000, 0x0000000100000000)
  region size 1024K, 21 young (21504K), 2 survivors (2048K)
 Metaspace       used 2859K, committed 3008K, reserved 393216K
  class space    used 326K, committed 384K, reserved 327680K
}
Event: 11.576 GC heap after
{Heap after GC invocations=2 (full 0):
 garbage-first heap   total 262144K, used 9532K [0x00000000e0000000, 0x0000000100000000)
  region size 1024K, 3 young (3072K), 3 survivors (3072K)
 Metaspace       used 2859K, committed 3008K, reserved 393216K
  class space    used 326K, committed 384K, reserved 327680K
}
Event: 45.913 GC heap before
{Heap before GC invocations=2 (full 0):
 garbage-first heap   total 262144K, used 165180K [0x00000000e0000000, 0x0000000100000000)
  region size 1024K, 153 young (156672K), 3 survivors (3072K)
 Metaspace       used 18524K, committed 18816K, reserved 393216K
  class space    used 2675K, committed 2816K, reserved 327680K
}
Event: 45.931 GC heap after
{Heap after GC invocations=3 (full 0):
 garbage-first heap   total 262144K, used 21709K [0x00000000e0000000, 0x0000000100000000)
  region size 1024K, 14 young (14336K), 14 survivors (14336K)
 Metaspace       used 18524K, committed 18816K, reserved 393216K
  class space    used 2675K, committed 2816K, reserved 327680K
}
Event: 50.345 GC heap before
{Heap before GC invocations=3 (full 0):
 garbage-first heap   total 262144K, used 43213K [0x00000000e0000000, 0x0000000100000000)
  region size 1024K, 37 young (37888K), 14 survivors (14336K)
 Metaspace       used 21139K, committed 21504K, reserved 393216K
  class space    used 3077K, committed 3200K, reserved 327680K
}
Event: 50.366 GC heap after
{Heap after GC invocations=4 (full 0):
 garbage-first heap   total 262144K, used 23827K [0x00000000e0000000, 0x0000000100000000)
  region size 1024K, 2 young (2048K), 2 survivors (2048K)
 Metaspace       used 21139K, committed 21504K, reserved 393216K
  class space    used 3077K, committed 3200K, reserved 327680K
}
Event: 91.500 GC heap before
{Heap before GC invocations=5 (full 0):
 garbage-first heap   total 262144K, used 145683K [0x00000000e0000000, 0x0000000100000000)
  region size 1024K, 118 young (120832K), 2 survivors (2048K)
 Metaspace       used 35598K, committed 35968K, reserved 393216K
  class space    used 4923K, committed 5120K, reserved 327680K
}
Event: 91.601 GC heap after
{Heap after GC invocations=6 (full 0):
 garbage-first heap   total 262144K, used 31663K [0x00000000e0000000, 0x0000000100000000)
  region size 1024K, 10 young (10240K), 10 survivors (10240K)
 Metaspace       used 35598K, committed 35968K, reserved 393216K
  class space    used 4923K, committed 5120K, reserved 327680K
}
Event: 181.866 GC heap before
{Heap before GC invocations=7 (full 0):
 garbage-first heap   total 262144K, used 128943K [0x00000000e0000000, 0x0000000100000000)
  region size 1024K, 104 young (106496K), 10 survivors (10240K)
 Metaspace       used 45455K, committed 45952K, reserved 393216K
  class space    used 6390K, committed 6592K, reserved 327680K
}
Event: 182.033 GC heap after
{Heap after GC invocations=8 (full 0):
 garbage-first heap   total 262144K, used 35840K [0x00000000e0000000, 0x0000000100000000)
  region size 1024K, 5 young (5120K), 5 survivors (5120K)
 Metaspace       used 45455K, committed 45952K, reserved 393216K
  class space    used 6390K, committed 6592K, reserved 327680K
}
Event: 192.227 GC heap before
{Heap before GC invocations=8 (full 0):
 garbage-first heap   total 262144K, used 43008K [0x00000000e0000000, 0x0000000100000000)
  region size 1024K, 12 young (12288K), 5 survivors (5120K)
 Metaspace       used 45803K, committed 46272K, reserved 393216K
  class space    used 6442K, committed 6656K, reserved 327680K
}
Event: 192.250 GC heap after
{Heap after GC invocations=9 (full 0):
 garbage-first heap   total 262144K, used 36578K [0x00000000e0000000, 0x0000000100000000)
  region size 1024K, 1 young (1024K), 1 survivors (1024K)
 Metaspace       used 45803K, committed 46272K, reserved 393216K
  class space    used 6442K, committed 6656K, reserved 327680K
}

Dll operation events (15 events):
Event: 0.326 Loaded shared library C:\Users\dat\.jdks\corretto-17.0.12\bin\java.dll
Event: 0.410 Loaded shared library C:\Users\dat\.jdks\corretto-17.0.12\bin\jsvml.dll
Event: 0.616 Loaded shared library C:\Users\dat\.jdks\corretto-17.0.12\bin\zip.dll
Event: 0.619 Loaded shared library C:\Users\dat\.jdks\corretto-17.0.12\bin\instrument.dll
Event: 0.627 Loaded shared library C:\Users\dat\.jdks\corretto-17.0.12\bin\net.dll
Event: 0.630 Loaded shared library C:\Users\dat\.jdks\corretto-17.0.12\bin\nio.dll
Event: 0.634 Loaded shared library C:\Users\dat\.jdks\corretto-17.0.12\bin\zip.dll
Event: 4.082 Loaded shared library C:\Users\dat\.jdks\corretto-17.0.12\bin\jimage.dll
Event: 9.207 Loaded shared library C:\Users\dat\.jdks\corretto-17.0.12\bin\verify.dll
Event: 11.333 Loaded shared library D:\codegym\module3\demo\native\c067742578af261105cb4f569cf0c3c89f3d7b1fecec35dd04571415982c5e48\windows-amd64\native-platform.dll
Event: 11.343 Loaded shared library D:\codegym\module3\demo\native\100fb08df4bc3b14c8652ba06237920a3bd2aa13389f12d3474272988ae205f9\windows-amd64\native-platform-file-events.dll
Event: 27.295 Loaded shared library C:\Users\dat\.jdks\corretto-17.0.12\bin\management.dll
Event: 28.296 Loaded shared library C:\Users\dat\.jdks\corretto-17.0.12\bin\management_ext.dll
Event: 31.033 Loaded shared library C:\Users\dat\.jdks\corretto-17.0.12\bin\extnet.dll
Event: 33.701 Loaded shared library C:\Users\dat\.jdks\corretto-17.0.12\bin\sunmscapi.dll

Deoptimization events (20 events):
Event: 199.836 Thread 0x0000021dbc041f50 Uncommon trap: trap_request=0xffffffc6 fr.pc=0x0000021d97ab69e8 relative=0x0000000000002108
Event: 199.836 Thread 0x0000021dbc041f50 Uncommon trap: reason=bimorphic_or_optimized_type_check action=maybe_recompile pc=0x0000021d97ab69e8 method=java.util.HashMap.putVal(ILjava/lang/Object;Ljava/lang/Object;ZZ)Ljava/lang/Object; @ 91 c2
Event: 199.836 Thread 0x0000021dbc041f50 DEOPT PACKING pc=0x0000021d97ab69e8 sp=0x00000076588f8900
Event: 199.836 Thread 0x0000021dbc041f50 DEOPT UNPACKING pc=0x0000021d974e69a3 sp=0x00000076588f87c8 mode 2
Event: 199.836 Thread 0x0000021dbc041f50 Uncommon trap: trap_request=0xffffffc6 fr.pc=0x0000021d97ab69e8 relative=0x0000000000002108
Event: 199.836 Thread 0x0000021dbc041f50 Uncommon trap: reason=bimorphic_or_optimized_type_check action=maybe_recompile pc=0x0000021d97ab69e8 method=java.util.HashMap.putVal(ILjava/lang/Object;Ljava/lang/Object;ZZ)Ljava/lang/Object; @ 91 c2
Event: 199.836 Thread 0x0000021dbc041f50 DEOPT PACKING pc=0x0000021d97ab69e8 sp=0x00000076588f8900
Event: 199.836 Thread 0x0000021dbc041f50 DEOPT UNPACKING pc=0x0000021d974e69a3 sp=0x00000076588f87c8 mode 2
Event: 199.836 Thread 0x0000021dbc041f50 Uncommon trap: trap_request=0xffffffc6 fr.pc=0x0000021d97ab6a0c relative=0x000000000000212c
Event: 199.836 Thread 0x0000021dbc041f50 Uncommon trap: reason=bimorphic_or_optimized_type_check action=maybe_recompile pc=0x0000021d97ab6a0c method=java.util.HashMap.putVal(ILjava/lang/Object;Ljava/lang/Object;ZZ)Ljava/lang/Object; @ 203 c2
Event: 199.836 Thread 0x0000021dbc041f50 DEOPT PACKING pc=0x0000021d97ab6a0c sp=0x00000076588f8900
Event: 199.836 Thread 0x0000021dbc041f50 DEOPT UNPACKING pc=0x0000021d974e69a3 sp=0x00000076588f87c8 mode 2
Event: 199.836 Thread 0x0000021dbc041f50 Uncommon trap: trap_request=0xffffffc6 fr.pc=0x0000021d97ab69e8 relative=0x0000000000002108
Event: 199.836 Thread 0x0000021dbc041f50 Uncommon trap: reason=bimorphic_or_optimized_type_check action=maybe_recompile pc=0x0000021d97ab69e8 method=java.util.HashMap.putVal(ILjava/lang/Object;Ljava/lang/Object;ZZ)Ljava/lang/Object; @ 91 c2
Event: 199.836 Thread 0x0000021dbc041f50 DEOPT PACKING pc=0x0000021d97ab69e8 sp=0x00000076588f8900
Event: 199.836 Thread 0x0000021dbc041f50 DEOPT UNPACKING pc=0x0000021d974e69a3 sp=0x00000076588f87c8 mode 2
Event: 200.737 Thread 0x0000021dbc041f50 Uncommon trap: trap_request=0xffffff45 fr.pc=0x0000021d97ac5a3c relative=0x000000000000035c
Event: 200.737 Thread 0x0000021dbc041f50 Uncommon trap: reason=unstable_if action=reinterpret pc=0x0000021d97ac5a3c method=com.google.common.reflect.TypeResolver$TypeVariableKey.equalsTypeVariable(Ljava/lang/reflect/TypeVariable;)Z @ 39 c2
Event: 200.737 Thread 0x0000021dbc041f50 DEOPT PACKING pc=0x0000021d97ac5a3c sp=0x00000076588f5120
Event: 200.737 Thread 0x0000021dbc041f50 DEOPT UNPACKING pc=0x0000021d974e69a3 sp=0x00000076588f50d0 mode 2

Classes loaded (20 events):
Event: 200.634 Loading class javax/xml/parsers/DocumentBuilderFactory
Event: 200.634 Loading class javax/xml/parsers/DocumentBuilderFactory done
Event: 200.634 Loading class javax/xml/parsers/FactoryFinder
Event: 200.634 Loading class javax/xml/parsers/FactoryFinder done
Event: 200.635 Loading class javax/xml/parsers/FactoryFinder$1
Event: 200.635 Loading class javax/xml/parsers/FactoryFinder$1 done
Event: 200.637 Loading class com/sun/org/apache/xerces/internal/jaxp/DocumentBuilderFactoryImpl
Event: 200.637 Loading class com/sun/org/apache/xerces/internal/jaxp/DocumentBuilderFactoryImpl done
Event: 200.637 Loading class com/sun/org/apache/xerces/internal/utils/XMLSecurityManager
Event: 200.637 Loading class com/sun/org/apache/xerces/internal/utils/XMLSecurityManager done
Event: 200.637 Loading class com/sun/org/apache/xerces/internal/utils/XMLSecurityManager$Limit
Event: 200.638 Loading class com/sun/org/apache/xerces/internal/utils/XMLSecurityManager$Limit done
Event: 200.638 Loading class com/sun/org/apache/xerces/internal/utils/XMLSecurityManager$NameMap
Event: 200.638 Loading class com/sun/org/apache/xerces/internal/utils/XMLSecurityManager$NameMap done
Event: 200.638 Loading class com/sun/org/apache/xerces/internal/utils/XMLSecurityPropertyManager
Event: 200.638 Loading class com/sun/org/apache/xerces/internal/utils/XMLSecurityPropertyManager done
Event: 200.638 Loading class com/sun/org/apache/xerces/internal/utils/XMLSecurityPropertyManager$State
Event: 200.638 Loading class com/sun/org/apache/xerces/internal/utils/XMLSecurityPropertyManager$State done
Event: 200.638 Loading class com/sun/org/apache/xerces/internal/utils/XMLSecurityPropertyManager$Property
Event: 200.639 Loading class com/sun/org/apache/xerces/internal/utils/XMLSecurityPropertyManager$Property done

Classes unloaded (0 events):
No events

Classes redefined (0 events):
No events

Internal exceptions (20 events):
Event: 164.350 Thread 0x0000021dbc041f50 Exception <a 'java/lang/NoSuchMethodError'{0x00000000ebfb0130}: 'java.lang.Object java.lang.invoke.DirectMethodHandle$Holder.invokeSpecial(java.lang.Object, java.lang.Object, java.lang.Object, java.lang.Object, int)'> (0x00000000ebfb0130) 
thrown [s\src\hotspot\share\interpreter\linkResolver.cpp, line 759]
Event: 164.351 Thread 0x0000021dbc041f50 Exception <a 'java/lang/NoSuchMethodError'{0x00000000ebfb4a40}: 'java.lang.Object java.lang.invoke.Invokers$Holder.linkToTargetMethod(java.lang.Object, java.lang.Object, int, java.lang.Object)'> (0x00000000ebfb4a40) 
thrown [s\src\hotspot\share\interpreter\linkResolver.cpp, line 759]
Event: 165.290 Thread 0x0000021dbc041f50 Exception <a 'java/lang/NoSuchMethodError'{0x00000000ebc36730}: 'int java.lang.invoke.DirectMethodHandle$Holder.invokeSpecialIFC(java.lang.Object, java.lang.Object, java.lang.Object)'> (0x00000000ebc36730) 
thrown [s\src\hotspot\share\interpreter\linkResolver.cpp, line 759]
Event: 171.404 Thread 0x0000021dbc041f50 Exception <a 'java/lang/NoSuchMethodError'{0x00000000eb8996a0}: 'java.lang.Object java.lang.invoke.DirectMethodHandle$Holder.newInvokeSpecial(java.lang.Object, java.lang.Object, java.lang.Object, java.lang.Object, int)'> (0x00000000eb8996a0) 
thrown [s\src\hotspot\share\interpreter\linkResolver.cpp, line 759]
Event: 171.443 Thread 0x0000021dbc041f50 Exception <a 'java/lang/NoSuchMethodError'{0x00000000eb89e980}: 'java.lang.Object java.lang.invoke.DirectMethodHandle$Holder.invokeSpecial(java.lang.Object, java.lang.Object, java.lang.Object, java.lang.Object, java.lang.Object, int)'> (0x00000000eb89e980) 
thrown [s\src\hotspot\share\interpreter\linkResolver.cpp, line 759]
Event: 171.444 Thread 0x0000021dbc041f50 Exception <a 'java/lang/NoSuchMethodError'{0x00000000eb8a3610}: 'java.lang.Object java.lang.invoke.Invokers$Holder.linkToTargetMethod(java.lang.Object, java.lang.Object, java.lang.Object, int, java.lang.Object)'> (0x00000000eb8a3610) 
thrown [s\src\hotspot\share\interpreter\linkResolver.cpp, line 759]
Event: 172.191 Thread 0x0000021dbc041f50 Exception <a 'java/lang/NoSuchMethodError'{0x00000000eb705cd0}: 'java.lang.Object java.lang.invoke.DirectMethodHandle$Holder.invokeSpecial(java.lang.Object, java.lang.Object, java.lang.Object, java.lang.Object, java.lang.Object, long)'> (0x00000000eb705cd0) 
thrown [s\src\hotspot\share\interpreter\linkResolver.cpp, line 759]
Event: 172.195 Thread 0x0000021dbc041f50 Exception <a 'java/lang/NoSuchMethodError'{0x00000000eb7300f0}: 'void java.lang.invoke.DirectMethodHandle$Holder.invokeStatic(java.lang.Object, java.lang.Object, java.lang.Object, int, java.lang.Object)'> (0x00000000eb7300f0) 
thrown [s\src\hotspot\share\interpreter\linkResolver.cpp, line 759]
Event: 172.903 Thread 0x0000021dbc041f50 Exception <a 'java/lang/NoSuchMethodError'{0x00000000eb6abd70}: 'int java.lang.invoke.DirectMethodHandle$Holder.invokeInterface(java.lang.Object, java.lang.Object, java.lang.Object, java.lang.Object, java.lang.Object)'> (0x00000000eb6abd70) 
thrown [s\src\hotspot\share\interpreter\linkResolver.cpp, line 759]
Event: 174.278 Thread 0x0000021dbc041f50 Exception <a 'java/lang/NoSuchMethodError'{0x00000000eae02d88}: 'int java.lang.invoke.DirectMethodHandle$Holder.invokeInterface(java.lang.Object, java.lang.Object, java.lang.Object, java.lang.Object)'> (0x00000000eae02d88) 
thrown [s\src\hotspot\share\interpreter\linkResolver.cpp, line 759]
Event: 175.088 Thread 0x0000021dbc041f50 Exception <a 'java/lang/NoSuchMethodError'{0x00000000eadd7a50}: 'java.lang.Object java.lang.invoke.DirectMethodHandle$Holder.invokeStatic(java.lang.Object, long, java.lang.Object)'> (0x00000000eadd7a50) 
thrown [s\src\hotspot\share\interpreter\linkResolver.cpp, line 759]
Event: 175.090 Thread 0x0000021dbc041f50 Exception <a 'java/lang/NoSuchMethodError'{0x00000000eaddf788}: 'java.lang.Object java.lang.invoke.DirectMethodHandle$Holder.newInvokeSpecial(java.lang.Object, long)'> (0x00000000eaddf788) 
thrown [s\src\hotspot\share\interpreter\linkResolver.cpp, line 759]
Event: 175.109 Thread 0x0000021dbc041f50 Exception <a 'java/lang/NoSuchMethodError'{0x00000000eac4ef58}: 'java.lang.Object java.lang.invoke.Invokers$Holder.linkToTargetMethod(java.lang.Object, java.lang.Object, java.lang.Object, java.lang.Object, long, java.lang.Object, java.lang.Object)'> (0x00000000eac4ef58) 
thrown [s\src\hotspot\share\interpreter\linkResolver.cpp, line 759]
Event: 175.118 Thread 0x0000021dbc041f50 Exception <a 'java/lang/NoSuchMethodError'{0x00000000eac95628}: 'java.lang.Object java.lang.invoke.DirectMethodHandle$Holder.newInvokeSpecial(java.lang.Object, java.lang.Object, java.lang.Object, long, java.lang.Object)'> (0x00000000eac95628) 
thrown [s\src\hotspot\share\interpreter\linkResolver.cpp, line 759]
Event: 175.119 Thread 0x0000021dbc041f50 Exception <a 'java/lang/NoSuchMethodError'{0x00000000eac9a758}: 'java.lang.Object java.lang.invoke.DirectMethodHandle$Holder.invokeSpecial(java.lang.Object, java.lang.Object, java.lang.Object, java.lang.Object, long, java.lang.Object)'> (0x00000000eac9a758) 
thrown [s\src\hotspot\share\interpreter\linkResolver.cpp, line 759]
Event: 175.120 Thread 0x0000021dbc041f50 Exception <a 'java/lang/NoSuchMethodError'{0x00000000eac9ec98}: 'java.lang.Object java.lang.invoke.Invokers$Holder.linkToTargetMethod(java.lang.Object, java.lang.Object, long, java.lang.Object, java.lang.Object)'> (0x00000000eac9ec98) 
thrown [s\src\hotspot\share\interpreter\linkResolver.cpp, line 759]
Event: 175.251 Thread 0x0000021dbc041f50 Exception <a 'java/lang/NoSuchMethodError'{0x00000000eaa9ee50}: 'java.lang.Object java.lang.invoke.DirectMethodHandle$Holder.invokeSpecial(java.lang.Object, java.lang.Object, long, java.lang.Object, java.lang.Object)'> (0x00000000eaa9ee50) 
thrown [s\src\hotspot\share\interpreter\linkResolver.cpp, line 759]
Event: 181.071 Thread 0x0000021dbc041f50 Exception <a 'java/lang/NoSuchMethodError'{0x00000000ea274930}: 'java.lang.Object java.lang.invoke.DirectMethodHandle$Holder.newInvokeSpecial(java.lang.Object, java.lang.Object, java.lang.Object, java.lang.Object, int, java.lang.Object)'> (0x00000000ea274930) 
thrown [s\src\hotspot\share\interpreter\linkResolver.cpp, line 759]
Event: 181.074 Thread 0x0000021dbc041f50 Exception <a 'java/lang/NoSuchMethodError'{0x00000000ea27d488}: 'java.lang.Object java.lang.invoke.Invokers$Holder.linkToTargetMethod(java.lang.Object, java.lang.Object, java.lang.Object, int, java.lang.Object, java.lang.Object)'> (0x00000000ea27d488) 
thrown [s\src\hotspot\share\interpreter\linkResolver.cpp, line 759]
Event: 197.664 Thread 0x0000021dbc041f50 Exception <a 'java/lang/NoSuchMethodError'{0x00000000efa2b6f8}: 'java.lang.Object java.lang.invoke.DirectMethodHandle$Holder.invokeSpecialIFC(java.lang.Object, java.lang.Object, java.lang.Object)'> (0x00000000efa2b6f8) 
thrown [s\src\hotspot\share\interpreter\linkResolver.cpp, line 759]

VM Operations (20 events):
Event: 191.140 Executing VM operation: Cleanup
Event: 191.141 Executing VM operation: Cleanup done
Event: 192.151 Executing VM operation: Cleanup
Event: 192.151 Executing VM operation: Cleanup done
Event: 192.226 Executing VM operation: G1CollectForAllocation
Event: 192.251 Executing VM operation: G1CollectForAllocation done
Event: 193.261 Executing VM operation: Cleanup
Event: 193.262 Executing VM operation: Cleanup done
Event: 194.267 Executing VM operation: Cleanup
Event: 194.267 Executing VM operation: Cleanup done
Event: 195.269 Executing VM operation: Cleanup
Event: 195.269 Executing VM operation: Cleanup done
Event: 197.298 Executing VM operation: Cleanup
Event: 197.298 Executing VM operation: Cleanup done
Event: 198.300 Executing VM operation: Cleanup
Event: 198.300 Executing VM operation: Cleanup done
Event: 199.300 Executing VM operation: Cleanup
Event: 199.301 Executing VM operation: Cleanup done
Event: 199.922 Executing VM operation: ICBufferFull
Event: 199.922 Executing VM operation: ICBufferFull done

Events (20 events):
Event: 135.043 Thread 0x0000021da27a8ac0 flushing nmethod 0x0000021d9079ba10
Event: 135.043 Thread 0x0000021da27a8ac0 flushing nmethod 0x0000021d907abc10
Event: 135.043 Thread 0x0000021da27a8ac0 flushing nmethod 0x0000021d907dea10
Event: 135.043 Thread 0x0000021da27a8ac0 flushing nmethod 0x0000021d90804c90
Event: 135.045 Thread 0x0000021da27a8ac0 flushing nmethod 0x0000021d9091dd10
Event: 135.045 Thread 0x0000021da27a8ac0 flushing nmethod 0x0000021d90925e10
Event: 135.045 Thread 0x0000021da27a8ac0 flushing nmethod 0x0000021d90926210
Event: 135.045 Thread 0x0000021da27a8ac0 flushing nmethod 0x0000021d90927010
Event: 135.045 Thread 0x0000021da27a8ac0 flushing nmethod 0x0000021d90927790
Event: 135.045 Thread 0x0000021da27a8ac0 flushing nmethod 0x0000021d90927c90
Event: 135.045 Thread 0x0000021da27a8ac0 flushing nmethod 0x0000021d90928110
Event: 180.037 Thread 0x0000021dbe04b180 Thread added: 0x0000021dbe04b180
Event: 180.037 Thread 0x0000021dbe050ca0 Thread added: 0x0000021dbe050ca0
Event: 180.038 Thread 0x0000021dbe04ee40 Thread added: 0x0000021dbe04ee40
Event: 184.706 Thread 0x0000021dbe04f350 Thread added: 0x0000021dbe04f350
Event: 184.733 Thread 0x0000021dbe04c5c0 Thread added: 0x0000021dbe04c5c0
Event: 184.737 Thread 0x0000021dbe04bba0 Thread added: 0x0000021dbe04bba0
Event: 197.665 Thread 0x0000021dbe04fd70 Thread added: 0x0000021dbe04fd70
Event: 197.667 Thread 0x0000021dbe051bd0 Thread added: 0x0000021dbe051bd0
Event: 197.670 Thread 0x0000021dbe04d4f0 Thread added: 0x0000021dbe04d4f0


Dynamic libraries:
0x00007ff6c28a0000 - 0x00007ff6c28ae000 	C:\Users\dat\.jdks\corretto-17.0.12\bin\java.exe
0x00007ffe60990000 - 0x00007ffe60b88000 	C:\Windows\SYSTEM32\ntdll.dll
0x00007ffe5f7a0000 - 0x00007ffe5f85f000 	C:\Windows\System32\KERNEL32.DLL
0x00007ffe5e650000 - 0x00007ffe5e946000 	C:\Windows\System32\KERNELBASE.dll
0x00007ffe5e450000 - 0x00007ffe5e550000 	C:\Windows\System32\ucrtbase.dll
0x00007ffe52690000 - 0x00007ffe526a7000 	C:\Users\dat\.jdks\corretto-17.0.12\bin\jli.dll
0x00007ffe5fa00000 - 0x00007ffe5fb9d000 	C:\Windows\System32\USER32.dll
0x00007ffe5e130000 - 0x00007ffe5e152000 	C:\Windows\System32\win32u.dll
0x00007ffe5f300000 - 0x00007ffe5f32c000 	C:\Windows\System32\GDI32.dll
0x00007ffe5e2c0000 - 0x00007ffe5e3d5000 	C:\Windows\System32\gdi32full.dll
0x00007ffe5e950000 - 0x00007ffe5e9ed000 	C:\Windows\System32\msvcp_win.dll
0x00007ffe55600000 - 0x00007ffe5561b000 	C:\Users\dat\.jdks\corretto-17.0.12\bin\VCRUNTIME140.dll
0x00007ffe4ee50000 - 0x00007ffe4f0ea000 	C:\Windows\WinSxS\amd64_microsoft.windows.common-controls_6595b64144ccf1df_6.0.19041.1110_none_60b5254171f9507e\COMCTL32.dll
0x00007ffe5f8f0000 - 0x00007ffe5f98e000 	C:\Windows\System32\msvcrt.dll
0x00007ffe5fd70000 - 0x00007ffe5fda0000 	C:\Windows\System32\IMM32.DLL
0x00007ffe57ae0000 - 0x00007ffe57aec000 	C:\Users\dat\.jdks\corretto-17.0.12\bin\vcruntime140_1.dll
0x00007ffe39730000 - 0x00007ffe397bd000 	C:\Users\dat\.jdks\corretto-17.0.12\bin\msvcp140.dll
0x00007ffe1f210000 - 0x00007ffe1fe7a000 	C:\Users\dat\.jdks\corretto-17.0.12\bin\server\jvm.dll
0x00007ffe5eaf0000 - 0x00007ffe5eb9f000 	C:\Windows\System32\ADVAPI32.dll
0x00007ffe5ea50000 - 0x00007ffe5eaec000 	C:\Windows\System32\sechost.dll
0x00007ffe601d0000 - 0x00007ffe602f6000 	C:\Windows\System32\RPCRT4.dll
0x00007ffe5f990000 - 0x00007ffe5f9fb000 	C:\Windows\System32\WS2_32.dll
0x00007ffe5d630000 - 0x00007ffe5d67b000 	C:\Windows\SYSTEM32\POWRPROF.dll
0x00007ffe4f1a0000 - 0x00007ffe4f1aa000 	C:\Windows\SYSTEM32\VERSION.dll
0x00007ffe50bb0000 - 0x00007ffe50bd7000 	C:\Windows\SYSTEM32\WINMM.dll
0x00007ffe5d4a0000 - 0x00007ffe5d4b2000 	C:\Windows\SYSTEM32\UMPDC.dll
0x00007ffe5bf20000 - 0x00007ffe5bf32000 	C:\Windows\SYSTEM32\kernel.appcore.dll
0x00007ffe57320000 - 0x00007ffe5732a000 	C:\Users\dat\.jdks\corretto-17.0.12\bin\jimage.dll
0x00007ffe5b7e0000 - 0x00007ffe5b9c4000 	C:\Windows\SYSTEM32\DBGHELP.DLL
0x00007ffe47d10000 - 0x00007ffe47d44000 	C:\Windows\SYSTEM32\dbgcore.DLL
0x00007ffe5e0a0000 - 0x00007ffe5e122000 	C:\Windows\System32\bcryptPrimitives.dll
0x00007ffe56610000 - 0x00007ffe5661e000 	C:\Users\dat\.jdks\corretto-17.0.12\bin\instrument.dll
0x00007ffe524d0000 - 0x00007ffe524f5000 	C:\Users\dat\.jdks\corretto-17.0.12\bin\java.dll
0x00007ffe34700000 - 0x00007ffe347d7000 	C:\Users\dat\.jdks\corretto-17.0.12\bin\jsvml.dll
0x00007ffe5ebb0000 - 0x00007ffe5f2f4000 	C:\Windows\System32\SHELL32.dll
0x00007ffe5c120000 - 0x00007ffe5c8b3000 	C:\Windows\SYSTEM32\windows.storage.dll
0x00007ffe60590000 - 0x00007ffe608e4000 	C:\Windows\System32\combase.dll
0x00007ffe5dac0000 - 0x00007ffe5daee000 	C:\Windows\SYSTEM32\Wldp.dll
0x00007ffe5fba0000 - 0x00007ffe5fc4d000 	C:\Windows\System32\SHCORE.dll
0x00007ffe5ff20000 - 0x00007ffe5ff75000 	C:\Windows\System32\shlwapi.dll
0x00007ffe5dfb0000 - 0x00007ffe5dfcf000 	C:\Windows\SYSTEM32\profapi.dll
0x00007ffe52670000 - 0x00007ffe52688000 	C:\Users\dat\.jdks\corretto-17.0.12\bin\zip.dll
0x00007ffe50960000 - 0x00007ffe50979000 	C:\Users\dat\.jdks\corretto-17.0.12\bin\net.dll
0x00007ffe56b10000 - 0x00007ffe56c1a000 	C:\Windows\SYSTEM32\WINHTTP.dll
0x00007ffe5d820000 - 0x00007ffe5d88a000 	C:\Windows\system32\mswsock.dll
0x00007ffe502b0000 - 0x00007ffe502c6000 	C:\Users\dat\.jdks\corretto-17.0.12\bin\nio.dll
0x00007ffe55a30000 - 0x00007ffe55a40000 	C:\Users\dat\.jdks\corretto-17.0.12\bin\verify.dll
0x00007ffe49740000 - 0x00007ffe49767000 	D:\codegym\module3\demo\native\c067742578af261105cb4f569cf0c3c89f3d7b1fecec35dd04571415982c5e48\windows-amd64\native-platform.dll
0x00007ffe31ca0000 - 0x00007ffe31de4000 	D:\codegym\module3\demo\native\100fb08df4bc3b14c8652ba06237920a3bd2aa13389f12d3474272988ae205f9\windows-amd64\native-platform-file-events.dll
0x00007ffe555f0000 - 0x00007ffe555f9000 	C:\Users\dat\.jdks\corretto-17.0.12\bin\management.dll
0x00007ffe53b90000 - 0x00007ffe53b9b000 	C:\Users\dat\.jdks\corretto-17.0.12\bin\management_ext.dll
0x00007ffe601c0000 - 0x00007ffe601c8000 	C:\Windows\System32\PSAPI.DLL
0x00007ffe5da10000 - 0x00007ffe5da28000 	C:\Windows\SYSTEM32\CRYPTSP.dll
0x00007ffe5d0d0000 - 0x00007ffe5d104000 	C:\Windows\system32\rsaenh.dll
0x00007ffe5e070000 - 0x00007ffe5e097000 	C:\Windows\System32\bcrypt.dll
0x00007ffe5df30000 - 0x00007ffe5df5e000 	C:\Windows\SYSTEM32\USERENV.dll
0x00007ffe5da30000 - 0x00007ffe5da3c000 	C:\Windows\SYSTEM32\CRYPTBASE.dll
0x00007ffe5d4c0000 - 0x00007ffe5d4fc000 	C:\Windows\SYSTEM32\IPHLPAPI.DLL
0x00007ffe5eba0000 - 0x00007ffe5eba8000 	C:\Windows\System32\NSI.dll
0x00007ffe56880000 - 0x00007ffe56897000 	C:\Windows\SYSTEM32\dhcpcsvc6.DLL
0x00007ffe56860000 - 0x00007ffe5687d000 	C:\Windows\SYSTEM32\dhcpcsvc.DLL
0x00007ffe5d510000 - 0x00007ffe5d5da000 	C:\Windows\SYSTEM32\DNSAPI.dll
0x00007ffe52470000 - 0x00007ffe52479000 	C:\Users\dat\.jdks\corretto-17.0.12\bin\extnet.dll
0x00007ffe52310000 - 0x00007ffe5231e000 	C:\Users\dat\.jdks\corretto-17.0.12\bin\sunmscapi.dll
0x00007ffe5e160000 - 0x00007ffe5e2be000 	C:\Windows\System32\CRYPT32.dll
0x00007ffe5db30000 - 0x00007ffe5db58000 	C:\Windows\SYSTEM32\ncrypt.dll
0x00007ffe5daf0000 - 0x00007ffe5db2b000 	C:\Windows\SYSTEM32\NTASN1.dll
0x00007ffe57ac0000 - 0x00007ffe57ac7000 	C:\Windows\system32\wshunix.dll

dbghelp: loaded successfully - version: 4.0.5 - missing functions: none
symbol engine: initialized successfully - sym options: 0x614 - pdb path: .;C:\Users\dat\.jdks\corretto-17.0.12\bin;C:\Windows\SYSTEM32;C:\Windows\WinSxS\amd64_microsoft.windows.common-controls_6595b64144ccf1df_6.0.19041.1110_none_60b5254171f9507e;C:\Users\dat\.jdks\corretto-17.0.12\bin\server;D:\codegym\module3\demo\native\c067742578af261105cb4f569cf0c3c89f3d7b1fecec35dd04571415982c5e48\windows-amd64;D:\codegym\module3\demo\native\100fb08df4bc3b14c8652ba06237920a3bd2aa13389f12d3474272988ae205f9\windows-amd64

VM Arguments:
jvm_args: --add-opens=java.base/java.lang=ALL-UNNAMED --add-opens=java.base/java.lang.invoke=ALL-UNNAMED --add-opens=java.base/java.util=ALL-UNNAMED --add-opens=java.prefs/java.util.prefs=ALL-UNNAMED --add-exports=jdk.compiler/com.sun.tools.javac.api=ALL-UNNAMED --add-exports=jdk.compiler/com.sun.tools.javac.util=ALL-UNNAMED --add-opens=java.base/java.util=ALL-UNNAMED --add-opens=java.prefs/java.util.prefs=ALL-UNNAMED --add-opens=java.base/java.nio.charset=ALL-UNNAMED --add-opens=java.base/java.net=ALL-UNNAMED --add-opens=java.base/java.util.concurrent.atomic=ALL-UNNAMED --add-opens=java.xml/javax.xml.namespace=ALL-UNNAMED -XX:MaxMetaspaceSize=384m -XX:+HeapDumpOnOutOfMemoryError -Xms256m -Xmx512m -Dfile.encoding=UTF-8 -Duser.country=US -Duser.language=en -Duser.variant -javaagent:D:\codegym\module3\demo\wrapper\dists\gradle-8.11.1-bin\bpt9gzteqjrbo1mjrsomdt32c\gradle-8.11.1\lib\agents\gradle-instrumentation-agent-8.11.1.jar 
java_command: org.gradle.launcher.daemon.bootstrap.GradleDaemon 8.11.1
java_class_path (initial): D:\codegym\module3\demo\wrapper\dists\gradle-8.11.1-bin\bpt9gzteqjrbo1mjrsomdt32c\gradle-8.11.1\lib\gradle-daemon-main-8.11.1.jar
Launcher Type: SUN_STANDARD

[Global flags]
     intx CICompilerCount                          = 3                                         {product} {ergonomic}
   size_t CompressedClassSpaceSize                 = 335544320                                 {product} {ergonomic}
     uint ConcGCThreads                            = 1                                         {product} {ergonomic}
     uint G1ConcRefinementThreads                  = 4                                         {product} {ergonomic}
   size_t G1HeapRegionSize                         = 1048576                                   {product} {ergonomic}
    uintx GCDrainStackTargetSize                   = 64                                        {product} {ergonomic}
     bool HeapDumpOnOutOfMemoryError               = true                                   {manageable} {command line}
   size_t InitialHeapSize                          = 268435456                                 {product} {command line}
   size_t MarkStackSize                            = 4194304                                   {product} {ergonomic}
   size_t MaxHeapSize                              = 536870912                                 {product} {command line}
   size_t MaxMetaspaceSize                         = 402653184                                 {product} {command line}
   size_t MaxNewSize                               = 321912832                                 {product} {ergonomic}
   size_t MinHeapDeltaBytes                        = 1048576                                   {product} {ergonomic}
   size_t MinHeapSize                              = 268435456                                 {product} {command line}
    uintx NonNMethodCodeHeapSize                   = 5832780                                {pd product} {ergonomic}
    uintx NonProfiledCodeHeapSize                  = 122912730                              {pd product} {ergonomic}
    uintx ProfiledCodeHeapSize                     = 122912730                              {pd product} {ergonomic}
    uintx ReservedCodeCacheSize                    = 251658240                              {pd product} {ergonomic}
     bool SegmentedCodeCache                       = true                                      {product} {ergonomic}
   size_t SoftMaxHeapSize                          = 536870912                              {manageable} {ergonomic}
     bool UseCompressedClassPointers               = true                           {product lp64_product} {ergonomic}
     bool UseCompressedOops                        = true                           {product lp64_product} {ergonomic}
     bool UseG1GC                                  = true                                      {product} {ergonomic}
     bool UseLargePagesIndividualAllocation        = false                                  {pd product} {ergonomic}

Logging:
Log output configuration:
 #0: stdout all=warning uptime,level,tags
 #1: stderr all=off uptime,level,tags

Environment Variables:
PATH=C:\Program Files\Python311\Scripts\;C:\Program Files\Python311\;C:\Windows\system32;C:\Windows;C:\Windows\System32\Wbem;C:\Windows\System32\WindowsPowerShell\v1.0\;C:\Windows\System32\OpenSSH\;C:\Program Files\dotnet\;C:\Program Files\Git\cmd;C:\Program Files\MySQL\MySQL Shell 8.0\bin\;C:\Users\dat\AppData\Local\Programs\Python\Python312\Scripts\;C:\Users\dat\AppData\Local\Programs\Python\Python312\;C:\Users\dat\AppData\Local\Microsoft\WindowsApps;C:\Users\dat\.dotnet\tools;C:\Users\dat\AppData\Local\Programs\Microsoft VS Code\bin;C:\Users\dat\AppData\Local\GitHubDesktop\bin
USERNAME=dat
OS=Windows_NT
PROCESSOR_IDENTIFIER=Intel64 Family 6 Model 61 Stepping 4, GenuineIntel
TMP=C:\Users\dat\AppData\Local\Temp
TEMP=C:\Users\dat\AppData\Local\Temp



Periodic native trim disabled


---------------  S Y S T E M  ---------------

OS:
 Windows 10 , 64 bit Build 19041 (10.0.19041.3031)
OS uptime: 12 days 8:32 hours

CPU: total 4 (initial active 4) (2 cores per cpu, 2 threads per core) family 6 model 61 stepping 4 microcode 0x2d, cx8, cmov, fxsr, ht, mmx, 3dnowpref, sse, sse2, sse3, ssse3, sse4.1, sse4.2, popcnt, lzcnt, tsc, tscinvbit, avx, avx2, aes, erms, clmul, bmi1, bmi2, adx, fma, vzeroupper, clflush
Processor Information for all 4 processors :
  Max Mhz: 2195, Current Mhz: 2195, Mhz Limit: 2195

Memory: 4k page, system-wide physical 8097M (82M free)
TotalPageFile size 17471M (AvailPageFile size 6M)
current process WorkingSet (physical memory assigned to process): 202M, peak: 295M
current process commit charge ("private bytes"): 449M, peak: 465M

vm_info: OpenJDK 64-Bit Server VM (17.0.12+7-LTS) for windows-amd64 JRE (17.0.12+7-LTS), built on Jul 10 2024 20:46:33 by "Administrator" with MS VC++ 16.10 / 16.11 (VS2019)

END.
