#
# There is insufficient memory for the Java Runtime Environment to continue.
# Native memory allocation (malloc) failed to allocate 1753936 bytes. Error detail: Chunk::new
# Possible reasons:
#   The system is out of physical RAM or swap space
#   This process is running with CompressedOops enabled, and the Java Heap may be blocking the growth of the native heap
# Possible solutions:
#   Reduce memory load on the system
#   Increase physical memory or swap space
#   Check if swap backing store is full
#   Decrease Java heap size (-Xmx/-Xms)
#   Decrease number of Java threads
#   Decrease Java thread stack sizes (-Xss)
#   Set larger code cache with -XX:ReservedCodeCacheSize=
#   JVM is running with Unscaled Compressed Oops mode in which the Java heap is
#     placed in the first 4GB address space. The Java Heap base address is the
#     maximum limit for the native heap growth. Please use -XX:HeapBaseMinAddress
#     to set the Java Heap base and to place the Java Heap above 4GB virtual address.
# This output file may be truncated or incomplete.
#
#  Out of Memory Error (arena.cpp:191), pid=6392, tid=13116
#
# JRE version: OpenJDK Runtime Environment Corretto-17.0.12.7.1 (17.0.12+7) (build 17.0.12+7-LTS)
# Java VM: OpenJDK 64-Bit Server VM Corretto-17.0.12.7.1 (17.0.12+7-LTS, mixed mode, sharing, tiered, compressed oops, compressed class ptrs, g1 gc, windows-amd64)
# No core dump will be written. Minidumps are not enabled by default on client versions of Windows
#

---------------  S U M M A R Y ------------

Command Line: --add-opens=java.base/java.lang=ALL-UNNAMED --add-opens=java.base/java.lang.invoke=ALL-UNNAMED --add-opens=java.base/java.util=ALL-UNNAMED --add-opens=java.prefs/java.util.prefs=ALL-UNNAMED --add-exports=jdk.compiler/com.sun.tools.javac.api=ALL-UNNAMED --add-exports=jdk.compiler/com.sun.tools.javac.util=ALL-UNNAMED --add-opens=java.base/java.util=ALL-UNNAMED --add-opens=java.prefs/java.util.prefs=ALL-UNNAMED --add-opens=java.base/java.nio.charset=ALL-UNNAMED --add-opens=java.base/java.net=ALL-UNNAMED --add-opens=java.base/java.util.concurrent.atomic=ALL-UNNAMED --add-opens=java.xml/javax.xml.namespace=ALL-UNNAMED -XX:MaxMetaspaceSize=384m -XX:+HeapDumpOnOutOfMemoryError -Xms256m -Xmx512m -Dfile.encoding=UTF-8 -Duser.country=US -Duser.language=en -Duser.variant -javaagent:D:\codegym\module3\demo\wrapper\dists\gradle-8.11.1-bin\bpt9gzteqjrbo1mjrsomdt32c\gradle-8.11.1\lib\agents\gradle-instrumentation-agent-8.11.1.jar org.gradle.launcher.daemon.bootstrap.GradleDaemon 8.11.1

Host: Intel(R) Core(TM) i5-5200U CPU @ 2.20GHz, 4 cores, 7G,  Windows 10 , 64 bit Build 19041 (10.0.19041.3031)
Time: Wed Dec 25 03:01:58 2024 SE Asia Standard Time elapsed time: 198.233822 seconds (0d 0h 3m 18s)

---------------  T H R E A D  ---------------

Current thread (0x0000015a7a56dd10):  JavaThread "C2 CompilerThread0" daemon [_thread_in_native, id=13116, stack(0x00000006dcf00000,0x00000006dd000000)]


Current CompileTask:
C2: 198233 6377       4       org.gradle.internal.service.DefaultServiceRegistry$ClassInspector$ClassDetails::collectTypes (63 bytes)

Stack: [0x00000006dcf00000,0x00000006dd000000]
Native frames: (J=compiled Java code, j=interpreted, Vv=VM code, C=native code)
V  [jvm.dll+0x67f4f9]
V  [jvm.dll+0x836eaa]
V  [jvm.dll+0x83896e]
V  [jvm.dll+0x838fd3]
V  [jvm.dll+0x247f6f]
V  [jvm.dll+0xac9d4]
V  [jvm.dll+0xad01c]
V  [jvm.dll+0x367042]
V  [jvm.dll+0x33156a]
V  [jvm.dll+0x330a0a]
V  [jvm.dll+0x21a501]
V  [jvm.dll+0x219941]
V  [jvm.dll+0x1a57bd]
V  [jvm.dll+0x22966d]
V  [jvm.dll+0x22781c]
V  [jvm.dll+0x7ebec7]
V  [jvm.dll+0x7e62ac]
V  [jvm.dll+0x67e3c7]
C  [ucrtbase.dll+0x21bb2]
C  [KERNEL32.DLL+0x17614]
C  [ntdll.dll+0x526f1]


---------------  P R O C E S S  ---------------

Threads class SMR info:
_java_thread_list=0x0000015a172dcb80, length=47, elements={
0x0000015a602639e0, 0x0000015a7a5548c0, 0x0000015a7a556660, 0x0000015a7a5683d0,
0x0000015a7a568ea0, 0x0000015a7a56b780, 0x0000015a7a56c050, 0x0000015a7a56dd10,
0x0000015a7a570a70, 0x0000015a7a5cfae0, 0x0000015a7a7162d0, 0x0000015a7a8162f0,
0x0000015a15c15990, 0x0000015a15b71d20, 0x0000015a1597e240, 0x0000015a15d74ad0,
0x0000015a7f0f1870, 0x0000015a15913fd0, 0x0000015a15916340, 0x0000015a159149f0,
0x0000015a15915410, 0x0000015a159130a0, 0x0000015a159144e0, 0x0000015a15914f00,
0x0000015a15912b90, 0x0000015a15913ac0, 0x0000015a15915e30, 0x0000015a159135b0,
0x0000015a165233b0, 0x0000015a16524d00, 0x0000015a16523dd0, 0x0000015a16526140,
0x0000015a165284b0, 0x0000015a16525720, 0x0000015a16522ea0, 0x0000015a16525210,
0x0000015a16527a90, 0x0000015a16521a60, 0x0000015a16521040, 0x0000015a16527070,
0x0000015a165238c0, 0x0000015a16525c30, 0x0000015a16521f70, 0x0000015a165242e0,
0x0000015a16527580, 0x0000015a16522480, 0x0000015a165289c0
}

Java Threads: ( => current thread )
  0x0000015a602639e0 JavaThread "main" [_thread_blocked, id=14164, stack(0x00000006dc200000,0x00000006dc300000)]
  0x0000015a7a5548c0 JavaThread "Reference Handler" daemon [_thread_blocked, id=4968, stack(0x00000006dc900000,0x00000006dca00000)]
  0x0000015a7a556660 JavaThread "Finalizer" daemon [_thread_blocked, id=14984, stack(0x00000006dca00000,0x00000006dcb00000)]
  0x0000015a7a5683d0 JavaThread "Signal Dispatcher" daemon [_thread_blocked, id=14780, stack(0x00000006dcb00000,0x00000006dcc00000)]
  0x0000015a7a568ea0 JavaThread "Attach Listener" daemon [_thread_blocked, id=8616, stack(0x00000006dcc00000,0x00000006dcd00000)]
  0x0000015a7a56b780 JavaThread "Service Thread" daemon [_thread_blocked, id=14708, stack(0x00000006dcd00000,0x00000006dce00000)]
  0x0000015a7a56c050 JavaThread "Monitor Deflation Thread" daemon [_thread_blocked, id=13032, stack(0x00000006dce00000,0x00000006dcf00000)]
=>0x0000015a7a56dd10 JavaThread "C2 CompilerThread0" daemon [_thread_in_native, id=13116, stack(0x00000006dcf00000,0x00000006dd000000)]
  0x0000015a7a570a70 JavaThread "C1 CompilerThread0" daemon [_thread_blocked, id=8816, stack(0x00000006dd000000,0x00000006dd100000)]
  0x0000015a7a5cfae0 JavaThread "Sweeper thread" daemon [_thread_blocked, id=10024, stack(0x00000006dd100000,0x00000006dd200000)]
  0x0000015a7a7162d0 JavaThread "Common-Cleaner" daemon [_thread_blocked, id=2888, stack(0x00000006dd200000,0x00000006dd300000)]
  0x0000015a7a8162f0 JavaThread "Notification Thread" daemon [_thread_blocked, id=5096, stack(0x00000006dd300000,0x00000006dd400000)]
  0x0000015a15c15990 JavaThread "Daemon health stats" [_thread_blocked, id=15724, stack(0x00000006dd900000,0x00000006dda00000)]
  0x0000015a15b71d20 JavaThread "Incoming local TCP Connector on port 58538" [_thread_in_native, id=660, stack(0x00000006dda00000,0x00000006ddb00000)]
  0x0000015a1597e240 JavaThread "Daemon periodic checks" [_thread_blocked, id=9936, stack(0x00000006ddb00000,0x00000006ddc00000)]
  0x0000015a15d74ad0 JavaThread "Daemon" [_thread_blocked, id=14476, stack(0x00000006ddc00000,0x00000006ddd00000)]
  0x0000015a7f0f1870 JavaThread "Handler for socket connection from /127.0.0.1:58538 to /127.0.0.1:58542" [_thread_in_native, id=3004, stack(0x00000006ddd00000,0x00000006dde00000)]
  0x0000015a15913fd0 JavaThread "Cancel handler" [_thread_blocked, id=13300, stack(0x00000006dde00000,0x00000006ddf00000)]
  0x0000015a15916340 JavaThread "Daemon worker" [_thread_in_Java, id=5712, stack(0x00000006ddf00000,0x00000006de000000)]
  0x0000015a159149f0 JavaThread "Asynchronous log dispatcher for DefaultDaemonConnection: socket connection from /127.0.0.1:58538 to /127.0.0.1:58542" [_thread_blocked, id=7128, stack(0x00000006de000000,0x00000006de100000)]
  0x0000015a15915410 JavaThread "Stdin handler" [_thread_blocked, id=14124, stack(0x00000006de100000,0x00000006de200000)]
  0x0000015a159130a0 JavaThread "Daemon client event forwarder" [_thread_blocked, id=14856, stack(0x00000006de200000,0x00000006de300000)]
  0x0000015a159144e0 JavaThread "Cache worker for journal cache (D:\codegym\module3\demo\caches\journal-1)" [_thread_blocked, id=7372, stack(0x00000006de300000,0x00000006de400000)]
  0x0000015a15914f00 JavaThread "File lock request listener" [_thread_in_native, id=14484, stack(0x00000006de400000,0x00000006de500000)]
  0x0000015a15912b90 JavaThread "File lock release action executor" [_thread_blocked, id=2932, stack(0x00000006de500000,0x00000006de600000)]
  0x0000015a15913ac0 JavaThread "Cache worker for file hash cache (D:\codegym\module3\demo\caches\8.11.1\fileHashes)" [_thread_blocked, id=13652, stack(0x00000006de600000,0x00000006de700000)]
  0x0000015a15915e30 JavaThread "Cache worker for file content cache (D:\codegym\module3\demo\caches\8.11.1\fileContent)" [_thread_blocked, id=12084, stack(0x00000006de700000,0x00000006de800000)]
  0x0000015a159135b0 JavaThread "Cache worker for file hash cache (D:\codegym\module4\quanlynha\.gradle\8.11.1\fileHashes)" [_thread_blocked, id=9956, stack(0x00000006de800000,0x00000006de900000)]
  0x0000015a165233b0 JavaThread "Cache worker for Build Output Cleanup Cache (D:\codegym\module4\quanlynha\.gradle\buildOutputCleanup)" [_thread_blocked, id=16120, stack(0x00000006de900000,0x00000006dea00000)]
  0x0000015a16524d00 JavaThread "File watcher server" daemon [_thread_in_native, id=12908, stack(0x00000006dea00000,0x00000006deb00000)]
  0x0000015a16523dd0 JavaThread "File watcher consumer" daemon [_thread_blocked, id=13096, stack(0x00000006deb00000,0x00000006dec00000)]
  0x0000015a16526140 JavaThread "Cache worker for checksums cache (D:\codegym\module4\quanlynha\.gradle\8.11.1\checksums)" [_thread_blocked, id=10340, stack(0x00000006dec00000,0x00000006ded00000)]
  0x0000015a165284b0 JavaThread "Cache worker for cache directory md-rule (D:\codegym\module3\demo\caches\8.11.1\md-rule)" [_thread_blocked, id=9048, stack(0x00000006ded00000,0x00000006dee00000)]
  0x0000015a16525720 JavaThread "Cache worker for cache directory md-supplier (D:\codegym\module3\demo\caches\8.11.1\md-supplier)" [_thread_blocked, id=13356, stack(0x00000006dee00000,0x00000006def00000)]
  0x0000015a16522ea0 JavaThread "jar transforms" [_thread_blocked, id=13624, stack(0x00000006df100000,0x00000006df200000)]
  0x0000015a16525210 JavaThread "jar transforms Thread 2" [_thread_blocked, id=12140, stack(0x00000006dc000000,0x00000006dc100000)]
  0x0000015a16527a90 JavaThread "jar transforms Thread 3" [_thread_blocked, id=11480, stack(0x00000006df200000,0x00000006df300000)]
  0x0000015a16521a60 JavaThread "jar transforms Thread 4" [_thread_blocked, id=12968, stack(0x00000006df300000,0x00000006df400000)]
  0x0000015a16521040 JavaThread "Unconstrained build operations" [_thread_blocked, id=11252, stack(0x00000006dc100000,0x00000006dc200000)]
  0x0000015a16527070 JavaThread "Unconstrained build operations Thread 2" [_thread_blocked, id=7364, stack(0x00000006def00000,0x00000006df000000)]
  0x0000015a165238c0 JavaThread "Unconstrained build operations Thread 3" [_thread_blocked, id=1292, stack(0x00000006df400000,0x00000006df500000)]
  0x0000015a16525c30 JavaThread "Unconstrained build operations Thread 4" [_thread_blocked, id=9628, stack(0x00000006df500000,0x00000006df600000)]
  0x0000015a16521f70 JavaThread "Unconstrained build operations Thread 5" [_thread_blocked, id=5948, stack(0x00000006df600000,0x00000006df700000)]
  0x0000015a165242e0 JavaThread "Unconstrained build operations Thread 6" [_thread_blocked, id=8880, stack(0x00000006df700000,0x00000006df800000)]
  0x0000015a16527580 JavaThread "Unconstrained build operations Thread 7" [_thread_blocked, id=5012, stack(0x00000006df800000,0x00000006df900000)]
  0x0000015a16522480 JavaThread "Unconstrained build operations Thread 8" [_thread_blocked, id=7460, stack(0x00000006df900000,0x00000006dfa00000)]
  0x0000015a165289c0 JavaThread "Unconstrained build operations Thread 9" [_thread_blocked, id=13424, stack(0x00000006dfa00000,0x00000006dfb00000)]

Other Threads:
  0x0000015a7a54f940 VMThread "VM Thread" [stack: 0x00000006dc800000,0x00000006dc900000] [id=9912]
  0x0000015a602648b0 WatcherThread [stack: 0x00000006dd400000,0x00000006dd500000] [id=8464]
  0x0000015a602906a0 GCTaskThread "GC Thread#0" [stack: 0x00000006dc300000,0x00000006dc400000] [id=7024]
  0x0000015a7a962700 GCTaskThread "GC Thread#1" [stack: 0x00000006dd500000,0x00000006dd600000] [id=15032]
  0x0000015a7a9629c0 GCTaskThread "GC Thread#2" [stack: 0x00000006dd600000,0x00000006dd700000] [id=4924]
  0x0000015a7a962c80 GCTaskThread "GC Thread#3" [stack: 0x00000006dd700000,0x00000006dd800000] [id=2252]
  0x0000015a60296510 ConcurrentGCThread "G1 Main Marker" [stack: 0x00000006dc400000,0x00000006dc500000] [id=16196]
  0x0000015a60296e40 ConcurrentGCThread "G1 Conc#0" [stack: 0x00000006dc500000,0x00000006dc600000] [id=8184]
  0x0000015a6032dbd0 ConcurrentGCThread "G1 Refine#0" [stack: 0x00000006dc600000,0x00000006dc700000] [id=13296]
  0x0000015a7f7370a0 ConcurrentGCThread "G1 Refine#1" [stack: 0x00000006dd800000,0x00000006dd900000] [id=15484]
  0x0000015a15e36450 ConcurrentGCThread "G1 Refine#2" [stack: 0x00000006dbf00000,0x00000006dc000000] [id=4104]
  0x0000015a6032e510 ConcurrentGCThread "G1 Service" [stack: 0x00000006dc700000,0x00000006dc800000] [id=12408]

Threads with active compile tasks:
C2 CompilerThread0   198263 6377       4       org.gradle.internal.service.DefaultServiceRegistry$ClassInspector$ClassDetails::collectTypes (63 bytes)

VM state: not at safepoint (normal execution)

VM Mutex/Monitor currently owned by a thread: None

Heap address: 0x00000000e0000000, size: 512 MB, Compressed Oops mode: 32-bit

CDS archive(s) mapped at: [0x0000015a00000000-0x0000015a00bb0000-0x0000015a00bb0000), size 12255232, SharedBaseAddress: 0x0000015a00000000, ArchiveRelocationMode: 1.
Compressed class space mapped at: 0x0000015a01000000-0x0000015a15000000, reserved size: 335544320
Narrow klass base: 0x0000015a00000000, Narrow klass shift: 0, Narrow klass range: 0x100000000

GC Precious Log:
 CPUs: 4 total, 4 available
 Memory: 8097M
 Large Page Support: Disabled
 NUMA Support: Disabled
 Compressed Oops: Enabled (32-bit)
 Heap Region Size: 1M
 Heap Min Capacity: 256M
 Heap Initial Capacity: 256M
 Heap Max Capacity: 512M
 Pre-touch: Disabled
 Parallel Workers: 4
 Concurrent Workers: 1
 Concurrent Refinement Workers: 4
 Periodic GC: Disabled

Heap:
 garbage-first heap   total 262144K, used 69638K [0x00000000e0000000, 0x0000000100000000)
  region size 1024K, 40 young (40960K), 5 survivors (5120K)
 Metaspace       used 46937K, committed 47424K, reserved 393216K
  class space    used 6587K, committed 6784K, reserved 327680K

Heap Regions: E=young(eden), S=young(survivor), O=old, HS=humongous(starts), HC=humongous(continues), CS=collection set, F=free, OA=open archive, CA=closed archive, TAMS=top-at-mark-start (previous, next)
|   0|0x00000000e0000000, 0x00000000e0100000, 0x00000000e0100000|100%|HS|  |TAMS 0x00000000e0100000, 0x00000000e0000000| Complete 
|   1|0x00000000e0100000, 0x00000000e0200000, 0x00000000e0200000|100%|HC|  |TAMS 0x00000000e0200000, 0x00000000e0100000| Complete 
|   2|0x00000000e0200000, 0x00000000e0300000, 0x00000000e0300000|100%|HC|  |TAMS 0x00000000e0300000, 0x00000000e0200000| Complete 
|   3|0x00000000e0300000, 0x00000000e0400000, 0x00000000e0400000|100%| O|  |TAMS 0x00000000e0400000, 0x00000000e0300000| Untracked 
|   4|0x00000000e0400000, 0x00000000e0500000, 0x00000000e0500000|100%| O|  |TAMS 0x00000000e0500000, 0x00000000e0400000| Untracked 
|   5|0x00000000e0500000, 0x00000000e0600000, 0x00000000e0600000|100%| O|  |TAMS 0x00000000e0600000, 0x00000000e0500000| Untracked 
|   6|0x00000000e0600000, 0x00000000e0700000, 0x00000000e0700000|100%| O|  |TAMS 0x00000000e0700000, 0x00000000e0600000| Untracked 
|   7|0x00000000e0700000, 0x00000000e0800000, 0x00000000e0800000|100%|HS|  |TAMS 0x00000000e0800000, 0x00000000e0700000| Complete 
|   8|0x00000000e0800000, 0x00000000e0900000, 0x00000000e0900000|100%| O|  |TAMS 0x00000000e0900000, 0x00000000e0800000| Untracked 
|   9|0x00000000e0900000, 0x00000000e0a00000, 0x00000000e0a00000|100%| O|  |TAMS 0x00000000e0a00000, 0x00000000e0900000| Untracked 
|  10|0x00000000e0a00000, 0x00000000e0b00000, 0x00000000e0b00000|100%| O|  |TAMS 0x00000000e0b00000, 0x00000000e0a00000| Untracked 
|  11|0x00000000e0b00000, 0x00000000e0c00000, 0x00000000e0c00000|100%| O|  |TAMS 0x00000000e0c00000, 0x00000000e0b00000| Untracked 
|  12|0x00000000e0c00000, 0x00000000e0d00000, 0x00000000e0d00000|100%| O|  |TAMS 0x00000000e0d00000, 0x00000000e0c00000| Untracked 
|  13|0x00000000e0d00000, 0x00000000e0e00000, 0x00000000e0e00000|100%| O|  |TAMS 0x00000000e0e00000, 0x00000000e0d00000| Untracked 
|  14|0x00000000e0e00000, 0x00000000e0f00000, 0x00000000e0f00000|100%| O|  |TAMS 0x00000000e0f00000, 0x00000000e0e00000| Untracked 
|  15|0x00000000e0f00000, 0x00000000e1000000, 0x00000000e1000000|100%| O|  |TAMS 0x00000000e1000000, 0x00000000e0f00000| Untracked 
|  16|0x00000000e1000000, 0x00000000e1100000, 0x00000000e1100000|100%| O|  |TAMS 0x00000000e1100000, 0x00000000e1000000| Untracked 
|  17|0x00000000e1100000, 0x00000000e1200000, 0x00000000e1200000|100%| O|  |TAMS 0x00000000e1200000, 0x00000000e1100000| Untracked 
|  18|0x00000000e1200000, 0x00000000e1300000, 0x00000000e1300000|100%| O|  |TAMS 0x00000000e1300000, 0x00000000e1200000| Untracked 
|  19|0x00000000e1300000, 0x00000000e1400000, 0x00000000e1400000|100%| O|  |TAMS 0x00000000e1400000, 0x00000000e1300000| Untracked 
|  20|0x00000000e1400000, 0x00000000e1500000, 0x00000000e1500000|100%| O|  |TAMS 0x00000000e14c5e00, 0x00000000e1400000| Untracked 
|  21|0x00000000e1500000, 0x00000000e1500000, 0x00000000e1600000|  0%| F|  |TAMS 0x00000000e1500000, 0x00000000e1500000| Untracked 
|  22|0x00000000e1600000, 0x00000000e1600000, 0x00000000e1700000|  0%| F|  |TAMS 0x00000000e1600000, 0x00000000e1600000| Untracked 
|  23|0x00000000e1700000, 0x00000000e1800000, 0x00000000e1800000|100%| O|  |TAMS 0x00000000e1700000, 0x00000000e1700000| Untracked 
|  24|0x00000000e1800000, 0x00000000e1900000, 0x00000000e1900000|100%| O|  |TAMS 0x00000000e1800000, 0x00000000e1800000| Untracked 
|  25|0x00000000e1900000, 0x00000000e1a00000, 0x00000000e1a00000|100%| O|  |TAMS 0x00000000e1900000, 0x00000000e1900000| Untracked 
|  26|0x00000000e1a00000, 0x00000000e1b00000, 0x00000000e1b00000|100%| O|  |TAMS 0x00000000e1a00000, 0x00000000e1a00000| Untracked 
|  27|0x00000000e1b00000, 0x00000000e1c00000, 0x00000000e1c00000|100%| O|  |TAMS 0x00000000e1b00000, 0x00000000e1b00000| Untracked 
|  28|0x00000000e1c00000, 0x00000000e1d00000, 0x00000000e1d00000|100%| O|  |TAMS 0x00000000e1c00000, 0x00000000e1c00000| Untracked 
|  29|0x00000000e1d00000, 0x00000000e1e00000, 0x00000000e1e00000|100%| O|  |TAMS 0x00000000e1d00000, 0x00000000e1d00000| Untracked 
|  30|0x00000000e1e00000, 0x00000000e1f00000, 0x00000000e1f00000|100%| O|  |TAMS 0x00000000e1e00000, 0x00000000e1e00000| Untracked 
|  31|0x00000000e1f00000, 0x00000000e1f52e00, 0x00000000e2000000| 32%| O|  |TAMS 0x00000000e1f00000, 0x00000000e1f00000| Untracked 
|  32|0x00000000e2000000, 0x00000000e2000000, 0x00000000e2100000|  0%| F|  |TAMS 0x00000000e2000000, 0x00000000e2000000| Untracked 
|  33|0x00000000e2100000, 0x00000000e2100000, 0x00000000e2200000|  0%| F|  |TAMS 0x00000000e2100000, 0x00000000e2100000| Untracked 
|  34|0x00000000e2200000, 0x00000000e2200000, 0x00000000e2300000|  0%| F|  |TAMS 0x00000000e2200000, 0x00000000e2200000| Untracked 
|  35|0x00000000e2300000, 0x00000000e2300000, 0x00000000e2400000|  0%| F|  |TAMS 0x00000000e2300000, 0x00000000e2300000| Untracked 
|  36|0x00000000e2400000, 0x00000000e2400000, 0x00000000e2500000|  0%| F|  |TAMS 0x00000000e2400000, 0x00000000e2400000| Untracked 
|  37|0x00000000e2500000, 0x00000000e2500000, 0x00000000e2600000|  0%| F|  |TAMS 0x00000000e2500000, 0x00000000e2500000| Untracked 
|  38|0x00000000e2600000, 0x00000000e2600000, 0x00000000e2700000|  0%| F|  |TAMS 0x00000000e2600000, 0x00000000e2600000| Untracked 
|  39|0x00000000e2700000, 0x00000000e2700000, 0x00000000e2800000|  0%| F|  |TAMS 0x00000000e2700000, 0x00000000e2700000| Untracked 
|  40|0x00000000e2800000, 0x00000000e2800000, 0x00000000e2900000|  0%| F|  |TAMS 0x00000000e2800000, 0x00000000e2800000| Untracked 
|  41|0x00000000e2900000, 0x00000000e2900000, 0x00000000e2a00000|  0%| F|  |TAMS 0x00000000e2900000, 0x00000000e2900000| Untracked 
|  42|0x00000000e2a00000, 0x00000000e2a00000, 0x00000000e2b00000|  0%| F|  |TAMS 0x00000000e2a00000, 0x00000000e2a00000| Untracked 
|  43|0x00000000e2b00000, 0x00000000e2b00000, 0x00000000e2c00000|  0%| F|  |TAMS 0x00000000e2b00000, 0x00000000e2b00000| Untracked 
|  44|0x00000000e2c00000, 0x00000000e2c00000, 0x00000000e2d00000|  0%| F|  |TAMS 0x00000000e2c00000, 0x00000000e2c00000| Untracked 
|  45|0x00000000e2d00000, 0x00000000e2d00000, 0x00000000e2e00000|  0%| F|  |TAMS 0x00000000e2d00000, 0x00000000e2d00000| Untracked 
|  46|0x00000000e2e00000, 0x00000000e2e00000, 0x00000000e2f00000|  0%| F|  |TAMS 0x00000000e2e00000, 0x00000000e2e00000| Untracked 
|  47|0x00000000e2f00000, 0x00000000e2f00000, 0x00000000e3000000|  0%| F|  |TAMS 0x00000000e2f00000, 0x00000000e2f00000| Untracked 
|  48|0x00000000e3000000, 0x00000000e3000000, 0x00000000e3100000|  0%| F|  |TAMS 0x00000000e3000000, 0x00000000e3000000| Untracked 
|  49|0x00000000e3100000, 0x00000000e3100000, 0x00000000e3200000|  0%| F|  |TAMS 0x00000000e3100000, 0x00000000e3100000| Untracked 
|  50|0x00000000e3200000, 0x00000000e3200000, 0x00000000e3300000|  0%| F|  |TAMS 0x00000000e3200000, 0x00000000e3200000| Untracked 
|  51|0x00000000e3300000, 0x00000000e3300000, 0x00000000e3400000|  0%| F|  |TAMS 0x00000000e3300000, 0x00000000e3300000| Untracked 
|  52|0x00000000e3400000, 0x00000000e3400000, 0x00000000e3500000|  0%| F|  |TAMS 0x00000000e3400000, 0x00000000e3400000| Untracked 
|  53|0x00000000e3500000, 0x00000000e3500000, 0x00000000e3600000|  0%| F|  |TAMS 0x00000000e3500000, 0x00000000e3500000| Untracked 
|  54|0x00000000e3600000, 0x00000000e3600000, 0x00000000e3700000|  0%| F|  |TAMS 0x00000000e3600000, 0x00000000e3600000| Untracked 
|  55|0x00000000e3700000, 0x00000000e3700000, 0x00000000e3800000|  0%| F|  |TAMS 0x00000000e3700000, 0x00000000e3700000| Untracked 
|  56|0x00000000e3800000, 0x00000000e3800000, 0x00000000e3900000|  0%| F|  |TAMS 0x00000000e3800000, 0x00000000e3800000| Untracked 
|  57|0x00000000e3900000, 0x00000000e3900000, 0x00000000e3a00000|  0%| F|  |TAMS 0x00000000e3900000, 0x00000000e3900000| Untracked 
|  58|0x00000000e3a00000, 0x00000000e3a00000, 0x00000000e3b00000|  0%| F|  |TAMS 0x00000000e3a00000, 0x00000000e3a00000| Untracked 
|  59|0x00000000e3b00000, 0x00000000e3b00000, 0x00000000e3c00000|  0%| F|  |TAMS 0x00000000e3b00000, 0x00000000e3b00000| Untracked 
|  60|0x00000000e3c00000, 0x00000000e3c00000, 0x00000000e3d00000|  0%| F|  |TAMS 0x00000000e3c00000, 0x00000000e3c00000| Untracked 
|  61|0x00000000e3d00000, 0x00000000e3d00000, 0x00000000e3e00000|  0%| F|  |TAMS 0x00000000e3d00000, 0x00000000e3d00000| Untracked 
|  62|0x00000000e3e00000, 0x00000000e3e00000, 0x00000000e3f00000|  0%| F|  |TAMS 0x00000000e3e00000, 0x00000000e3e00000| Untracked 
|  63|0x00000000e3f00000, 0x00000000e3f00000, 0x00000000e4000000|  0%| F|  |TAMS 0x00000000e3f00000, 0x00000000e3f00000| Untracked 
|  64|0x00000000e4000000, 0x00000000e4000000, 0x00000000e4100000|  0%| F|  |TAMS 0x00000000e4000000, 0x00000000e4000000| Untracked 
|  65|0x00000000e4100000, 0x00000000e4100000, 0x00000000e4200000|  0%| F|  |TAMS 0x00000000e4100000, 0x00000000e4100000| Untracked 
|  66|0x00000000e4200000, 0x00000000e4200000, 0x00000000e4300000|  0%| F|  |TAMS 0x00000000e4200000, 0x00000000e4200000| Untracked 
|  67|0x00000000e4300000, 0x00000000e4300000, 0x00000000e4400000|  0%| F|  |TAMS 0x00000000e4300000, 0x00000000e4300000| Untracked 
|  68|0x00000000e4400000, 0x00000000e4400000, 0x00000000e4500000|  0%| F|  |TAMS 0x00000000e4400000, 0x00000000e4400000| Untracked 
|  69|0x00000000e4500000, 0x00000000e4500000, 0x00000000e4600000|  0%| F|  |TAMS 0x00000000e4500000, 0x00000000e4500000| Untracked 
|  70|0x00000000e4600000, 0x00000000e4600000, 0x00000000e4700000|  0%| F|  |TAMS 0x00000000e4600000, 0x00000000e4600000| Untracked 
|  71|0x00000000e4700000, 0x00000000e4700000, 0x00000000e4800000|  0%| F|  |TAMS 0x00000000e4700000, 0x00000000e4700000| Untracked 
|  72|0x00000000e4800000, 0x00000000e4800000, 0x00000000e4900000|  0%| F|  |TAMS 0x00000000e4800000, 0x00000000e4800000| Untracked 
|  73|0x00000000e4900000, 0x00000000e4900000, 0x00000000e4a00000|  0%| F|  |TAMS 0x00000000e4900000, 0x00000000e4900000| Untracked 
|  74|0x00000000e4a00000, 0x00000000e4a00000, 0x00000000e4b00000|  0%| F|  |TAMS 0x00000000e4a00000, 0x00000000e4a00000| Untracked 
|  75|0x00000000e4b00000, 0x00000000e4b00000, 0x00000000e4c00000|  0%| F|  |TAMS 0x00000000e4b00000, 0x00000000e4b00000| Untracked 
|  76|0x00000000e4c00000, 0x00000000e4c00000, 0x00000000e4d00000|  0%| F|  |TAMS 0x00000000e4c00000, 0x00000000e4c00000| Untracked 
|  77|0x00000000e4d00000, 0x00000000e4d00000, 0x00000000e4e00000|  0%| F|  |TAMS 0x00000000e4d00000, 0x00000000e4d00000| Untracked 
|  78|0x00000000e4e00000, 0x00000000e4e00000, 0x00000000e4f00000|  0%| F|  |TAMS 0x00000000e4e00000, 0x00000000e4e00000| Untracked 
|  79|0x00000000e4f00000, 0x00000000e4f00000, 0x00000000e5000000|  0%| F|  |TAMS 0x00000000e4f00000, 0x00000000e4f00000| Untracked 
|  80|0x00000000e5000000, 0x00000000e5000000, 0x00000000e5100000|  0%| F|  |TAMS 0x00000000e5000000, 0x00000000e5000000| Untracked 
|  81|0x00000000e5100000, 0x00000000e5100000, 0x00000000e5200000|  0%| F|  |TAMS 0x00000000e5100000, 0x00000000e5100000| Untracked 
|  82|0x00000000e5200000, 0x00000000e5200000, 0x00000000e5300000|  0%| F|  |TAMS 0x00000000e5200000, 0x00000000e5200000| Untracked 
|  83|0x00000000e5300000, 0x00000000e5300000, 0x00000000e5400000|  0%| F|  |TAMS 0x00000000e5300000, 0x00000000e5300000| Untracked 
|  84|0x00000000e5400000, 0x00000000e5400000, 0x00000000e5500000|  0%| F|  |TAMS 0x00000000e5400000, 0x00000000e5400000| Untracked 
|  85|0x00000000e5500000, 0x00000000e5500000, 0x00000000e5600000|  0%| F|  |TAMS 0x00000000e5500000, 0x00000000e5500000| Untracked 
|  86|0x00000000e5600000, 0x00000000e5600000, 0x00000000e5700000|  0%| F|  |TAMS 0x00000000e5600000, 0x00000000e5600000| Untracked 
|  87|0x00000000e5700000, 0x00000000e5700000, 0x00000000e5800000|  0%| F|  |TAMS 0x00000000e5700000, 0x00000000e5700000| Untracked 
|  88|0x00000000e5800000, 0x00000000e5800000, 0x00000000e5900000|  0%| F|  |TAMS 0x00000000e5800000, 0x00000000e5800000| Untracked 
|  89|0x00000000e5900000, 0x00000000e5900000, 0x00000000e5a00000|  0%| F|  |TAMS 0x00000000e5900000, 0x00000000e5900000| Untracked 
|  90|0x00000000e5a00000, 0x00000000e5a00000, 0x00000000e5b00000|  0%| F|  |TAMS 0x00000000e5a00000, 0x00000000e5a00000| Untracked 
|  91|0x00000000e5b00000, 0x00000000e5b00000, 0x00000000e5c00000|  0%| F|  |TAMS 0x00000000e5b00000, 0x00000000e5b00000| Untracked 
|  92|0x00000000e5c00000, 0x00000000e5c00000, 0x00000000e5d00000|  0%| F|  |TAMS 0x00000000e5c00000, 0x00000000e5c00000| Untracked 
|  93|0x00000000e5d00000, 0x00000000e5d00000, 0x00000000e5e00000|  0%| F|  |TAMS 0x00000000e5d00000, 0x00000000e5d00000| Untracked 
|  94|0x00000000e5e00000, 0x00000000e5e00000, 0x00000000e5f00000|  0%| F|  |TAMS 0x00000000e5e00000, 0x00000000e5e00000| Untracked 
|  95|0x00000000e5f00000, 0x00000000e5f00000, 0x00000000e6000000|  0%| F|  |TAMS 0x00000000e5f00000, 0x00000000e5f00000| Untracked 
|  96|0x00000000e6000000, 0x00000000e6000000, 0x00000000e6100000|  0%| F|  |TAMS 0x00000000e6000000, 0x00000000e6000000| Untracked 
|  97|0x00000000e6100000, 0x00000000e6100000, 0x00000000e6200000|  0%| F|  |TAMS 0x00000000e6100000, 0x00000000e6100000| Untracked 
|  98|0x00000000e6200000, 0x00000000e6200000, 0x00000000e6300000|  0%| F|  |TAMS 0x00000000e6200000, 0x00000000e6200000| Untracked 
|  99|0x00000000e6300000, 0x00000000e6300000, 0x00000000e6400000|  0%| F|  |TAMS 0x00000000e6300000, 0x00000000e6300000| Untracked 
| 100|0x00000000e6400000, 0x00000000e6400000, 0x00000000e6500000|  0%| F|  |TAMS 0x00000000e6400000, 0x00000000e6400000| Untracked 
| 101|0x00000000e6500000, 0x00000000e6500000, 0x00000000e6600000|  0%| F|  |TAMS 0x00000000e6500000, 0x00000000e6500000| Untracked 
| 102|0x00000000e6600000, 0x00000000e6600000, 0x00000000e6700000|  0%| F|  |TAMS 0x00000000e6600000, 0x00000000e6600000| Untracked 
| 103|0x00000000e6700000, 0x00000000e6700000, 0x00000000e6800000|  0%| F|  |TAMS 0x00000000e6700000, 0x00000000e6700000| Untracked 
| 104|0x00000000e6800000, 0x00000000e6800000, 0x00000000e6900000|  0%| F|  |TAMS 0x00000000e6800000, 0x00000000e6800000| Untracked 
| 105|0x00000000e6900000, 0x00000000e6900000, 0x00000000e6a00000|  0%| F|  |TAMS 0x00000000e6900000, 0x00000000e6900000| Untracked 
| 106|0x00000000e6a00000, 0x00000000e6a00000, 0x00000000e6b00000|  0%| F|  |TAMS 0x00000000e6a00000, 0x00000000e6a00000| Untracked 
| 107|0x00000000e6b00000, 0x00000000e6b00000, 0x00000000e6c00000|  0%| F|  |TAMS 0x00000000e6b00000, 0x00000000e6b00000| Untracked 
| 108|0x00000000e6c00000, 0x00000000e6c00000, 0x00000000e6d00000|  0%| F|  |TAMS 0x00000000e6c00000, 0x00000000e6c00000| Untracked 
| 109|0x00000000e6d00000, 0x00000000e6d00000, 0x00000000e6e00000|  0%| F|  |TAMS 0x00000000e6d00000, 0x00000000e6d00000| Untracked 
| 110|0x00000000e6e00000, 0x00000000e6e00000, 0x00000000e6f00000|  0%| F|  |TAMS 0x00000000e6e00000, 0x00000000e6e00000| Untracked 
| 111|0x00000000e6f00000, 0x00000000e6f00000, 0x00000000e7000000|  0%| F|  |TAMS 0x00000000e6f00000, 0x00000000e6f00000| Untracked 
| 112|0x00000000e7000000, 0x00000000e7000000, 0x00000000e7100000|  0%| F|  |TAMS 0x00000000e7000000, 0x00000000e7000000| Untracked 
| 113|0x00000000e7100000, 0x00000000e7100000, 0x00000000e7200000|  0%| F|  |TAMS 0x00000000e7100000, 0x00000000e7100000| Untracked 
| 114|0x00000000e7200000, 0x00000000e7200000, 0x00000000e7300000|  0%| F|  |TAMS 0x00000000e7200000, 0x00000000e7200000| Untracked 
| 115|0x00000000e7300000, 0x00000000e7300000, 0x00000000e7400000|  0%| F|  |TAMS 0x00000000e7300000, 0x00000000e7300000| Untracked 
| 116|0x00000000e7400000, 0x00000000e7400000, 0x00000000e7500000|  0%| F|  |TAMS 0x00000000e7400000, 0x00000000e7400000| Untracked 
| 117|0x00000000e7500000, 0x00000000e7500000, 0x00000000e7600000|  0%| F|  |TAMS 0x00000000e7500000, 0x00000000e7500000| Untracked 
| 118|0x00000000e7600000, 0x00000000e7600000, 0x00000000e7700000|  0%| F|  |TAMS 0x00000000e7600000, 0x00000000e7600000| Untracked 
| 119|0x00000000e7700000, 0x00000000e7700000, 0x00000000e7800000|  0%| F|  |TAMS 0x00000000e7700000, 0x00000000e7700000| Untracked 
| 120|0x00000000e7800000, 0x00000000e7800000, 0x00000000e7900000|  0%| F|  |TAMS 0x00000000e7800000, 0x00000000e7800000| Untracked 
| 121|0x00000000e7900000, 0x00000000e7900000, 0x00000000e7a00000|  0%| F|  |TAMS 0x00000000e7900000, 0x00000000e7900000| Untracked 
| 122|0x00000000e7a00000, 0x00000000e7a00000, 0x00000000e7b00000|  0%| F|  |TAMS 0x00000000e7a00000, 0x00000000e7a00000| Untracked 
| 123|0x00000000e7b00000, 0x00000000e7b00000, 0x00000000e7c00000|  0%| F|  |TAMS 0x00000000e7b00000, 0x00000000e7b00000| Untracked 
| 124|0x00000000e7c00000, 0x00000000e7c00000, 0x00000000e7d00000|  0%| F|  |TAMS 0x00000000e7c00000, 0x00000000e7c00000| Untracked 
| 125|0x00000000e7d00000, 0x00000000e7d00000, 0x00000000e7e00000|  0%| F|  |TAMS 0x00000000e7d00000, 0x00000000e7d00000| Untracked 
| 126|0x00000000e7e00000, 0x00000000e7e00000, 0x00000000e7f00000|  0%| F|  |TAMS 0x00000000e7e00000, 0x00000000e7e00000| Untracked 
| 127|0x00000000e7f00000, 0x00000000e7f00000, 0x00000000e8000000|  0%| F|  |TAMS 0x00000000e7f00000, 0x00000000e7f00000| Untracked 
| 128|0x00000000e8000000, 0x00000000e8000000, 0x00000000e8100000|  0%| F|  |TAMS 0x00000000e8000000, 0x00000000e8000000| Untracked 
| 129|0x00000000e8100000, 0x00000000e8100000, 0x00000000e8200000|  0%| F|  |TAMS 0x00000000e8100000, 0x00000000e8100000| Untracked 
| 130|0x00000000e8200000, 0x00000000e8200000, 0x00000000e8300000|  0%| F|  |TAMS 0x00000000e8200000, 0x00000000e8200000| Untracked 
| 131|0x00000000e8300000, 0x00000000e8300000, 0x00000000e8400000|  0%| F|  |TAMS 0x00000000e8300000, 0x00000000e8300000| Untracked 
| 132|0x00000000e8400000, 0x00000000e8400000, 0x00000000e8500000|  0%| F|  |TAMS 0x00000000e8400000, 0x00000000e8400000| Untracked 
| 133|0x00000000e8500000, 0x00000000e8500000, 0x00000000e8600000|  0%| F|  |TAMS 0x00000000e8500000, 0x00000000e8500000| Untracked 
| 134|0x00000000e8600000, 0x00000000e8600000, 0x00000000e8700000|  0%| F|  |TAMS 0x00000000e8600000, 0x00000000e8600000| Untracked 
| 135|0x00000000e8700000, 0x00000000e8700000, 0x00000000e8800000|  0%| F|  |TAMS 0x00000000e8700000, 0x00000000e8700000| Untracked 
| 136|0x00000000e8800000, 0x00000000e8800000, 0x00000000e8900000|  0%| F|  |TAMS 0x00000000e8800000, 0x00000000e8800000| Untracked 
| 137|0x00000000e8900000, 0x00000000e8900000, 0x00000000e8a00000|  0%| F|  |TAMS 0x00000000e8900000, 0x00000000e8900000| Untracked 
| 138|0x00000000e8a00000, 0x00000000e8a00000, 0x00000000e8b00000|  0%| F|  |TAMS 0x00000000e8a00000, 0x00000000e8a00000| Untracked 
| 139|0x00000000e8b00000, 0x00000000e8b00000, 0x00000000e8c00000|  0%| F|  |TAMS 0x00000000e8b00000, 0x00000000e8b00000| Untracked 
| 140|0x00000000e8c00000, 0x00000000e8c00000, 0x00000000e8d00000|  0%| F|  |TAMS 0x00000000e8c00000, 0x00000000e8c00000| Untracked 
| 141|0x00000000e8d00000, 0x00000000e8d00000, 0x00000000e8e00000|  0%| F|  |TAMS 0x00000000e8d00000, 0x00000000e8d00000| Untracked 
| 142|0x00000000e8e00000, 0x00000000e8e00000, 0x00000000e8f00000|  0%| F|  |TAMS 0x00000000e8e00000, 0x00000000e8e00000| Untracked 
| 143|0x00000000e8f00000, 0x00000000e8f00000, 0x00000000e9000000|  0%| F|  |TAMS 0x00000000e8f00000, 0x00000000e8f00000| Untracked 
| 144|0x00000000e9000000, 0x00000000e9000000, 0x00000000e9100000|  0%| F|  |TAMS 0x00000000e9000000, 0x00000000e9000000| Untracked 
| 145|0x00000000e9100000, 0x00000000e9100000, 0x00000000e9200000|  0%| F|  |TAMS 0x00000000e9100000, 0x00000000e9100000| Untracked 
| 146|0x00000000e9200000, 0x00000000e9200000, 0x00000000e9300000|  0%| F|  |TAMS 0x00000000e9200000, 0x00000000e9200000| Untracked 
| 147|0x00000000e9300000, 0x00000000e9300000, 0x00000000e9400000|  0%| F|  |TAMS 0x00000000e9300000, 0x00000000e9300000| Untracked 
| 148|0x00000000e9400000, 0x00000000e9400000, 0x00000000e9500000|  0%| F|  |TAMS 0x00000000e9400000, 0x00000000e9400000| Untracked 
| 149|0x00000000e9500000, 0x00000000e9500000, 0x00000000e9600000|  0%| F|  |TAMS 0x00000000e9500000, 0x00000000e9500000| Untracked 
| 150|0x00000000e9600000, 0x00000000e9600000, 0x00000000e9700000|  0%| F|  |TAMS 0x00000000e9600000, 0x00000000e9600000| Untracked 
| 151|0x00000000e9700000, 0x00000000e9700000, 0x00000000e9800000|  0%| F|  |TAMS 0x00000000e9700000, 0x00000000e9700000| Untracked 
| 152|0x00000000e9800000, 0x00000000e9800000, 0x00000000e9900000|  0%| F|  |TAMS 0x00000000e9800000, 0x00000000e9800000| Untracked 
| 153|0x00000000e9900000, 0x00000000e9900000, 0x00000000e9a00000|  0%| F|  |TAMS 0x00000000e9900000, 0x00000000e9900000| Untracked 
| 154|0x00000000e9a00000, 0x00000000e9a00000, 0x00000000e9b00000|  0%| F|  |TAMS 0x00000000e9a00000, 0x00000000e9a00000| Untracked 
| 155|0x00000000e9b00000, 0x00000000e9b00000, 0x00000000e9c00000|  0%| F|  |TAMS 0x00000000e9b00000, 0x00000000e9b00000| Untracked 
| 156|0x00000000e9c00000, 0x00000000e9c00000, 0x00000000e9d00000|  0%| F|  |TAMS 0x00000000e9c00000, 0x00000000e9c00000| Untracked 
| 157|0x00000000e9d00000, 0x00000000e9d00000, 0x00000000e9e00000|  0%| F|  |TAMS 0x00000000e9d00000, 0x00000000e9d00000| Untracked 
| 158|0x00000000e9e00000, 0x00000000e9e00000, 0x00000000e9f00000|  0%| F|  |TAMS 0x00000000e9e00000, 0x00000000e9e00000| Untracked 
| 159|0x00000000e9f00000, 0x00000000e9f00000, 0x00000000ea000000|  0%| F|  |TAMS 0x00000000e9f00000, 0x00000000e9f00000| Untracked 
| 160|0x00000000ea000000, 0x00000000ea0aea90, 0x00000000ea100000| 68%| S|CS|TAMS 0x00000000ea000000, 0x00000000ea000000| Complete 
| 161|0x00000000ea100000, 0x00000000ea200000, 0x00000000ea200000|100%| S|CS|TAMS 0x00000000ea100000, 0x00000000ea100000| Complete 
| 162|0x00000000ea200000, 0x00000000ea300000, 0x00000000ea300000|100%| S|CS|TAMS 0x00000000ea200000, 0x00000000ea200000| Complete 
| 163|0x00000000ea300000, 0x00000000ea400000, 0x00000000ea400000|100%| S|CS|TAMS 0x00000000ea300000, 0x00000000ea300000| Complete 
| 164|0x00000000ea400000, 0x00000000ea500000, 0x00000000ea500000|100%| S|CS|TAMS 0x00000000ea400000, 0x00000000ea400000| Complete 
| 165|0x00000000ea500000, 0x00000000ea500000, 0x00000000ea600000|  0%| F|  |TAMS 0x00000000ea500000, 0x00000000ea500000| Untracked 
| 166|0x00000000ea600000, 0x00000000ea600000, 0x00000000ea700000|  0%| F|  |TAMS 0x00000000ea600000, 0x00000000ea600000| Untracked 
| 167|0x00000000ea700000, 0x00000000ea700000, 0x00000000ea800000|  0%| F|  |TAMS 0x00000000ea700000, 0x00000000ea700000| Untracked 
| 168|0x00000000ea800000, 0x00000000ea800000, 0x00000000ea900000|  0%| F|  |TAMS 0x00000000ea800000, 0x00000000ea800000| Untracked 
| 169|0x00000000ea900000, 0x00000000ea900000, 0x00000000eaa00000|  0%| F|  |TAMS 0x00000000ea900000, 0x00000000ea900000| Untracked 
| 170|0x00000000eaa00000, 0x00000000eaa00000, 0x00000000eab00000|  0%| F|  |TAMS 0x00000000eaa00000, 0x00000000eaa00000| Untracked 
| 171|0x00000000eab00000, 0x00000000eab00000, 0x00000000eac00000|  0%| F|  |TAMS 0x00000000eab00000, 0x00000000eab00000| Untracked 
| 172|0x00000000eac00000, 0x00000000eac00000, 0x00000000ead00000|  0%| F|  |TAMS 0x00000000eac00000, 0x00000000eac00000| Untracked 
| 173|0x00000000ead00000, 0x00000000ead00000, 0x00000000eae00000|  0%| F|  |TAMS 0x00000000ead00000, 0x00000000ead00000| Untracked 
| 174|0x00000000eae00000, 0x00000000eae00000, 0x00000000eaf00000|  0%| F|  |TAMS 0x00000000eae00000, 0x00000000eae00000| Untracked 
| 175|0x00000000eaf00000, 0x00000000eaf00000, 0x00000000eb000000|  0%| F|  |TAMS 0x00000000eaf00000, 0x00000000eaf00000| Untracked 
| 176|0x00000000eb000000, 0x00000000eb000000, 0x00000000eb100000|  0%| F|  |TAMS 0x00000000eb000000, 0x00000000eb000000| Untracked 
| 177|0x00000000eb100000, 0x00000000eb100000, 0x00000000eb200000|  0%| F|  |TAMS 0x00000000eb100000, 0x00000000eb100000| Untracked 
| 178|0x00000000eb200000, 0x00000000eb200000, 0x00000000eb300000|  0%| F|  |TAMS 0x00000000eb200000, 0x00000000eb200000| Untracked 
| 179|0x00000000eb300000, 0x00000000eb300000, 0x00000000eb400000|  0%| F|  |TAMS 0x00000000eb300000, 0x00000000eb300000| Untracked 
| 180|0x00000000eb400000, 0x00000000eb400000, 0x00000000eb500000|  0%| F|  |TAMS 0x00000000eb400000, 0x00000000eb400000| Untracked 
| 181|0x00000000eb500000, 0x00000000eb500000, 0x00000000eb600000|  0%| F|  |TAMS 0x00000000eb500000, 0x00000000eb500000| Untracked 
| 182|0x00000000eb600000, 0x00000000eb600000, 0x00000000eb700000|  0%| F|  |TAMS 0x00000000eb600000, 0x00000000eb600000| Untracked 
| 183|0x00000000eb700000, 0x00000000eb700000, 0x00000000eb800000|  0%| F|  |TAMS 0x00000000eb700000, 0x00000000eb700000| Untracked 
| 184|0x00000000eb800000, 0x00000000eb800000, 0x00000000eb900000|  0%| F|  |TAMS 0x00000000eb800000, 0x00000000eb800000| Untracked 
| 185|0x00000000eb900000, 0x00000000eb900000, 0x00000000eba00000|  0%| F|  |TAMS 0x00000000eb900000, 0x00000000eb900000| Untracked 
| 186|0x00000000eba00000, 0x00000000eba00000, 0x00000000ebb00000|  0%| F|  |TAMS 0x00000000eba00000, 0x00000000eba00000| Untracked 
| 187|0x00000000ebb00000, 0x00000000ebb00000, 0x00000000ebc00000|  0%| F|  |TAMS 0x00000000ebb00000, 0x00000000ebb00000| Untracked 
| 188|0x00000000ebc00000, 0x00000000ebc00000, 0x00000000ebd00000|  0%| F|  |TAMS 0x00000000ebc00000, 0x00000000ebc00000| Untracked 
| 189|0x00000000ebd00000, 0x00000000ebd00000, 0x00000000ebe00000|  0%| F|  |TAMS 0x00000000ebd00000, 0x00000000ebd00000| Untracked 
| 190|0x00000000ebe00000, 0x00000000ebe00000, 0x00000000ebf00000|  0%| F|  |TAMS 0x00000000ebe00000, 0x00000000ebe00000| Untracked 
| 191|0x00000000ebf00000, 0x00000000ebf00000, 0x00000000ec000000|  0%| F|  |TAMS 0x00000000ebf00000, 0x00000000ebf00000| Untracked 
| 192|0x00000000ec000000, 0x00000000ec000000, 0x00000000ec100000|  0%| F|  |TAMS 0x00000000ec000000, 0x00000000ec000000| Untracked 
| 193|0x00000000ec100000, 0x00000000ec100000, 0x00000000ec200000|  0%| F|  |TAMS 0x00000000ec100000, 0x00000000ec100000| Untracked 
| 194|0x00000000ec200000, 0x00000000ec200000, 0x00000000ec300000|  0%| F|  |TAMS 0x00000000ec200000, 0x00000000ec200000| Untracked 
| 195|0x00000000ec300000, 0x00000000ec300000, 0x00000000ec400000|  0%| F|  |TAMS 0x00000000ec300000, 0x00000000ec300000| Untracked 
| 196|0x00000000ec400000, 0x00000000ec400000, 0x00000000ec500000|  0%| F|  |TAMS 0x00000000ec400000, 0x00000000ec400000| Untracked 
| 197|0x00000000ec500000, 0x00000000ec500000, 0x00000000ec600000|  0%| F|  |TAMS 0x00000000ec500000, 0x00000000ec500000| Untracked 
| 198|0x00000000ec600000, 0x00000000ec600000, 0x00000000ec700000|  0%| F|  |TAMS 0x00000000ec600000, 0x00000000ec600000| Untracked 
| 199|0x00000000ec700000, 0x00000000ec700000, 0x00000000ec800000|  0%| F|  |TAMS 0x00000000ec700000, 0x00000000ec700000| Untracked 
| 200|0x00000000ec800000, 0x00000000ec800000, 0x00000000ec900000|  0%| F|  |TAMS 0x00000000ec800000, 0x00000000ec800000| Untracked 
| 201|0x00000000ec900000, 0x00000000ec900000, 0x00000000eca00000|  0%| F|  |TAMS 0x00000000ec900000, 0x00000000ec900000| Untracked 
| 202|0x00000000eca00000, 0x00000000eca00000, 0x00000000ecb00000|  0%| F|  |TAMS 0x00000000eca00000, 0x00000000eca00000| Untracked 
| 203|0x00000000ecb00000, 0x00000000ecb00000, 0x00000000ecc00000|  0%| F|  |TAMS 0x00000000ecb00000, 0x00000000ecb00000| Untracked 
| 204|0x00000000ecc00000, 0x00000000ecc00000, 0x00000000ecd00000|  0%| F|  |TAMS 0x00000000ecc00000, 0x00000000ecc00000| Untracked 
| 205|0x00000000ecd00000, 0x00000000ecd00000, 0x00000000ece00000|  0%| F|  |TAMS 0x00000000ecd00000, 0x00000000ecd00000| Untracked 
| 206|0x00000000ece00000, 0x00000000ece00000, 0x00000000ecf00000|  0%| F|  |TAMS 0x00000000ece00000, 0x00000000ece00000| Untracked 
| 207|0x00000000ecf00000, 0x00000000ecf00000, 0x00000000ed000000|  0%| F|  |TAMS 0x00000000ecf00000, 0x00000000ecf00000| Untracked 
| 208|0x00000000ed000000, 0x00000000ed000000, 0x00000000ed100000|  0%| F|  |TAMS 0x00000000ed000000, 0x00000000ed000000| Untracked 
| 209|0x00000000ed100000, 0x00000000ed100000, 0x00000000ed200000|  0%| F|  |TAMS 0x00000000ed100000, 0x00000000ed100000| Untracked 
| 210|0x00000000ed200000, 0x00000000ed200000, 0x00000000ed300000|  0%| F|  |TAMS 0x00000000ed200000, 0x00000000ed200000| Untracked 
| 211|0x00000000ed300000, 0x00000000ed300000, 0x00000000ed400000|  0%| F|  |TAMS 0x00000000ed300000, 0x00000000ed300000| Untracked 
| 212|0x00000000ed400000, 0x00000000ed400000, 0x00000000ed500000|  0%| F|  |TAMS 0x00000000ed400000, 0x00000000ed400000| Untracked 
| 213|0x00000000ed500000, 0x00000000ed500000, 0x00000000ed600000|  0%| F|  |TAMS 0x00000000ed500000, 0x00000000ed500000| Untracked 
| 214|0x00000000ed600000, 0x00000000ed600000, 0x00000000ed700000|  0%| F|  |TAMS 0x00000000ed600000, 0x00000000ed600000| Untracked 
| 215|0x00000000ed700000, 0x00000000ed700000, 0x00000000ed800000|  0%| F|  |TAMS 0x00000000ed700000, 0x00000000ed700000| Untracked 
| 216|0x00000000ed800000, 0x00000000ed800000, 0x00000000ed900000|  0%| F|  |TAMS 0x00000000ed800000, 0x00000000ed800000| Untracked 
| 217|0x00000000ed900000, 0x00000000ed900000, 0x00000000eda00000|  0%| F|  |TAMS 0x00000000ed900000, 0x00000000ed900000| Untracked 
| 218|0x00000000eda00000, 0x00000000eda00000, 0x00000000edb00000|  0%| F|  |TAMS 0x00000000eda00000, 0x00000000eda00000| Untracked 
| 219|0x00000000edb00000, 0x00000000edb00000, 0x00000000edc00000|  0%| F|  |TAMS 0x00000000edb00000, 0x00000000edb00000| Untracked 
| 220|0x00000000edc00000, 0x00000000edc00000, 0x00000000edd00000|  0%| F|  |TAMS 0x00000000edc00000, 0x00000000edc00000| Untracked 
| 221|0x00000000edd00000, 0x00000000ede00000, 0x00000000ede00000|100%| E|  |TAMS 0x00000000edd00000, 0x00000000edd00000| Complete 
| 222|0x00000000ede00000, 0x00000000edf00000, 0x00000000edf00000|100%| E|CS|TAMS 0x00000000ede00000, 0x00000000ede00000| Complete 
| 223|0x00000000edf00000, 0x00000000ee000000, 0x00000000ee000000|100%| E|CS|TAMS 0x00000000edf00000, 0x00000000edf00000| Complete 
| 224|0x00000000ee000000, 0x00000000ee100000, 0x00000000ee100000|100%| E|CS|TAMS 0x00000000ee000000, 0x00000000ee000000| Complete 
| 225|0x00000000ee100000, 0x00000000ee200000, 0x00000000ee200000|100%| E|CS|TAMS 0x00000000ee100000, 0x00000000ee100000| Complete 
| 226|0x00000000ee200000, 0x00000000ee300000, 0x00000000ee300000|100%| E|CS|TAMS 0x00000000ee200000, 0x00000000ee200000| Complete 
| 227|0x00000000ee300000, 0x00000000ee400000, 0x00000000ee400000|100%| E|CS|TAMS 0x00000000ee300000, 0x00000000ee300000| Complete 
| 228|0x00000000ee400000, 0x00000000ee500000, 0x00000000ee500000|100%| E|CS|TAMS 0x00000000ee400000, 0x00000000ee400000| Complete 
| 229|0x00000000ee500000, 0x00000000ee600000, 0x00000000ee600000|100%| E|CS|TAMS 0x00000000ee500000, 0x00000000ee500000| Complete 
| 230|0x00000000ee600000, 0x00000000ee700000, 0x00000000ee700000|100%| E|CS|TAMS 0x00000000ee600000, 0x00000000ee600000| Complete 
| 231|0x00000000ee700000, 0x00000000ee800000, 0x00000000ee800000|100%| E|CS|TAMS 0x00000000ee700000, 0x00000000ee700000| Complete 
| 232|0x00000000ee800000, 0x00000000ee900000, 0x00000000ee900000|100%| E|CS|TAMS 0x00000000ee800000, 0x00000000ee800000| Complete 
| 233|0x00000000ee900000, 0x00000000eea00000, 0x00000000eea00000|100%| E|CS|TAMS 0x00000000ee900000, 0x00000000ee900000| Complete 
| 234|0x00000000eea00000, 0x00000000eeb00000, 0x00000000eeb00000|100%| E|CS|TAMS 0x00000000eea00000, 0x00000000eea00000| Complete 
| 235|0x00000000eeb00000, 0x00000000eec00000, 0x00000000eec00000|100%| E|CS|TAMS 0x00000000eeb00000, 0x00000000eeb00000| Complete 
| 236|0x00000000eec00000, 0x00000000eed00000, 0x00000000eed00000|100%| E|CS|TAMS 0x00000000eec00000, 0x00000000eec00000| Complete 
| 237|0x00000000eed00000, 0x00000000eee00000, 0x00000000eee00000|100%| E|CS|TAMS 0x00000000eed00000, 0x00000000eed00000| Complete 
| 238|0x00000000eee00000, 0x00000000eef00000, 0x00000000eef00000|100%| E|CS|TAMS 0x00000000eee00000, 0x00000000eee00000| Complete 
| 239|0x00000000eef00000, 0x00000000ef000000, 0x00000000ef000000|100%| E|CS|TAMS 0x00000000eef00000, 0x00000000eef00000| Complete 
| 240|0x00000000ef000000, 0x00000000ef100000, 0x00000000ef100000|100%| E|CS|TAMS 0x00000000ef000000, 0x00000000ef000000| Complete 
| 241|0x00000000ef100000, 0x00000000ef200000, 0x00000000ef200000|100%| E|CS|TAMS 0x00000000ef100000, 0x00000000ef100000| Complete 
| 242|0x00000000ef200000, 0x00000000ef300000, 0x00000000ef300000|100%| E|CS|TAMS 0x00000000ef200000, 0x00000000ef200000| Complete 
| 243|0x00000000ef300000, 0x00000000ef400000, 0x00000000ef400000|100%| E|CS|TAMS 0x00000000ef300000, 0x00000000ef300000| Complete 
| 244|0x00000000ef400000, 0x00000000ef500000, 0x00000000ef500000|100%| E|CS|TAMS 0x00000000ef400000, 0x00000000ef400000| Complete 
| 245|0x00000000ef500000, 0x00000000ef600000, 0x00000000ef600000|100%| E|CS|TAMS 0x00000000ef500000, 0x00000000ef500000| Complete 
| 246|0x00000000ef600000, 0x00000000ef700000, 0x00000000ef700000|100%| E|CS|TAMS 0x00000000ef600000, 0x00000000ef600000| Complete 
| 247|0x00000000ef700000, 0x00000000ef800000, 0x00000000ef800000|100%| E|CS|TAMS 0x00000000ef700000, 0x00000000ef700000| Complete 
| 248|0x00000000ef800000, 0x00000000ef900000, 0x00000000ef900000|100%| E|CS|TAMS 0x00000000ef800000, 0x00000000ef800000| Complete 
| 249|0x00000000ef900000, 0x00000000efa00000, 0x00000000efa00000|100%| E|CS|TAMS 0x00000000ef900000, 0x00000000ef900000| Complete 
| 250|0x00000000efa00000, 0x00000000efb00000, 0x00000000efb00000|100%| E|CS|TAMS 0x00000000efa00000, 0x00000000efa00000| Complete 
| 251|0x00000000efb00000, 0x00000000efc00000, 0x00000000efc00000|100%| E|CS|TAMS 0x00000000efb00000, 0x00000000efb00000| Complete 
| 252|0x00000000efc00000, 0x00000000efd00000, 0x00000000efd00000|100%| E|CS|TAMS 0x00000000efc00000, 0x00000000efc00000| Complete 
| 253|0x00000000efd00000, 0x00000000efe00000, 0x00000000efe00000|100%| E|CS|TAMS 0x00000000efd00000, 0x00000000efd00000| Complete 
| 254|0x00000000efe00000, 0x00000000eff00000, 0x00000000eff00000|100%| E|CS|TAMS 0x00000000efe00000, 0x00000000efe00000| Complete 
| 255|0x00000000eff00000, 0x00000000f0000000, 0x00000000f0000000|100%| E|CS|TAMS 0x00000000eff00000, 0x00000000eff00000| Complete 

Card table byte_map: [0x0000015a76da0000,0x0000015a76ea0000] _byte_map_base: 0x0000015a766a0000

Marking Bits (Prev, Next): (CMBitMap*) 0x0000015a60291be0, (CMBitMap*) 0x0000015a60291c20
 Prev Bits: [0x0000015a76fa0000, 0x0000015a777a0000)
 Next Bits: [0x0000015a777a0000, 0x0000015a77fa0000)

Polling page: 0x0000015a5fa30000

Metaspace:

Usage:
  Non-class:     39.40 MB used.
      Class:      6.43 MB used.
       Both:     45.84 MB used.

Virtual space:
  Non-class space:       64.00 MB reserved,      39.69 MB ( 62%) committed,  1 nodes.
      Class space:      320.00 MB reserved,       6.62 MB (  2%) committed,  1 nodes.
             Both:      384.00 MB reserved,      46.31 MB ( 12%) committed. 

Chunk freelists:
   Non-Class:  7.84 MB
       Class:  9.32 MB
        Both:  17.16 MB

MaxMetaspaceSize: 384.00 MB
CompressedClassSpaceSize: 320.00 MB
Initial GC threshold: 21.00 MB
Current GC threshold: 58.69 MB
CDS: on
MetaspaceReclaimPolicy: balanced
 - commit_granule_bytes: 65536.
 - commit_granule_words: 8192.
 - virtual_space_node_default_size: 8388608.
 - enlarge_chunks_in_place: 1.
 - new_chunks_are_fully_committed: 0.
 - uncommit_free_chunks: 1.
 - use_allocation_guard: 0.
 - handle_deallocations: 1.


Internal statistics:

num_allocs_failed_limit: 6.
num_arena_births: 534.
num_arena_deaths: 0.
num_vsnodes_births: 2.
num_vsnodes_deaths: 0.
num_space_committed: 741.
num_space_uncommitted: 0.
num_chunks_returned_to_freelist: 6.
num_chunks_taken_from_freelist: 2417.
num_chunk_merges: 6.
num_chunk_splits: 1576.
num_chunks_enlarged: 1078.
num_inconsistent_stats: 0.

CodeHeap 'non-profiled nmethods': size=120000Kb used=3065Kb max_used=3157Kb free=116934Kb
 bounds [0x0000015a6f870000, 0x0000015a6fb90000, 0x0000015a76da0000]
CodeHeap 'profiled nmethods': size=120000Kb used=11154Kb max_used=11154Kb free=108845Kb
 bounds [0x0000015a67da0000, 0x0000015a68890000, 0x0000015a6f2d0000]
CodeHeap 'non-nmethods': size=5760Kb used=2323Kb max_used=2359Kb free=3436Kb
 bounds [0x0000015a6f2d0000, 0x0000015a6f540000, 0x0000015a6f870000]
 total_blobs=6440 nmethods=5598 adapters=754
 compilation: enabled
              stopped_count=0, restarted_count=0
 full_count=0

Compilation events (20 events):
Event: 198.034 Thread 0x0000015a7a570a70 6383       3       com.google.common.reflect.TypeResolver$TypeTable$1::resolveInternal (33 bytes)
Event: 198.034 Thread 0x0000015a7a570a70 nmethod 6383 0x0000015a68868310 code [0x0000015a68868500, 0x0000015a688689b8]
Event: 198.034 Thread 0x0000015a7a570a70 6384 %     3       org.gradle.internal.instantiation.generator.AbstractClassGenerator::inspectType @ 77 (560 bytes)
Event: 198.039 Thread 0x0000015a7a570a70 nmethod 6384% 0x0000015a68868b10 code [0x0000015a688692c0, 0x0000015a6886e348]
Event: 198.039 Thread 0x0000015a7a570a70 6385       3       org.gradle.internal.instantiation.generator.AsmBackedClassGenerator$ClassBuilderImpl::access$3700 (4 bytes)
Event: 198.039 Thread 0x0000015a7a570a70 nmethod 6385 0x0000015a6886fc90 code [0x0000015a6886fe20, 0x0000015a6886ff18]
Event: 198.039 Thread 0x0000015a7a570a70 6387       3       org.gradle.internal.instantiation.generator.AsmBackedClassGenerator$ClassBuilderImpl$37::<init> (403 bytes)
Event: 198.043 Thread 0x0000015a7a570a70 nmethod 6387 0x0000015a6886ff90 code [0x0000015a68870680, 0x0000015a688751c8]
Event: 198.044 Thread 0x0000015a7a570a70 6388       3       org.objectweb.asm.Type::equals (147 bytes)
Event: 198.045 Thread 0x0000015a7a570a70 nmethod 6388 0x0000015a68876890 code [0x0000015a68876b40, 0x0000015a68877c38]
Event: 198.045 Thread 0x0000015a7a570a70 6386       3       org.gradle.internal.instantiation.generator.AsmBackedClassGenerator$ClassBuilderImpl::access$4100 (4 bytes)
Event: 198.045 Thread 0x0000015a7a570a70 nmethod 6386 0x0000015a68878210 code [0x0000015a688783a0, 0x0000015a68878498]
Event: 198.049 Thread 0x0000015a7a570a70 6389       3       org.gradle.internal.service.DefaultServiceRegistry::get (44 bytes)
Event: 198.050 Thread 0x0000015a7a570a70 nmethod 6389 0x0000015a68878510 code [0x0000015a68878820, 0x0000015a68879a28]
Event: 198.084 Thread 0x0000015a7a570a70 6390       3       com.google.common.collect.Ordering::natural (4 bytes)
Event: 198.084 Thread 0x0000015a7a570a70 nmethod 6390 0x0000015a6887a010 code [0x0000015a6887a1a0, 0x0000015a6887a298]
Event: 198.125 Thread 0x0000015a7a570a70 6392       3       org.gradle.internal.instantiation.generator.AbstractClassGenerator::inspectType (560 bytes)
Event: 198.129 Thread 0x0000015a7a570a70 nmethod 6392 0x0000015a6887a310 code [0x0000015a6887aaa0, 0x0000015a6887f868]
Event: 198.129 Thread 0x0000015a7a570a70 6393       3       java.lang.reflect.Method::hashCode (19 bytes)
Event: 198.130 Thread 0x0000015a7a570a70 nmethod 6393 0x0000015a68881010 code [0x0000015a688811e0, 0x0000015a68881488]

GC Heap History (12 events):
Event: 0.744 GC heap before
{Heap before GC invocations=0 (full 0):
 garbage-first heap   total 262144K, used 13312K [0x00000000e0000000, 0x0000000100000000)
  region size 1024K, 13 young (13312K), 0 survivors (0K)
 Metaspace       used 768K, committed 896K, reserved 393216K
  class space    used 61K, committed 128K, reserved 327680K
}
Event: 0.786 GC heap after
{Heap after GC invocations=1 (full 0):
 garbage-first heap   total 262144K, used 1192K [0x00000000e0000000, 0x0000000100000000)
  region size 1024K, 2 young (2048K), 2 survivors (2048K)
 Metaspace       used 768K, committed 896K, reserved 393216K
  class space    used 61K, committed 128K, reserved 327680K
}
Event: 8.638 GC heap before
{Heap before GC invocations=1 (full 0):
 garbage-first heap   total 262144K, used 22696K [0x00000000e0000000, 0x0000000100000000)
  region size 1024K, 21 young (21504K), 2 survivors (2048K)
 Metaspace       used 2830K, committed 3008K, reserved 393216K
  class space    used 324K, committed 384K, reserved 327680K
}
Event: 8.644 GC heap after
{Heap after GC invocations=2 (full 0):
 garbage-first heap   total 262144K, used 9387K [0x00000000e0000000, 0x0000000100000000)
  region size 1024K, 3 young (3072K), 3 survivors (3072K)
 Metaspace       used 2830K, committed 3008K, reserved 393216K
  class space    used 324K, committed 384K, reserved 327680K
}
Event: 42.802 GC heap before
{Heap before GC invocations=2 (full 0):
 garbage-first heap   total 262144K, used 165035K [0x00000000e0000000, 0x0000000100000000)
  region size 1024K, 153 young (156672K), 3 survivors (3072K)
 Metaspace       used 18307K, committed 18560K, reserved 393216K
  class space    used 2631K, committed 2752K, reserved 327680K
}
Event: 42.822 GC heap after
{Heap after GC invocations=3 (full 0):
 garbage-first heap   total 262144K, used 21504K [0x00000000e0000000, 0x0000000100000000)
  region size 1024K, 14 young (14336K), 14 survivors (14336K)
 Metaspace       used 18307K, committed 18560K, reserved 393216K
  class space    used 2631K, committed 2752K, reserved 327680K
}
Event: 47.019 GC heap before
{Heap before GC invocations=3 (full 0):
 garbage-first heap   total 262144K, used 46080K [0x00000000e0000000, 0x0000000100000000)
  region size 1024K, 39 young (39936K), 14 survivors (14336K)
 Metaspace       used 21155K, committed 21504K, reserved 393216K
  class space    used 3082K, committed 3200K, reserved 327680K
}
Event: 47.042 GC heap after
{Heap after GC invocations=4 (full 0):
 garbage-first heap   total 262144K, used 23735K [0x00000000e0000000, 0x0000000100000000)
  region size 1024K, 3 young (3072K), 3 survivors (3072K)
 Metaspace       used 21155K, committed 21504K, reserved 393216K
  class space    used 3082K, committed 3200K, reserved 327680K
}
Event: 92.829 GC heap before
{Heap before GC invocations=5 (full 0):
 garbage-first heap   total 262144K, used 143543K [0x00000000e0000000, 0x0000000100000000)
  region size 1024K, 117 young (119808K), 3 survivors (3072K)
 Metaspace       used 35531K, committed 35968K, reserved 393216K
  class space    used 4914K, committed 5120K, reserved 327680K
}
Event: 92.961 GC heap after
{Heap after GC invocations=6 (full 0):
 garbage-first heap   total 262144K, used 30959K [0x00000000e0000000, 0x0000000100000000)
  region size 1024K, 10 young (10240K), 10 survivors (10240K)
 Metaspace       used 35531K, committed 35968K, reserved 393216K
  class space    used 4914K, committed 5120K, reserved 327680K
}
Event: 176.324 GC heap before
{Heap before GC invocations=7 (full 0):
 garbage-first heap   total 262144K, used 125167K [0x00000000e0000000, 0x0000000100000000)
  region size 1024K, 101 young (103424K), 10 survivors (10240K)
 Metaspace       used 45179K, committed 45632K, reserved 393216K
  class space    used 6339K, committed 6528K, reserved 327680K
}
Event: 176.481 GC heap after
{Heap after GC invocations=8 (full 0):
 garbage-first heap   total 262144K, used 34822K [0x00000000e0000000, 0x0000000100000000)
  region size 1024K, 5 young (5120K), 5 survivors (5120K)
 Metaspace       used 45179K, committed 45632K, reserved 393216K
  class space    used 6339K, committed 6528K, reserved 327680K
}

Dll operation events (15 events):
Event: 0.029 Loaded shared library C:\Users\dat\.jdks\corretto-17.0.12\bin\java.dll
Event: 0.064 Loaded shared library C:\Users\dat\.jdks\corretto-17.0.12\bin\jsvml.dll
Event: 0.276 Loaded shared library C:\Users\dat\.jdks\corretto-17.0.12\bin\zip.dll
Event: 0.280 Loaded shared library C:\Users\dat\.jdks\corretto-17.0.12\bin\instrument.dll
Event: 0.289 Loaded shared library C:\Users\dat\.jdks\corretto-17.0.12\bin\net.dll
Event: 0.291 Loaded shared library C:\Users\dat\.jdks\corretto-17.0.12\bin\nio.dll
Event: 0.295 Loaded shared library C:\Users\dat\.jdks\corretto-17.0.12\bin\zip.dll
Event: 1.247 Loaded shared library C:\Users\dat\.jdks\corretto-17.0.12\bin\jimage.dll
Event: 6.641 Loaded shared library C:\Users\dat\.jdks\corretto-17.0.12\bin\verify.dll
Event: 8.403 Loaded shared library D:\codegym\module3\demo\native\c067742578af261105cb4f569cf0c3c89f3d7b1fecec35dd04571415982c5e48\windows-amd64\native-platform.dll
Event: 8.419 Loaded shared library D:\codegym\module3\demo\native\100fb08df4bc3b14c8652ba06237920a3bd2aa13389f12d3474272988ae205f9\windows-amd64\native-platform-file-events.dll
Event: 24.272 Loaded shared library C:\Users\dat\.jdks\corretto-17.0.12\bin\management.dll
Event: 25.157 Loaded shared library C:\Users\dat\.jdks\corretto-17.0.12\bin\management_ext.dll
Event: 28.347 Loaded shared library C:\Users\dat\.jdks\corretto-17.0.12\bin\extnet.dll
Event: 30.800 Loaded shared library C:\Users\dat\.jdks\corretto-17.0.12\bin\sunmscapi.dll

Deoptimization events (20 events):
Event: 197.482 Thread 0x0000015a15916340 Uncommon trap: trap_request=0xffffffc6 fr.pc=0x0000015a6f8f6c20 relative=0x00000000000020c0
Event: 197.482 Thread 0x0000015a15916340 Uncommon trap: reason=bimorphic_or_optimized_type_check action=maybe_recompile pc=0x0000015a6f8f6c20 method=java.util.HashMap.putVal(ILjava/lang/Object;Ljava/lang/Object;ZZ)Ljava/lang/Object; @ 91 c2
Event: 197.482 Thread 0x0000015a15916340 DEOPT PACKING pc=0x0000015a6f8f6c20 sp=0x00000006ddff8d40
Event: 197.482 Thread 0x0000015a15916340 DEOPT UNPACKING pc=0x0000015a6f3269a3 sp=0x00000006ddff8c08 mode 2
Event: 197.482 Thread 0x0000015a15916340 Uncommon trap: trap_request=0xffffffc6 fr.pc=0x0000015a6f8f6c20 relative=0x00000000000020c0
Event: 197.482 Thread 0x0000015a15916340 Uncommon trap: reason=bimorphic_or_optimized_type_check action=maybe_recompile pc=0x0000015a6f8f6c20 method=java.util.HashMap.putVal(ILjava/lang/Object;Ljava/lang/Object;ZZ)Ljava/lang/Object; @ 91 c2
Event: 197.482 Thread 0x0000015a15916340 DEOPT PACKING pc=0x0000015a6f8f6c20 sp=0x00000006ddff8d40
Event: 197.482 Thread 0x0000015a15916340 DEOPT UNPACKING pc=0x0000015a6f3269a3 sp=0x00000006ddff8c08 mode 2
Event: 197.482 Thread 0x0000015a15916340 Uncommon trap: trap_request=0xffffffc6 fr.pc=0x0000015a6f8f6c20 relative=0x00000000000020c0
Event: 197.482 Thread 0x0000015a15916340 Uncommon trap: reason=bimorphic_or_optimized_type_check action=maybe_recompile pc=0x0000015a6f8f6c20 method=java.util.HashMap.putVal(ILjava/lang/Object;Ljava/lang/Object;ZZ)Ljava/lang/Object; @ 91 c2
Event: 197.482 Thread 0x0000015a15916340 DEOPT PACKING pc=0x0000015a6f8f6c20 sp=0x00000006ddff8d40
Event: 197.482 Thread 0x0000015a15916340 DEOPT UNPACKING pc=0x0000015a6f3269a3 sp=0x00000006ddff8c08 mode 2
Event: 197.482 Thread 0x0000015a15916340 Uncommon trap: trap_request=0xffffffc6 fr.pc=0x0000015a6f8f6c44 relative=0x00000000000020e4
Event: 197.482 Thread 0x0000015a15916340 Uncommon trap: reason=bimorphic_or_optimized_type_check action=maybe_recompile pc=0x0000015a6f8f6c44 method=java.util.HashMap.putVal(ILjava/lang/Object;Ljava/lang/Object;ZZ)Ljava/lang/Object; @ 203 c2
Event: 197.482 Thread 0x0000015a15916340 DEOPT PACKING pc=0x0000015a6f8f6c44 sp=0x00000006ddff8d40
Event: 197.482 Thread 0x0000015a15916340 DEOPT UNPACKING pc=0x0000015a6f3269a3 sp=0x00000006ddff8c08 mode 2
Event: 197.482 Thread 0x0000015a15916340 Uncommon trap: trap_request=0xffffffc6 fr.pc=0x0000015a6f8f6c20 relative=0x00000000000020c0
Event: 197.482 Thread 0x0000015a15916340 Uncommon trap: reason=bimorphic_or_optimized_type_check action=maybe_recompile pc=0x0000015a6f8f6c20 method=java.util.HashMap.putVal(ILjava/lang/Object;Ljava/lang/Object;ZZ)Ljava/lang/Object; @ 91 c2
Event: 197.482 Thread 0x0000015a15916340 DEOPT PACKING pc=0x0000015a6f8f6c20 sp=0x00000006ddff8d40
Event: 197.482 Thread 0x0000015a15916340 DEOPT UNPACKING pc=0x0000015a6f3269a3 sp=0x00000006ddff8c08 mode 2

Classes loaded (20 events):
Event: 148.680 Loading class java/io/DeleteOnExitHook$1
Event: 148.681 Loading class java/io/DeleteOnExitHook$1 done
Event: 179.138 Loading class sun/reflect/ReflectionFactory
Event: 179.138 Loading class sun/reflect/ReflectionFactory done
Event: 179.138 Loading class sun/reflect/ReflectionFactory$1
Event: 179.139 Loading class sun/reflect/ReflectionFactory$1 done
Event: 179.168 Loading class jdk/internal/reflect/SerializationConstructorAccessorImpl
Event: 179.168 Loading class jdk/internal/reflect/SerializationConstructorAccessorImpl done
Event: 183.681 Loading class java/nio/channels/Channels
Event: 183.681 Loading class java/nio/channels/Channels done
Event: 183.681 Loading class sun/nio/ch/ChannelInputStream
Event: 183.682 Loading class sun/nio/ch/ChannelInputStream done
Event: 197.488 Loading class java/util/stream/SortedOps
Event: 197.488 Loading class java/util/stream/SortedOps done
Event: 197.488 Loading class java/util/stream/SortedOps$OfRef
Event: 197.489 Loading class java/util/stream/SortedOps$OfRef done
Event: 197.490 Loading class java/util/stream/SortedOps$SizedRefSortingSink
Event: 197.491 Loading class java/util/stream/SortedOps$AbstractRefSortingSink
Event: 197.491 Loading class java/util/stream/SortedOps$AbstractRefSortingSink done
Event: 197.491 Loading class java/util/stream/SortedOps$SizedRefSortingSink done

Classes unloaded (0 events):
No events

Classes redefined (0 events):
No events

Internal exceptions (20 events):
Event: 151.333 Thread 0x0000015a15916340 Exception <a 'java/lang/NoSuchMethodError'{0x00000000ebfeefc8}: 'java.lang.Object java.lang.invoke.DirectMethodHandle$Holder.invokeSpecial(java.lang.Object, java.lang.Object, java.lang.Object, java.lang.Object, int)'> (0x00000000ebfeefc8) 
thrown [s\src\hotspot\share\interpreter\linkResolver.cpp, line 759]
Event: 151.335 Thread 0x0000015a15916340 Exception <a 'java/lang/NoSuchMethodError'{0x00000000ebff38d8}: 'java.lang.Object java.lang.invoke.Invokers$Holder.linkToTargetMethod(java.lang.Object, java.lang.Object, int, java.lang.Object)'> (0x00000000ebff38d8) 
thrown [s\src\hotspot\share\interpreter\linkResolver.cpp, line 759]
Event: 154.251 Thread 0x0000015a15916340 Exception <a 'java/lang/NoSuchMethodError'{0x00000000ebc8a448}: 'int java.lang.invoke.DirectMethodHandle$Holder.invokeSpecialIFC(java.lang.Object, java.lang.Object, java.lang.Object)'> (0x00000000ebc8a448) 
thrown [s\src\hotspot\share\interpreter\linkResolver.cpp, line 759]
Event: 157.453 Thread 0x0000015a15916340 Exception <a 'java/lang/NoSuchMethodError'{0x00000000eb8d1d58}: 'java.lang.Object java.lang.invoke.DirectMethodHandle$Holder.newInvokeSpecial(java.lang.Object, java.lang.Object, java.lang.Object, java.lang.Object, int)'> (0x00000000eb8d1d58) 
thrown [s\src\hotspot\share\interpreter\linkResolver.cpp, line 759]
Event: 157.475 Thread 0x0000015a15916340 Exception <a 'java/lang/NoSuchMethodError'{0x00000000eb8d7038}: 'java.lang.Object java.lang.invoke.DirectMethodHandle$Holder.invokeSpecial(java.lang.Object, java.lang.Object, java.lang.Object, java.lang.Object, java.lang.Object, int)'> (0x00000000eb8d7038) 
thrown [s\src\hotspot\share\interpreter\linkResolver.cpp, line 759]
Event: 157.503 Thread 0x0000015a15916340 Exception <a 'java/lang/NoSuchMethodError'{0x00000000eb8dbcc8}: 'java.lang.Object java.lang.invoke.Invokers$Holder.linkToTargetMethod(java.lang.Object, java.lang.Object, java.lang.Object, int, java.lang.Object)'> (0x00000000eb8dbcc8) 
thrown [s\src\hotspot\share\interpreter\linkResolver.cpp, line 759]
Event: 158.691 Thread 0x0000015a15916340 Exception <a 'java/lang/NoSuchMethodError'{0x00000000eb73e2d8}: 'java.lang.Object java.lang.invoke.DirectMethodHandle$Holder.invokeSpecial(java.lang.Object, java.lang.Object, java.lang.Object, java.lang.Object, java.lang.Object, long)'> (0x00000000eb73e2d8) 
thrown [s\src\hotspot\share\interpreter\linkResolver.cpp, line 759]
Event: 158.735 Thread 0x0000015a15916340 Exception <a 'java/lang/NoSuchMethodError'{0x00000000eb768698}: 'void java.lang.invoke.DirectMethodHandle$Holder.invokeStatic(java.lang.Object, java.lang.Object, java.lang.Object, int, java.lang.Object)'> (0x00000000eb768698) 
thrown [s\src\hotspot\share\interpreter\linkResolver.cpp, line 759]
Event: 161.036 Thread 0x0000015a15916340 Exception <a 'java/lang/NoSuchMethodError'{0x00000000eb6e3cb8}: 'int java.lang.invoke.DirectMethodHandle$Holder.invokeInterface(java.lang.Object, java.lang.Object, java.lang.Object, java.lang.Object, java.lang.Object)'> (0x00000000eb6e3cb8) 
thrown [s\src\hotspot\share\interpreter\linkResolver.cpp, line 759]
Event: 168.812 Thread 0x0000015a15916340 Exception <a 'java/lang/NoSuchMethodError'{0x00000000eae42cf0}: 'int java.lang.invoke.DirectMethodHandle$Holder.invokeInterface(java.lang.Object, java.lang.Object, java.lang.Object, java.lang.Object)'> (0x00000000eae42cf0) 
thrown [s\src\hotspot\share\interpreter\linkResolver.cpp, line 759]
Event: 169.952 Thread 0x0000015a15916340 Exception <a 'java/lang/NoSuchMethodError'{0x00000000eac18840}: 'java.lang.Object java.lang.invoke.DirectMethodHandle$Holder.invokeStatic(java.lang.Object, long, java.lang.Object)'> (0x00000000eac18840) 
thrown [s\src\hotspot\share\interpreter\linkResolver.cpp, line 759]
Event: 169.954 Thread 0x0000015a15916340 Exception <a 'java/lang/NoSuchMethodError'{0x00000000eac20578}: 'java.lang.Object java.lang.invoke.DirectMethodHandle$Holder.newInvokeSpecial(java.lang.Object, long)'> (0x00000000eac20578) 
thrown [s\src\hotspot\share\interpreter\linkResolver.cpp, line 759]
Event: 169.977 Thread 0x0000015a15916340 Exception <a 'java/lang/NoSuchMethodError'{0x00000000eac8fa78}: 'java.lang.Object java.lang.invoke.Invokers$Holder.linkToTargetMethod(java.lang.Object, java.lang.Object, java.lang.Object, java.lang.Object, long, java.lang.Object, java.lang.Object)'> (0x00000000eac8fa78) 
thrown [s\src\hotspot\share\interpreter\linkResolver.cpp, line 759]
Event: 170.035 Thread 0x0000015a15916340 Exception <a 'java/lang/NoSuchMethodError'{0x00000000eacd5f08}: 'java.lang.Object java.lang.invoke.DirectMethodHandle$Holder.newInvokeSpecial(java.lang.Object, java.lang.Object, java.lang.Object, long, java.lang.Object)'> (0x00000000eacd5f08) 
thrown [s\src\hotspot\share\interpreter\linkResolver.cpp, line 759]
Event: 170.059 Thread 0x0000015a15916340 Exception <a 'java/lang/NoSuchMethodError'{0x00000000eacdb038}: 'java.lang.Object java.lang.invoke.DirectMethodHandle$Holder.invokeSpecial(java.lang.Object, java.lang.Object, java.lang.Object, java.lang.Object, long, java.lang.Object)'> (0x00000000eacdb038) 
thrown [s\src\hotspot\share\interpreter\linkResolver.cpp, line 759]
Event: 170.060 Thread 0x0000015a15916340 Exception <a 'java/lang/NoSuchMethodError'{0x00000000eacdf578}: 'java.lang.Object java.lang.invoke.Invokers$Holder.linkToTargetMethod(java.lang.Object, java.lang.Object, long, java.lang.Object, java.lang.Object)'> (0x00000000eacdf578) 
thrown [s\src\hotspot\share\interpreter\linkResolver.cpp, line 759]
Event: 170.322 Thread 0x0000015a15916340 Exception <a 'java/lang/NoSuchMethodError'{0x00000000eaadfe58}: 'java.lang.Object java.lang.invoke.DirectMethodHandle$Holder.invokeSpecial(java.lang.Object, java.lang.Object, long, java.lang.Object, java.lang.Object)'> (0x00000000eaadfe58) 
thrown [s\src\hotspot\share\interpreter\linkResolver.cpp, line 759]
Event: 179.175 Thread 0x0000015a15916340 Exception <a 'java/lang/NoSuchMethodError'{0x00000000efb74df8}: 'java.lang.Object java.lang.invoke.DirectMethodHandle$Holder.newInvokeSpecial(java.lang.Object, java.lang.Object, java.lang.Object, java.lang.Object, int, java.lang.Object)'> (0x00000000efb74df8) 
thrown [s\src\hotspot\share\interpreter\linkResolver.cpp, line 759]
Event: 179.176 Thread 0x0000015a15916340 Exception <a 'java/lang/NoSuchMethodError'{0x00000000efb7d950}: 'java.lang.Object java.lang.invoke.Invokers$Holder.linkToTargetMethod(java.lang.Object, java.lang.Object, java.lang.Object, int, java.lang.Object, java.lang.Object)'> (0x00000000efb7d950) 
thrown [s\src\hotspot\share\interpreter\linkResolver.cpp, line 759]
Event: 194.141 Thread 0x0000015a15916340 Exception <a 'java/lang/NoSuchMethodError'{0x00000000ef0d9c70}: 'java.lang.Object java.lang.invoke.DirectMethodHandle$Holder.invokeSpecialIFC(java.lang.Object, java.lang.Object, java.lang.Object)'> (0x00000000ef0d9c70) 
thrown [s\src\hotspot\share\interpreter\linkResolver.cpp, line 759]

VM Operations (20 events):
Event: 183.995 Executing VM operation: Cleanup
Event: 183.995 Executing VM operation: Cleanup done
Event: 185.006 Executing VM operation: Cleanup
Event: 185.006 Executing VM operation: Cleanup done
Event: 187.026 Executing VM operation: Cleanup
Event: 187.026 Executing VM operation: Cleanup done
Event: 188.037 Executing VM operation: Cleanup
Event: 188.037 Executing VM operation: Cleanup done
Event: 189.046 Executing VM operation: Cleanup
Event: 189.046 Executing VM operation: Cleanup done
Event: 190.061 Executing VM operation: Cleanup
Event: 190.061 Executing VM operation: Cleanup done
Event: 192.072 Executing VM operation: Cleanup
Event: 192.072 Executing VM operation: Cleanup done
Event: 194.086 Executing VM operation: Cleanup
Event: 194.117 Executing VM operation: Cleanup done
Event: 195.130 Executing VM operation: Cleanup
Event: 195.130 Executing VM operation: Cleanup done
Event: 196.135 Executing VM operation: Cleanup
Event: 196.135 Executing VM operation: Cleanup done

Events (20 events):
Event: 125.029 Thread 0x0000015a7a5cfae0 flushing nmethod 0x0000015a685e1990
Event: 125.029 Thread 0x0000015a7a5cfae0 flushing nmethod 0x0000015a685e2790
Event: 125.029 Thread 0x0000015a7a5cfae0 flushing nmethod 0x0000015a685e5590
Event: 125.029 Thread 0x0000015a7a5cfae0 flushing nmethod 0x0000015a685f0290
Event: 125.029 Thread 0x0000015a7a5cfae0 flushing nmethod 0x0000015a685f7e10
Event: 125.029 Thread 0x0000015a7a5cfae0 flushing nmethod 0x0000015a68628290
Event: 125.030 Thread 0x0000015a7a5cfae0 flushing nmethod 0x0000015a6876c610
Event: 125.030 Thread 0x0000015a7a5cfae0 flushing nmethod 0x0000015a68773790
Event: 125.030 Thread 0x0000015a7a5cfae0 flushing nmethod 0x0000015a68773b90
Event: 125.030 Thread 0x0000015a7a5cfae0 flushing nmethod 0x0000015a68775110
Event: 125.030 Thread 0x0000015a7a5cfae0 flushing nmethod 0x0000015a68775a90
Event: 178.834 Thread 0x0000015a16521040 Thread added: 0x0000015a16521040
Event: 178.834 Thread 0x0000015a16527070 Thread added: 0x0000015a16527070
Event: 178.834 Thread 0x0000015a165238c0 Thread added: 0x0000015a165238c0
Event: 181.290 Thread 0x0000015a16525c30 Thread added: 0x0000015a16525c30
Event: 181.294 Thread 0x0000015a16521f70 Thread added: 0x0000015a16521f70
Event: 181.296 Thread 0x0000015a165242e0 Thread added: 0x0000015a165242e0
Event: 194.143 Thread 0x0000015a16527580 Thread added: 0x0000015a16527580
Event: 194.145 Thread 0x0000015a16522480 Thread added: 0x0000015a16522480
Event: 194.147 Thread 0x0000015a165289c0 Thread added: 0x0000015a165289c0


Dynamic libraries:
0x00007ff6c28a0000 - 0x00007ff6c28ae000 	C:\Users\dat\.jdks\corretto-17.0.12\bin\java.exe
0x00007ffe60990000 - 0x00007ffe60b88000 	C:\Windows\SYSTEM32\ntdll.dll
0x00007ffe5f7a0000 - 0x00007ffe5f85f000 	C:\Windows\System32\KERNEL32.DLL
0x00007ffe5e650000 - 0x00007ffe5e946000 	C:\Windows\System32\KERNELBASE.dll
0x00007ffe5e450000 - 0x00007ffe5e550000 	C:\Windows\System32\ucrtbase.dll
0x00007ffe52690000 - 0x00007ffe526a7000 	C:\Users\dat\.jdks\corretto-17.0.12\bin\jli.dll
0x00007ffe5fa00000 - 0x00007ffe5fb9d000 	C:\Windows\System32\USER32.dll
0x00007ffe5e130000 - 0x00007ffe5e152000 	C:\Windows\System32\win32u.dll
0x00007ffe5f300000 - 0x00007ffe5f32c000 	C:\Windows\System32\GDI32.dll
0x00007ffe5e2c0000 - 0x00007ffe5e3d5000 	C:\Windows\System32\gdi32full.dll
0x00007ffe5e950000 - 0x00007ffe5e9ed000 	C:\Windows\System32\msvcp_win.dll
0x00007ffe4ee50000 - 0x00007ffe4f0ea000 	C:\Windows\WinSxS\amd64_microsoft.windows.common-controls_6595b64144ccf1df_6.0.19041.1110_none_60b5254171f9507e\COMCTL32.dll
0x00007ffe5f8f0000 - 0x00007ffe5f98e000 	C:\Windows\System32\msvcrt.dll
0x00007ffe55600000 - 0x00007ffe5561b000 	C:\Users\dat\.jdks\corretto-17.0.12\bin\VCRUNTIME140.dll
0x00007ffe5fd70000 - 0x00007ffe5fda0000 	C:\Windows\System32\IMM32.DLL
0x00007ffe57ae0000 - 0x00007ffe57aec000 	C:\Users\dat\.jdks\corretto-17.0.12\bin\vcruntime140_1.dll
0x00007ffe39730000 - 0x00007ffe397bd000 	C:\Users\dat\.jdks\corretto-17.0.12\bin\msvcp140.dll
0x00007ffe1f210000 - 0x00007ffe1fe7a000 	C:\Users\dat\.jdks\corretto-17.0.12\bin\server\jvm.dll
0x00007ffe5eaf0000 - 0x00007ffe5eb9f000 	C:\Windows\System32\ADVAPI32.dll
0x00007ffe5ea50000 - 0x00007ffe5eaec000 	C:\Windows\System32\sechost.dll
0x00007ffe601d0000 - 0x00007ffe602f6000 	C:\Windows\System32\RPCRT4.dll
0x00007ffe5f990000 - 0x00007ffe5f9fb000 	C:\Windows\System32\WS2_32.dll
0x00007ffe5d630000 - 0x00007ffe5d67b000 	C:\Windows\SYSTEM32\POWRPROF.dll
0x00007ffe50bb0000 - 0x00007ffe50bd7000 	C:\Windows\SYSTEM32\WINMM.dll
0x00007ffe4f1a0000 - 0x00007ffe4f1aa000 	C:\Windows\SYSTEM32\VERSION.dll
0x00007ffe5d4a0000 - 0x00007ffe5d4b2000 	C:\Windows\SYSTEM32\UMPDC.dll
0x00007ffe5bf20000 - 0x00007ffe5bf32000 	C:\Windows\SYSTEM32\kernel.appcore.dll
0x00007ffe57320000 - 0x00007ffe5732a000 	C:\Users\dat\.jdks\corretto-17.0.12\bin\jimage.dll
0x00007ffe5b7e0000 - 0x00007ffe5b9c4000 	C:\Windows\SYSTEM32\DBGHELP.DLL
0x00007ffe47d10000 - 0x00007ffe47d44000 	C:\Windows\SYSTEM32\dbgcore.DLL
0x00007ffe5e0a0000 - 0x00007ffe5e122000 	C:\Windows\System32\bcryptPrimitives.dll
0x00007ffe56610000 - 0x00007ffe5661e000 	C:\Users\dat\.jdks\corretto-17.0.12\bin\instrument.dll
0x00007ffe524d0000 - 0x00007ffe524f5000 	C:\Users\dat\.jdks\corretto-17.0.12\bin\java.dll
0x00007ffe34700000 - 0x00007ffe347d7000 	C:\Users\dat\.jdks\corretto-17.0.12\bin\jsvml.dll
0x00007ffe5ebb0000 - 0x00007ffe5f2f4000 	C:\Windows\System32\SHELL32.dll
0x00007ffe5c120000 - 0x00007ffe5c8b3000 	C:\Windows\SYSTEM32\windows.storage.dll
0x00007ffe60590000 - 0x00007ffe608e4000 	C:\Windows\System32\combase.dll
0x00007ffe5dac0000 - 0x00007ffe5daee000 	C:\Windows\SYSTEM32\Wldp.dll
0x00007ffe5fba0000 - 0x00007ffe5fc4d000 	C:\Windows\System32\SHCORE.dll
0x00007ffe5ff20000 - 0x00007ffe5ff75000 	C:\Windows\System32\shlwapi.dll
0x00007ffe5dfb0000 - 0x00007ffe5dfcf000 	C:\Windows\SYSTEM32\profapi.dll
0x00007ffe52670000 - 0x00007ffe52688000 	C:\Users\dat\.jdks\corretto-17.0.12\bin\zip.dll
0x00007ffe50960000 - 0x00007ffe50979000 	C:\Users\dat\.jdks\corretto-17.0.12\bin\net.dll
0x00007ffe56b10000 - 0x00007ffe56c1a000 	C:\Windows\SYSTEM32\WINHTTP.dll
0x00007ffe5d820000 - 0x00007ffe5d88a000 	C:\Windows\system32\mswsock.dll
0x00007ffe502b0000 - 0x00007ffe502c6000 	C:\Users\dat\.jdks\corretto-17.0.12\bin\nio.dll
0x00007ffe55a30000 - 0x00007ffe55a40000 	C:\Users\dat\.jdks\corretto-17.0.12\bin\verify.dll
0x00007ffe49740000 - 0x00007ffe49767000 	D:\codegym\module3\demo\native\c067742578af261105cb4f569cf0c3c89f3d7b1fecec35dd04571415982c5e48\windows-amd64\native-platform.dll
0x00007ffe31ca0000 - 0x00007ffe31de4000 	D:\codegym\module3\demo\native\100fb08df4bc3b14c8652ba06237920a3bd2aa13389f12d3474272988ae205f9\windows-amd64\native-platform-file-events.dll
0x00007ffe555f0000 - 0x00007ffe555f9000 	C:\Users\dat\.jdks\corretto-17.0.12\bin\management.dll
0x00007ffe53b90000 - 0x00007ffe53b9b000 	C:\Users\dat\.jdks\corretto-17.0.12\bin\management_ext.dll
0x00007ffe601c0000 - 0x00007ffe601c8000 	C:\Windows\System32\PSAPI.DLL
0x00007ffe5da10000 - 0x00007ffe5da28000 	C:\Windows\SYSTEM32\CRYPTSP.dll
0x00007ffe5d0d0000 - 0x00007ffe5d104000 	C:\Windows\system32\rsaenh.dll
0x00007ffe5e070000 - 0x00007ffe5e097000 	C:\Windows\System32\bcrypt.dll
0x00007ffe5df30000 - 0x00007ffe5df5e000 	C:\Windows\SYSTEM32\USERENV.dll
0x00007ffe5da30000 - 0x00007ffe5da3c000 	C:\Windows\SYSTEM32\CRYPTBASE.dll
0x00007ffe5d4c0000 - 0x00007ffe5d4fc000 	C:\Windows\SYSTEM32\IPHLPAPI.DLL
0x00007ffe5eba0000 - 0x00007ffe5eba8000 	C:\Windows\System32\NSI.dll
0x00007ffe56880000 - 0x00007ffe56897000 	C:\Windows\SYSTEM32\dhcpcsvc6.DLL
0x00007ffe56860000 - 0x00007ffe5687d000 	C:\Windows\SYSTEM32\dhcpcsvc.DLL
0x00007ffe5d510000 - 0x00007ffe5d5da000 	C:\Windows\SYSTEM32\DNSAPI.dll
0x00007ffe52470000 - 0x00007ffe52479000 	C:\Users\dat\.jdks\corretto-17.0.12\bin\extnet.dll
0x00007ffe52310000 - 0x00007ffe5231e000 	C:\Users\dat\.jdks\corretto-17.0.12\bin\sunmscapi.dll
0x00007ffe5e160000 - 0x00007ffe5e2be000 	C:\Windows\System32\CRYPT32.dll
0x00007ffe5db30000 - 0x00007ffe5db58000 	C:\Windows\SYSTEM32\ncrypt.dll
0x00007ffe5daf0000 - 0x00007ffe5db2b000 	C:\Windows\SYSTEM32\NTASN1.dll
0x00007ffe57ac0000 - 0x00007ffe57ac7000 	C:\Windows\system32\wshunix.dll

dbghelp: loaded successfully - version: 4.0.5 - missing functions: none
symbol engine: initialized successfully - sym options: 0x614 - pdb path: .;C:\Users\dat\.jdks\corretto-17.0.12\bin;C:\Windows\SYSTEM32;C:\Windows\WinSxS\amd64_microsoft.windows.common-controls_6595b64144ccf1df_6.0.19041.1110_none_60b5254171f9507e;C:\Users\dat\.jdks\corretto-17.0.12\bin\server;D:\codegym\module3\demo\native\c067742578af261105cb4f569cf0c3c89f3d7b1fecec35dd04571415982c5e48\windows-amd64;D:\codegym\module3\demo\native\100fb08df4bc3b14c8652ba06237920a3bd2aa13389f12d3474272988ae205f9\windows-amd64

VM Arguments:
jvm_args: --add-opens=java.base/java.lang=ALL-UNNAMED --add-opens=java.base/java.lang.invoke=ALL-UNNAMED --add-opens=java.base/java.util=ALL-UNNAMED --add-opens=java.prefs/java.util.prefs=ALL-UNNAMED --add-exports=jdk.compiler/com.sun.tools.javac.api=ALL-UNNAMED --add-exports=jdk.compiler/com.sun.tools.javac.util=ALL-UNNAMED --add-opens=java.base/java.util=ALL-UNNAMED --add-opens=java.prefs/java.util.prefs=ALL-UNNAMED --add-opens=java.base/java.nio.charset=ALL-UNNAMED --add-opens=java.base/java.net=ALL-UNNAMED --add-opens=java.base/java.util.concurrent.atomic=ALL-UNNAMED --add-opens=java.xml/javax.xml.namespace=ALL-UNNAMED -XX:MaxMetaspaceSize=384m -XX:+HeapDumpOnOutOfMemoryError -Xms256m -Xmx512m -Dfile.encoding=UTF-8 -Duser.country=US -Duser.language=en -Duser.variant -javaagent:D:\codegym\module3\demo\wrapper\dists\gradle-8.11.1-bin\bpt9gzteqjrbo1mjrsomdt32c\gradle-8.11.1\lib\agents\gradle-instrumentation-agent-8.11.1.jar 
java_command: org.gradle.launcher.daemon.bootstrap.GradleDaemon 8.11.1
java_class_path (initial): D:\codegym\module3\demo\wrapper\dists\gradle-8.11.1-bin\bpt9gzteqjrbo1mjrsomdt32c\gradle-8.11.1\lib\gradle-daemon-main-8.11.1.jar
Launcher Type: SUN_STANDARD

[Global flags]
     intx CICompilerCount                          = 3                                         {product} {ergonomic}
   size_t CompressedClassSpaceSize                 = 335544320                                 {product} {ergonomic}
     uint ConcGCThreads                            = 1                                         {product} {ergonomic}
     uint G1ConcRefinementThreads                  = 4                                         {product} {ergonomic}
   size_t G1HeapRegionSize                         = 1048576                                   {product} {ergonomic}
    uintx GCDrainStackTargetSize                   = 64                                        {product} {ergonomic}
     bool HeapDumpOnOutOfMemoryError               = true                                   {manageable} {command line}
   size_t InitialHeapSize                          = 268435456                                 {product} {command line}
   size_t MarkStackSize                            = 4194304                                   {product} {ergonomic}
   size_t MaxHeapSize                              = 536870912                                 {product} {command line}
   size_t MaxMetaspaceSize                         = 402653184                                 {product} {command line}
   size_t MaxNewSize                               = 321912832                                 {product} {ergonomic}
   size_t MinHeapDeltaBytes                        = 1048576                                   {product} {ergonomic}
   size_t MinHeapSize                              = 268435456                                 {product} {command line}
    uintx NonNMethodCodeHeapSize                   = 5832780                                {pd product} {ergonomic}
    uintx NonProfiledCodeHeapSize                  = 122912730                              {pd product} {ergonomic}
    uintx ProfiledCodeHeapSize                     = 122912730                              {pd product} {ergonomic}
    uintx ReservedCodeCacheSize                    = 251658240                              {pd product} {ergonomic}
     bool SegmentedCodeCache                       = true                                      {product} {ergonomic}
   size_t SoftMaxHeapSize                          = 536870912                              {manageable} {ergonomic}
     bool UseCompressedClassPointers               = true                           {product lp64_product} {ergonomic}
     bool UseCompressedOops                        = true                           {product lp64_product} {ergonomic}
     bool UseG1GC                                  = true                                      {product} {ergonomic}
     bool UseLargePagesIndividualAllocation        = false                                  {pd product} {ergonomic}

Logging:
Log output configuration:
 #0: stdout all=warning uptime,level,tags
 #1: stderr all=off uptime,level,tags

Environment Variables:
PATH=C:\Program Files\Python311\Scripts\;C:\Program Files\Python311\;C:\Windows\system32;C:\Windows;C:\Windows\System32\Wbem;C:\Windows\System32\WindowsPowerShell\v1.0\;C:\Windows\System32\OpenSSH\;C:\Program Files\dotnet\;C:\Program Files\Git\cmd;C:\Program Files\MySQL\MySQL Shell 8.0\bin\;C:\Users\dat\AppData\Local\Programs\Python\Python312\Scripts\;C:\Users\dat\AppData\Local\Programs\Python\Python312\;C:\Users\dat\AppData\Local\Microsoft\WindowsApps;C:\Users\dat\.dotnet\tools;C:\Users\dat\AppData\Local\Programs\Microsoft VS Code\bin;C:\Users\dat\AppData\Local\GitHubDesktop\bin
USERNAME=dat
OS=Windows_NT
PROCESSOR_IDENTIFIER=Intel64 Family 6 Model 61 Stepping 4, GenuineIntel
TMP=C:\Users\dat\AppData\Local\Temp
TEMP=C:\Users\dat\AppData\Local\Temp



Periodic native trim disabled


---------------  S Y S T E M  ---------------

OS:
 Windows 10 , 64 bit Build 19041 (10.0.19041.3031)
OS uptime: 12 days 8:32 hours

CPU: total 4 (initial active 4) (2 cores per cpu, 2 threads per core) family 6 model 61 stepping 4 microcode 0x2d, cx8, cmov, fxsr, ht, mmx, 3dnowpref, sse, sse2, sse3, ssse3, sse4.1, sse4.2, popcnt, lzcnt, tsc, tscinvbit, avx, avx2, aes, erms, clmul, bmi1, bmi2, adx, fma, vzeroupper, clflush
Processor Information for all 4 processors :
  Max Mhz: 2195, Current Mhz: 2195, Mhz Limit: 2195

Memory: 4k page, system-wide physical 8097M (73M free)
TotalPageFile size 17471M (AvailPageFile size 15M)
current process WorkingSet (physical memory assigned to process): 203M, peak: 275M
current process commit charge ("private bytes"): 443M, peak: 460M

vm_info: OpenJDK 64-Bit Server VM (17.0.12+7-LTS) for windows-amd64 JRE (17.0.12+7-LTS), built on Jul 10 2024 20:46:33 by "Administrator" with MS VC++ 16.10 / 16.11 (VS2019)

END.
